
  ==========================================
  Studio Pro version: 9.5.18
  Started at: 11/9/2023, 8:02:47
  ==========================================
  

[2023-09-11T13:02:49.539Z] : [success]: Robot saved successfully

[2023-09-11T13:04:33.152Z] : [warn]: There is a small amount of free memory (RAM) left, 91.71% of RAM is being used (7228 MBs). The performance of Studio Pro and bots during execution may be unstable. Close applications that are not being used, increase the memory, or optimize the workflow.

[2023-09-11T13:06:03.117Z] : [warn]: There is a small amount of free memory (RAM) left, 93.85% of RAM is being used (7396 MBs). The performance of Studio Pro and bots during execution may be unstable. Close applications that are not being used, increase the memory, or optimize the workflow.

[2023-09-11T13:19:04.082Z] : [success]: Robot saved successfully

[2023-09-11T13:28:08.561Z] : [success]: Robot saved successfully

[2023-09-11T13:30:29.367Z] : [success]: Robot saved successfully

[2023-09-11T13:32:46.251Z] : [success]: Robot saved successfully

[2023-09-11T13:34:04.272Z] : [success]: Robot saved successfully

[2023-09-11T13:34:17.814Z] : [success]: Bot started

[2023-09-11T13:34:17.818Z] : [info]: Robot start

[2023-09-11T13:34:33.420Z] : [success]: Bot finished successfully, total execution time: 15s 597ms

[2023-09-11T13:34:33.423Z] : [info]: ---------------------------------------------

[2023-09-11T13:34:59.204Z] : [success]: Robot saved successfully

[2023-09-11T13:35:11.081Z] : [success]: Bot started

[2023-09-11T13:35:11.083Z] : [info]: Robot start

[2023-09-11T13:35:23.630Z] : [success]: Bot finished successfully, total execution time: 12s 542ms

[2023-09-11T13:35:23.632Z] : [info]: ---------------------------------------------

[2023-09-11T13:36:08.006Z] : [success]: Robot saved successfully

[2023-09-11T13:36:28.963Z] : [success]: Bot started

[2023-09-11T13:36:28.964Z] : [info]: Robot start

[2023-09-11T13:36:41.680Z] : [success]: Bot finished successfully, total execution time: 12s 712ms

[2023-09-11T13:36:41.683Z] : [info]: ---------------------------------------------

[2023-09-11T13:37:44.233Z] : [success]: Robot saved successfully

[2023-09-11T13:37:55.176Z] : [success]: Robot saved successfully

[2023-09-11T13:38:07.423Z] : [success]: Bot started

[2023-09-11T13:38:07.427Z] : [info]: Robot start

[2023-09-11T13:38:20.942Z] : [success]: Bot finished successfully, total execution time: 13s 510ms

[2023-09-11T13:38:20.945Z] : [info]: ---------------------------------------------

[2023-09-11T13:38:35.232Z] : [success]: Robot saved successfully

[2023-09-11T13:38:45.139Z] : [success]: Bot started

[2023-09-11T13:38:45.140Z] : [info]: Robot start

[2023-09-11T13:39:03.381Z] : [success]: Bot finished successfully, total execution time: 18s 237ms

[2023-09-11T13:39:03.383Z] : [info]: ---------------------------------------------

[2023-09-11T13:39:36.988Z] : [success]: Robot saved successfully

[2023-09-11T13:39:53.802Z] : [success]: Robot saved successfully

[2023-09-11T13:40:05.167Z] : [success]: Bot started

[2023-09-11T13:40:05.170Z] : [info]: Robot start

[2023-09-11T13:40:22.168Z] : [success]: Bot finished successfully, total execution time: 16s 995ms

[2023-09-11T13:40:22.171Z] : [info]: ---------------------------------------------

[2023-09-11T13:42:15.738Z] : [success]: Robot saved successfully

[2023-09-11T14:37:33.179Z] : [warn]: There is a small amount of free memory (RAM) left, 90.15% of RAM is being used (7105 MBs). The performance of Studio Pro and bots during execution may be unstable. Close applications that are not being used, increase the memory, or optimize the workflow.

[2023-09-11T14:41:03.088Z] : [warn]: There is a small amount of free memory (RAM) left, 90.13% of RAM is being used (7103 MBs). The performance of Studio Pro and bots during execution may be unstable. Close applications that are not being used, increase the memory, or optimize the workflow.

[2023-09-11T14:45:03.121Z] : [warn]: There is a small amount of free memory (RAM) left, 90.14% of RAM is being used (7104 MBs). The performance of Studio Pro and bots during execution may be unstable. Close applications that are not being used, increase the memory, or optimize the workflow.

[2023-09-11T14:48:03.161Z] : [warn]: There is a small amount of free memory (RAM) left, 90.76% of RAM is being used (7153 MBs). The performance of Studio Pro and bots during execution may be unstable. Close applications that are not being used, increase the memory, or optimize the workflow.

[2023-09-11T14:53:33.228Z] : [warn]: There is a small amount of free memory (RAM) left, 91.05% of RAM is being used (7176 MBs). The performance of Studio Pro and bots during execution may be unstable. Close applications that are not being used, increase the memory, or optimize the workflow.

[2023-09-11T14:56:33.265Z] : [warn]: There is a small amount of free memory (RAM) left, 91.79% of RAM is being used (7234 MBs). The performance of Studio Pro and bots during execution may be unstable. Close applications that are not being used, increase the memory, or optimize the workflow.

[2023-09-11T14:59:33.151Z] : [warn]: There is a small amount of free memory (RAM) left, 91.83% of RAM is being used (7237 MBs). The performance of Studio Pro and bots during execution may be unstable. Close applications that are not being used, increase the memory, or optimize the workflow.

[2023-09-11T15:01:03.098Z] : [warn]: There is a small amount of free memory (RAM) left, 92.6% of RAM is being used (7298 MBs). The performance of Studio Pro and bots during execution may be unstable. Close applications that are not being used, increase the memory, or optimize the workflow.

[2023-09-11T15:04:03.159Z] : [warn]: There is a small amount of free memory (RAM) left, 94.35% of RAM is being used (7436 MBs). The performance of Studio Pro and bots during execution may be unstable. Close applications that are not being used, increase the memory, or optimize the workflow.

[2023-09-11T15:05:33.179Z] : [warn]: There is a small amount of free memory (RAM) left, 93.87% of RAM is being used (7398 MBs). The performance of Studio Pro and bots during execution may be unstable. Close applications that are not being used, increase the memory, or optimize the workflow.

[2023-09-11T15:08:33.235Z] : [warn]: There is a small amount of free memory (RAM) left, 91.93% of RAM is being used (7245 MBs). The performance of Studio Pro and bots during execution may be unstable. Close applications that are not being used, increase the memory, or optimize the workflow.

[2023-09-11T15:11:33.162Z] : [warn]: There is a small amount of free memory (RAM) left, 90.99% of RAM is being used (7171 MBs). The performance of Studio Pro and bots during execution may be unstable. Close applications that are not being used, increase the memory, or optimize the workflow.

