
  ==========================================
  Studio Pro version: 9.5.18
  Started at: 28/8/2023, 10:33:26
  ==========================================
  

[2023-08-28T15:50:28.838Z] : [success]: Robot saved successfully

[2023-08-28T15:50:34.680Z] : [info]: ---------------------------------------------

[2023-08-28T15:50:34.682Z] : [success]: Bot started

[2023-08-28T15:50:34.683Z] : [info]: Robot start

[2023-08-28T15:50:41.052Z] : [error]: Intellidocs: Token not found

[2023-08-28T15:50:41.331Z] : [info]: Total execution time: 6s 367ms

[2023-08-28T15:50:41.332Z] : [info]: ---------------------------------------------

[2023-08-28T16:57:34.934Z] : [success]: Robot saved successfully

[2023-08-28T16:57:41.067Z] : [success]: Bot started

[2023-08-28T16:57:41.069Z] : [info]: Robot start

[2023-08-28T16:57:46.427Z] : [error]: Intellidocs: Token not found

[2023-08-28T16:57:46.675Z] : [info]: Total execution time: 5s 356ms

[2023-08-28T16:57:46.677Z] : [info]: ---------------------------------------------

[2023-08-28T16:57:54.779Z] : [success]: Robot saved successfully

[2023-08-28T16:58:00.038Z] : [success]: Bot started

[2023-08-28T16:58:00.040Z] : [info]: Robot start

[2023-08-28T17:00:35.942Z] : [success]: Bot finished successfully, total execution time: 2m 35s 898ms

[2023-08-28T17:00:35.945Z] : [info]: ---------------------------------------------

[2023-08-28T22:47:01.306Z] : [warn]: There is a small amount of free memory (RAM) left, 91.18% of RAM is being used (7186 MBs). The performance of Studio Pro and bots during execution may be unstable. Close applications that are not being used, increase the memory, or optimize the workflow.

[2023-08-29T13:21:01.277Z] : [warn]: There is a small amount of free memory (RAM) left, 91.5% of RAM is being used (7211 MBs). The performance of Studio Pro and bots during execution may be unstable. Close applications that are not being used, increase the memory, or optimize the workflow.

[2023-08-29T13:36:31.253Z] : [warn]: There is a small amount of free memory (RAM) left, 93.62% of RAM is being used (7378 MBs). The performance of Studio Pro and bots during execution may be unstable. Close applications that are not being used, increase the memory, or optimize the workflow.

[2023-08-29T14:08:51.969Z] : [success]: Robot saved successfully

[2023-08-29T14:08:57.413Z] : [success]: Bot started

[2023-08-29T14:08:57.415Z] : [info]: Robot start

[2023-08-29T14:09:56.652Z] : [error]: The "path" argument must be of type string. Received an instance of Array

[2023-08-29T14:09:56.955Z] : [info]: Total execution time: 59s 234ms

[2023-08-29T14:09:56.957Z] : [info]: ---------------------------------------------

[2023-08-29T14:10:55.774Z] : [success]: Robot saved successfully

[2023-08-29T14:10:55.890Z] : [success]: Bot started

[2023-08-29T14:10:55.892Z] : [info]: Robot start

[2023-08-29T14:11:11.309Z] : [error]: Canceled by user

[2023-08-29T14:11:11.704Z] : [info]: Total execution time: 15s 416ms

[2023-08-29T14:11:11.706Z] : [info]: ---------------------------------------------

[2023-08-29T14:12:01.272Z] : [warn]: There is a small amount of free memory (RAM) left, 90.88% of RAM is being used (7162 MBs). The performance of Studio Pro and bots during execution may be unstable. Close applications that are not being used, increase the memory, or optimize the workflow.

[2023-08-29T14:15:01.313Z] : [warn]: There is a small amount of free memory (RAM) left, 92.65% of RAM is being used (7302 MBs). The performance of Studio Pro and bots during execution may be unstable. Close applications that are not being used, increase the memory, or optimize the workflow.

[2023-08-29T14:20:31.250Z] : [warn]: There is a small amount of free memory (RAM) left, 90.88% of RAM is being used (7162 MBs). The performance of Studio Pro and bots during execution may be unstable. Close applications that are not being used, increase the memory, or optimize the workflow.

[2023-08-29T14:22:16.105Z] : [success]: Robot saved successfully

[2023-08-29T14:22:21.597Z] : [success]: Bot started

[2023-08-29T14:22:21.600Z] : [info]: Robot start

[2023-08-29T14:22:25.837Z] : [error]: pdf_content is not defined

[2023-08-29T14:22:26.263Z] : [info]: Total execution time: 4s 237ms

[2023-08-29T14:22:26.266Z] : [info]: ---------------------------------------------

[2023-08-29T14:23:45.293Z] : [success]: Robot saved successfully

[2023-08-29T14:23:58.175Z] : [success]: Robot saved successfully

[2023-08-29T14:24:04.053Z] : [success]: Bot started

[2023-08-29T14:24:04.055Z] : [info]: Robot start

[2023-08-29T14:24:14.742Z] : [success]: Bot finished successfully, total execution time: 10s 682ms

[2023-08-29T14:24:14.745Z] : [info]: ---------------------------------------------

[2023-08-29T14:24:28.549Z] : [success]: Robot saved successfully

[2023-08-29T14:24:33.027Z] : [success]: Bot started

[2023-08-29T14:24:33.029Z] : [info]: Robot start

[2023-08-29T14:25:51.743Z] : [success]: Bot finished successfully, total execution time: 1m 18s 708ms

[2023-08-29T14:25:51.746Z] : [info]: ---------------------------------------------

[2023-08-29T14:28:25.390Z] : [success]: Robot saved successfully

[2023-08-29T14:28:29.778Z] : [success]: Bot started

[2023-08-29T14:28:29.781Z] : [info]: Robot start

[2023-08-29T14:28:39.122Z] : [success]: Bot finished successfully, total execution time: 9s 338ms

[2023-08-29T14:28:39.125Z] : [info]: ---------------------------------------------

[2023-08-29T14:28:55.183Z] : [success]: Robot saved successfully

[2023-08-29T14:29:00.323Z] : [success]: Bot started

[2023-08-29T14:29:00.326Z] : [info]: Robot start

[2023-08-29T14:29:24.985Z] : [success]: Bot finished successfully, total execution time: 24s 652ms

[2023-08-29T14:29:24.987Z] : [info]: ---------------------------------------------

[2023-08-29T14:30:41.621Z] : [success]: Robot saved successfully

[2023-08-29T14:30:47.305Z] : [success]: Bot started

[2023-08-29T14:30:47.308Z] : [info]: Robot start

[2023-08-29T14:30:56.939Z] : [success]: Bot finished successfully, total execution time: 9s 626ms

[2023-08-29T14:30:56.943Z] : [info]: ---------------------------------------------

[2023-08-29T14:33:21.091Z] : [success]: Robot saved successfully

[2023-08-29T14:33:27.523Z] : [success]: Bot started

[2023-08-29T14:33:27.526Z] : [info]: Robot start

[2023-08-29T14:33:35.841Z] : [success]: Bot finished successfully, total execution time: 8s 310ms

[2023-08-29T14:33:35.844Z] : [info]: ---------------------------------------------

[2023-08-29T14:34:00.014Z] : [success]: Robot saved successfully

[2023-08-29T14:34:06.334Z] : [success]: Bot started

[2023-08-29T14:34:06.336Z] : [info]: Robot start

[2023-08-29T14:34:16.692Z] : [success]: Bot finished successfully, total execution time: 10s 351ms

[2023-08-29T14:34:16.695Z] : [info]: ---------------------------------------------

[2023-08-29T14:34:28.250Z] : [success]: Bot started

[2023-08-29T14:34:28.252Z] : [info]: Robot start

[2023-08-29T14:35:05.176Z] : [success]: Bot finished successfully, total execution time: 36s 920ms

[2023-08-29T14:35:05.181Z] : [info]: ---------------------------------------------

[2023-08-29T14:35:19.830Z] : [success]: Robot saved successfully

[2023-08-29T14:35:25.410Z] : [success]: Bot started

[2023-08-29T14:35:25.412Z] : [info]: Robot start

[2023-08-29T14:35:36.802Z] : [success]: Bot finished successfully, total execution time: 11s 386ms

[2023-08-29T14:35:36.806Z] : [info]: ---------------------------------------------

[2023-08-29T14:36:23.280Z] : [success]: Robot saved successfully

[2023-08-29T14:36:28.883Z] : [success]: Bot started

[2023-08-29T14:36:28.885Z] : [info]: Robot start

[2023-08-29T14:36:38.588Z] : [success]: Bot finished successfully, total execution time: 9s 699ms

[2023-08-29T14:36:38.591Z] : [info]: ---------------------------------------------

[2023-08-29T14:38:02.606Z] : [success]: Robot saved successfully

[2023-08-29T14:38:08.139Z] : [success]: Bot started

[2023-08-29T14:38:08.142Z] : [info]: Robot start

[2023-08-29T14:38:18.458Z] : [success]: Bot finished successfully, total execution time: 10s 311ms

[2023-08-29T14:38:18.463Z] : [info]: ---------------------------------------------

[2023-08-29T14:38:35.462Z] : [success]: Robot saved successfully

[2023-08-29T14:38:40.793Z] : [success]: Bot started

[2023-08-29T14:38:40.794Z] : [info]: Robot start

[2023-08-29T14:38:49.159Z] : [success]: Bot finished successfully, total execution time: 8s 361ms

[2023-08-29T14:38:49.162Z] : [info]: ---------------------------------------------

[2023-08-29T14:39:09.889Z] : [success]: Robot saved successfully

[2023-08-29T14:39:14.365Z] : [success]: Bot started

[2023-08-29T14:39:14.367Z] : [info]: Robot start

[2023-08-29T14:39:28.795Z] : [success]: Bot finished successfully, total execution time: 14s 423ms

[2023-08-29T14:39:28.798Z] : [info]: ---------------------------------------------

[2023-08-29T14:39:52.011Z] : [success]: Robot saved successfully

[2023-08-29T14:39:57.684Z] : [success]: Bot started

[2023-08-29T14:39:57.687Z] : [info]: Robot start

[2023-08-29T14:40:07.118Z] : [success]: Bot finished successfully, total execution time: 9s 426ms

[2023-08-29T14:40:07.121Z] : [info]: ---------------------------------------------

[2023-08-29T14:43:32.036Z] : [success]: Robot saved successfully

[2023-08-29T14:43:39.687Z] : [success]: Bot started

[2023-08-29T14:43:39.689Z] : [info]: Robot start

[2023-08-29T14:43:53.730Z] : [success]: Bot finished successfully, total execution time: 14s 36ms

[2023-08-29T14:43:53.732Z] : [info]: ---------------------------------------------

[2023-08-29T14:45:31.280Z] : [warn]: There is a small amount of free memory (RAM) left, 90.57% of RAM is being used (7138 MBs). The performance of Studio Pro and bots during execution may be unstable. Close applications that are not being used, increase the memory, or optimize the workflow.

[2023-08-29T14:46:31.253Z] : [warn]: There is a small amount of free memory (RAM) left, 90.57% of RAM is being used (7138 MBs). The performance of Studio Pro and bots during execution may be unstable. Close applications that are not being used, increase the memory, or optimize the workflow.

[2023-08-29T14:47:31.250Z] : [warn]: There is a small amount of free memory (RAM) left, 91.51% of RAM is being used (7212 MBs). The performance of Studio Pro and bots during execution may be unstable. Close applications that are not being used, increase the memory, or optimize the workflow.

[2023-08-29T14:52:01.255Z] : [warn]: There is a small amount of free memory (RAM) left, 90.8% of RAM is being used (7156 MBs). The performance of Studio Pro and bots during execution may be unstable. Close applications that are not being used, increase the memory, or optimize the workflow.

[2023-08-29T15:35:31.262Z] : [warn]: There is a small amount of free memory (RAM) left, 90.45% of RAM is being used (7128 MBs). The performance of Studio Pro and bots during execution may be unstable. Close applications that are not being used, increase the memory, or optimize the workflow.

[2023-08-29T15:54:01.249Z] : [warn]: There is a small amount of free memory (RAM) left, 90.41% of RAM is being used (7125 MBs). The performance of Studio Pro and bots during execution may be unstable. Close applications that are not being used, increase the memory, or optimize the workflow.

[2023-08-29T16:13:01.254Z] : [warn]: There is a small amount of free memory (RAM) left, 90.42% of RAM is being used (7126 MBs). The performance of Studio Pro and bots during execution may be unstable. Close applications that are not being used, increase the memory, or optimize the workflow.

[2023-08-29T16:16:01.300Z] : [warn]: There is a small amount of free memory (RAM) left, 93.57% of RAM is being used (7374 MBs). The performance of Studio Pro and bots during execution may be unstable. Close applications that are not being used, increase the memory, or optimize the workflow.

[2023-08-29T19:14:30.587Z] : [warn]: There is a small amount of free memory (RAM) left, 90.12% of RAM is being used (7102 MBs). The performance of Studio Pro and bots during execution may be unstable. Close applications that are not being used, increase the memory, or optimize the workflow.

[2023-08-29T19:16:01.241Z] : [warn]: There is a small amount of free memory (RAM) left, 91.05% of RAM is being used (7176 MBs). The performance of Studio Pro and bots during execution may be unstable. Close applications that are not being used, increase the memory, or optimize the workflow.

[2023-08-29T19:17:31.253Z] : [warn]: There is a small amount of free memory (RAM) left, 92.89% of RAM is being used (7321 MBs). The performance of Studio Pro and bots during execution may be unstable. Close applications that are not being used, increase the memory, or optimize the workflow.

[2023-08-29T20:42:01.236Z] : [warn]: There is a small amount of free memory (RAM) left, 92.04% of RAM is being used (7254 MBs). The performance of Studio Pro and bots during execution may be unstable. Close applications that are not being used, increase the memory, or optimize the workflow.

[2023-08-30T04:08:50.619Z] : [success]: Robot saved successfully

