
  ==========================================
  Studio Pro version: 9.5.18
  Started at: 4/9/2023, 14:54:23
  ==========================================
  

[2023-09-04T19:55:10.654Z] : [success]: Robot saved successfully

[2023-09-04T19:55:13.642Z] : [success]: Bot started

[2023-09-04T19:55:13.644Z] : [info]: Robot start

[2023-09-04T19:55:18.168Z] : [error]: SyntaxError: Non-UTF-8 code starting with '\xe2' in file C:\Users\CLARO\Documents\ElectroNeek\Icetex\EjemploCC.pdf on line 2, but no encoding declared; see https://peps.python.org/pep-0263/ for details


[2023-09-04T19:55:18.560Z] : [info]: Total execution time: 4s 524ms

[2023-09-04T19:55:18.561Z] : [info]: ---------------------------------------------

[2023-09-04T19:56:55.396Z] : [success]: Robot saved successfully

[2023-09-04T19:57:28.314Z] : [warn]: There is a small amount of free memory (RAM) left, 90.74% of RAM is being used (7151 MBs). The performance of Studio Pro and bots during execution may be unstable. Close applications that are not being used, increase the memory, or optimize the workflow.

[2023-09-04T19:58:58.335Z] : [warn]: There is a small amount of free memory (RAM) left, 95.62% of RAM is being used (7536 MBs). The performance of Studio Pro and bots during execution may be unstable. Close applications that are not being used, increase the memory, or optimize the workflow.

[2023-09-04T20:01:58.365Z] : [warn]: There is a small amount of free memory (RAM) left, 92.17% of RAM is being used (7264 MBs). The performance of Studio Pro and bots during execution may be unstable. Close applications that are not being used, increase the memory, or optimize the workflow.

[2023-09-05T00:21:58.318Z] : [warn]: There is a small amount of free memory (RAM) left, 92.3% of RAM is being used (7274 MBs). The performance of Studio Pro and bots during execution may be unstable. Close applications that are not being used, increase the memory, or optimize the workflow.

[2023-09-05T00:23:28.296Z] : [warn]: There is a small amount of free memory (RAM) left, 92.31% of RAM is being used (7275 MBs). The performance of Studio Pro and bots during execution may be unstable. Close applications that are not being used, increase the memory, or optimize the workflow.

[2023-09-05T00:26:28.321Z] : [warn]: There is a small amount of free memory (RAM) left, 91.09% of RAM is being used (7179 MBs). The performance of Studio Pro and bots during execution may be unstable. Close applications that are not being used, increase the memory, or optimize the workflow.

[2023-09-05T00:29:28.365Z] : [warn]: There is a small amount of free memory (RAM) left, 92.02% of RAM is being used (7252 MBs). The performance of Studio Pro and bots during execution may be unstable. Close applications that are not being used, increase the memory, or optimize the workflow.

[2023-09-05T00:32:28.392Z] : [warn]: There is a small amount of free memory (RAM) left, 91.7% of RAM is being used (7227 MBs). The performance of Studio Pro and bots during execution may be unstable. Close applications that are not being used, increase the memory, or optimize the workflow.

[2023-09-05T00:35:28.423Z] : [warn]: There is a small amount of free memory (RAM) left, 93.45% of RAM is being used (7365 MBs). The performance of Studio Pro and bots during execution may be unstable. Close applications that are not being used, increase the memory, or optimize the workflow.

[2023-09-05T00:38:28.336Z] : [warn]: There is a small amount of free memory (RAM) left, 91.16% of RAM is being used (7184 MBs). The performance of Studio Pro and bots during execution may be unstable. Close applications that are not being used, increase the memory, or optimize the workflow.

[2023-09-05T00:41:28.384Z] : [warn]: There is a small amount of free memory (RAM) left, 93.53% of RAM is being used (7371 MBs). The performance of Studio Pro and bots during execution may be unstable. Close applications that are not being used, increase the memory, or optimize the workflow.

[2023-09-05T01:07:19.685Z] : [success]: Robot saved successfully

[2023-09-05T01:07:58.461Z] : [warn]: There is a small amount of free memory (RAM) left, 91.47% of RAM is being used (7209 MBs). The performance of Studio Pro and bots during execution may be unstable. Close applications that are not being used, increase the memory, or optimize the workflow.

[2023-09-05T12:53:28.306Z] : [warn]: There is a small amount of free memory (RAM) left, 91.7% of RAM is being used (7227 MBs). The performance of Studio Pro and bots during execution may be unstable. Close applications that are not being used, increase the memory, or optimize the workflow.

[2023-09-05T13:00:38.070Z] : [success]: Bot started

[2023-09-05T13:00:38.074Z] : [info]: Robot start

[2023-09-05T13:00:42.807Z] : [success]: Bot finished successfully, total execution time: 4s 730ms

[2023-09-05T13:00:42.809Z] : [info]: ---------------------------------------------

[2023-09-05T13:07:58.993Z] : [warn]: There is a small amount of free memory (RAM) left, 95.44% of RAM is being used (7522 MBs). The performance of Studio Pro and bots during execution may be unstable. Close applications that are not being used, increase the memory, or optimize the workflow.

