
  ==========================================
  Studio Pro version: 9.5.18
  Started at: 29/8/2023, 23:12:11
  ==========================================
  

[2023-08-30T04:12:23.350Z] : [success]: Robot saved successfully

[2023-08-30T13:05:01.230Z] : [warn]: There is a small amount of free memory (RAM) left, 92.74% of RAM is being used (7309 MBs). The performance of Studio Pro and bots during execution may be unstable. Close applications that are not being used, increase the memory, or optimize the workflow.

[2023-08-30T13:15:32.321Z] : [success]: Robot saved successfully

[2023-08-30T13:41:57.690Z] : [success]: Robot saved successfully

[2023-08-30T13:42:02.209Z] : [success]: Bot started

[2023-08-30T13:42:02.212Z] : [info]: Robot start

[2023-08-30T13:42:04.427Z] : [error]: Unable to execute this activity because you do not have a Python interpreter installed on the computer

[2023-08-30T13:42:04.913Z] : [info]: Total execution time: 2s 215ms

[2023-08-30T13:42:04.915Z] : [info]: ---------------------------------------------

[2023-08-30T13:43:01.230Z] : [warn]: There is a small amount of free memory (RAM) left, 90.39% of RAM is being used (7124 MBs). The performance of Studio Pro and bots during execution may be unstable. Close applications that are not being used, increase the memory, or optimize the workflow.

[2023-08-30T13:46:01.255Z] : [warn]: There is a small amount of free memory (RAM) left, 92.13% of RAM is being used (7261 MBs). The performance of Studio Pro and bots during execution may be unstable. Close applications that are not being used, increase the memory, or optimize the workflow.

[2023-08-30T13:46:42.347Z] : [success]: Bot started

[2023-08-30T13:46:42.350Z] : [info]: Robot start

[2023-08-30T13:46:45.623Z] : [error]: Unable to execute this activity because you do not have a Python interpreter installed on the computer

[2023-08-30T13:46:46.195Z] : [info]: Total execution time: 3s 272ms

[2023-08-30T13:46:46.197Z] : [info]: ---------------------------------------------

[2023-08-30T14:05:32.474Z] : [warn]: There is a small amount of free memory (RAM) left, 92.65% of RAM is being used (7302 MBs). The performance of Studio Pro and bots during execution may be unstable. Close applications that are not being used, increase the memory, or optimize the workflow.

[2023-08-30T15:01:01.233Z] : [warn]: There is a small amount of free memory (RAM) left, 90.74% of RAM is being used (7151 MBs). The performance of Studio Pro and bots during execution may be unstable. Close applications that are not being used, increase the memory, or optimize the workflow.

[2023-08-30T15:03:31.254Z] : [warn]: There is a small amount of free memory (RAM) left, 90.94% of RAM is being used (7167 MBs). The performance of Studio Pro and bots during execution may be unstable. Close applications that are not being used, increase the memory, or optimize the workflow.

