
  ==========================================
  Studio Pro version: 9.5.18
  Started at: 30/8/2023, 11:38:06
  ==========================================
  

[2023-08-30T16:38:44.675Z] : [success]: Robot saved successfully

[2023-08-30T16:38:44.792Z] : [info]: ---------------------------------------------

[2023-08-30T16:38:44.793Z] : [success]: Bot started

[2023-08-30T16:38:44.794Z] : [info]: Robot start

[2023-08-30T16:38:47.348Z] : [error]: Unable to execute this activity because you do not have a Python interpreter installed on the computer

[2023-08-30T16:38:47.659Z] : [info]: Total execution time: 2s 554ms

[2023-08-30T16:38:47.661Z] : [info]: ---------------------------------------------

[2023-08-30T16:39:02.432Z] : [warn]: There is a small amount of free memory (RAM) left, 92.73% of RAM is being used (7308 MBs). The performance of Studio Pro and bots during execution may be unstable. Close applications that are not being used, increase the memory, or optimize the workflow.

[2023-08-30T21:55:54.736Z] : [success]: Robot saved successfully

[2023-08-30T21:56:01.807Z] : [success]: Bot started

[2023-08-30T21:56:01.811Z] : [info]: Robot start

[2023-08-30T21:56:04.215Z] : [warn]: There is a small amount of free memory (RAM) left, 91.94% of RAM is being used (7246 MBs). The performance of Studio Pro and bots during execution may be unstable. Close applications that are not being used, increase the memory, or optimize the workflow.

[2023-08-30T21:56:06.038Z] : [error]: Unable to execute this activity because you do not have a Python interpreter installed on the computer

[2023-08-30T21:56:06.348Z] : [info]: Total execution time: 4s 227ms

[2023-08-30T21:56:06.350Z] : [info]: ---------------------------------------------

[2023-08-30T21:59:04.249Z] : [warn]: There is a small amount of free memory (RAM) left, 92.81% of RAM is being used (7314 MBs). The performance of Studio Pro and bots during execution may be unstable. Close applications that are not being used, increase the memory, or optimize the workflow.

[2023-08-30T22:06:34.258Z] : [warn]: There is a small amount of free memory (RAM) left, 90.27% of RAM is being used (7114 MBs). The performance of Studio Pro and bots during execution may be unstable. Close applications that are not being used, increase the memory, or optimize the workflow.

[2023-08-30T22:09:34.291Z] : [warn]: There is a small amount of free memory (RAM) left, 93.31% of RAM is being used (7354 MBs). The performance of Studio Pro and bots during execution may be unstable. Close applications that are not being used, increase the memory, or optimize the workflow.

[2023-08-30T22:14:04.239Z] : [warn]: There is a small amount of free memory (RAM) left, 93.16% of RAM is being used (7342 MBs). The performance of Studio Pro and bots during execution may be unstable. Close applications that are not being used, increase the memory, or optimize the workflow.

[2023-08-30T22:17:04.276Z] : [warn]: There is a small amount of free memory (RAM) left, 90.71% of RAM is being used (7149 MBs). The performance of Studio Pro and bots during execution may be unstable. Close applications that are not being used, increase the memory, or optimize the workflow.

[2023-08-30T22:23:04.249Z] : [warn]: There is a small amount of free memory (RAM) left, 91.5% of RAM is being used (7211 MBs). The performance of Studio Pro and bots during execution may be unstable. Close applications that are not being used, increase the memory, or optimize the workflow.

[2023-08-30T22:24:18.701Z] : [success]: Robot saved successfully

