
  ==========================================
  Studio Pro version: 9.5.18
  Started at: 29/8/2023, 23:08:54
  ==========================================
  

[2023-08-30T15:10:30.740Z] : [success]: Robot saved successfully

[2023-08-30T15:10:37.129Z] : [success]: Bot started

[2023-08-30T15:10:37.136Z] : [info]: Robot start

[2023-08-30T15:10:56.524Z] : [success]: Bot finished successfully, total execution time: 19s 379ms

[2023-08-30T15:10:56.528Z] : [info]: ---------------------------------------------

[2023-08-30T15:15:31.270Z] : [warn]: There is a small amount of free memory (RAM) left, 95.51% of RAM is being used (7527 MBs). The performance of Studio Pro and bots during execution may be unstable. Close applications that are not being used, increase the memory, or optimize the workflow.

[2023-08-30T15:17:01.230Z] : [warn]: There is a small amount of free memory (RAM) left, 91.09% of RAM is being used (7179 MBs). The performance of Studio Pro and bots during execution may be unstable. Close applications that are not being used, increase the memory, or optimize the workflow.

[2023-08-30T15:18:49.757Z] : [success]: Robot saved successfully

[2023-08-30T15:20:57.774Z] : [success]: Robot saved successfully

[2023-08-30T15:21:02.850Z] : [success]: Bot started

[2023-08-30T15:21:02.852Z] : [info]: Robot start

[2023-08-30T15:21:25.053Z] : [success]: Bot finished successfully, total execution time: 22s 193ms

[2023-08-30T15:21:25.056Z] : [info]: ---------------------------------------------

[2023-08-30T15:22:19.498Z] : [error]: Can't get document type list, please make sure that your credentials are valid

[2023-08-30T15:22:21.144Z] : [error]: Can't get document type list, please make sure that your credentials are valid

[2023-08-30T15:22:22.391Z] : [error]: Can't get document type list, please make sure that your credentials are valid

[2023-08-30T15:22:22.806Z] : [error]: Can't get document type list, please make sure that your credentials are valid

[2023-08-30T15:22:29.602Z] : [error]: Can't get document type list, please make sure that your credentials are valid

[2023-08-30T15:25:13.666Z] : [success]: Robot saved successfully

[2023-08-30T15:25:26.053Z] : [success]: Bot started

[2023-08-30T15:25:26.055Z] : [info]: Robot start

[2023-08-30T15:25:43.130Z] : [error]: MicrosoftOCR: getaddrinfo ENOTFOUND icetest

[2023-08-30T15:25:43.593Z] : [info]: Total execution time: 17s 71ms

[2023-08-30T15:25:43.595Z] : [info]: ---------------------------------------------

[2023-08-30T15:59:31.276Z] : [warn]: There is a small amount of free memory (RAM) left, 91.05% of RAM is being used (7176 MBs). The performance of Studio Pro and bots during execution may be unstable. Close applications that are not being used, increase the memory, or optimize the workflow.

[2023-08-30T16:32:31.261Z] : [warn]: There is a small amount of free memory (RAM) left, 91.46% of RAM is being used (7208 MBs). The performance of Studio Pro and bots during execution may be unstable. Close applications that are not being used, increase the memory, or optimize the workflow.

[2023-08-30T16:34:46.248Z] : [success]: Robot saved successfully

