
  ==========================================
  Studio Pro version: 9.5.18
  Started at: 13/9/2023, 17:59:23
  ==========================================
  

[2023-09-13T22:59:26.129Z] : [success]: Robot saved successfully

[2023-09-13T22:59:30.167Z] : [warn]: There is a small amount of free memory (RAM) left, 93.21% of RAM is being used (7346 MBs). The performance of Studio Pro and bots during execution may be unstable. Close applications that are not being used, increase the memory, or optimize the workflow.

[2023-09-13T22:59:36.677Z] : [info]: ---------------------------------------------

[2023-09-13T22:59:36.679Z] : [success]: Bot started

[2023-09-13T22:59:36.681Z] : [info]: Robot start

[2023-09-13T22:59:54.086Z] : [error]: The path to save the screenshot is invalid. It may not exist or be empty. Please, verify it and try again.

[2023-09-13T22:59:54.504Z] : [info]: Total execution time: 17s 404ms

[2023-09-13T22:59:54.506Z] : [info]: ---------------------------------------------

[2023-09-13T23:00:41.405Z] : [success]: Robot saved successfully

[2023-09-13T23:00:51.232Z] : [success]: Bot started

[2023-09-13T23:00:51.235Z] : [info]: Robot start

[2023-09-13T23:01:07.287Z] : [success]: Bot finished successfully, total execution time: 16s 51ms

[2023-09-13T23:01:07.289Z] : [info]: ---------------------------------------------

[2023-09-13T23:02:06.601Z] : [success]: Robot saved successfully

[2023-09-13T23:02:06.771Z] : [success]: Bot started

[2023-09-13T23:02:06.773Z] : [info]: Robot start

[2023-09-13T23:02:21.051Z] : [success]: Bot finished successfully, total execution time: 14s 275ms

[2023-09-13T23:02:21.054Z] : [info]: ---------------------------------------------

[2023-09-13T23:02:30.170Z] : [warn]: There is a small amount of free memory (RAM) left, 93.2% of RAM is being used (7345 MBs). The performance of Studio Pro and bots during execution may be unstable. Close applications that are not being used, increase the memory, or optimize the workflow.

[2023-09-13T23:15:00.218Z] : [warn]: There is a small amount of free memory (RAM) left, 95.84% of RAM is being used (7553 MBs). The performance of Studio Pro and bots during execution may be unstable. Close applications that are not being used, increase the memory, or optimize the workflow.

[2023-09-13T23:18:00.235Z] : [warn]: There is a small amount of free memory (RAM) left, 90.84% of RAM is being used (7159 MBs). The performance of Studio Pro and bots during execution may be unstable. Close applications that are not being used, increase the memory, or optimize the workflow.

[2023-09-13T23:21:00.255Z] : [warn]: There is a small amount of free memory (RAM) left, 90.32% of RAM is being used (7118 MBs). The performance of Studio Pro and bots during execution may be unstable. Close applications that are not being used, increase the memory, or optimize the workflow.

[2023-09-13T23:22:00.164Z] : [warn]: There is a small amount of free memory (RAM) left, 90.27% of RAM is being used (7114 MBs). The performance of Studio Pro and bots during execution may be unstable. Close applications that are not being used, increase the memory, or optimize the workflow.

[2023-09-13T23:50:00.166Z] : [warn]: There is a small amount of free memory (RAM) left, 90.01% of RAM is being used (7094 MBs). The performance of Studio Pro and bots during execution may be unstable. Close applications that are not being used, increase the memory, or optimize the workflow.

[2023-09-13T23:53:00.185Z] : [warn]: There is a small amount of free memory (RAM) left, 90.51% of RAM is being used (7133 MBs). The performance of Studio Pro and bots during execution may be unstable. Close applications that are not being used, increase the memory, or optimize the workflow.

[2023-09-13T23:54:01.880Z] : [success]: Robot saved successfully

[2023-09-13T23:54:23.260Z] : [success]: Bot started

[2023-09-13T23:54:23.264Z] : [info]: Robot start

[2023-09-13T23:54:40.529Z] : [success]: Bot finished successfully, total execution time: 17s 260ms

[2023-09-13T23:54:40.533Z] : [info]: ---------------------------------------------

[2023-09-13T23:56:00.203Z] : [warn]: There is a small amount of free memory (RAM) left, 91.12% of RAM is being used (7181 MBs). The performance of Studio Pro and bots during execution may be unstable. Close applications that are not being used, increase the memory, or optimize the workflow.

[2023-09-13T23:58:23.983Z] : [success]: Bot started

[2023-09-13T23:58:23.986Z] : [info]: Robot start

[2023-09-13T23:58:40.087Z] : [success]: Bot finished successfully, total execution time: 16s 96ms

[2023-09-13T23:58:40.090Z] : [info]: ---------------------------------------------

[2023-09-14T00:00:16.804Z] : [success]: Robot saved successfully

[2023-09-14T00:00:17.017Z] : [success]: Bot started

[2023-09-14T00:00:17.018Z] : [info]: Robot start

[2023-09-14T00:00:30.186Z] : [warn]: There is a small amount of free memory (RAM) left, 92.21% of RAM is being used (7267 MBs). The performance of Studio Pro and bots during execution may be unstable. Close applications that are not being used, increase the memory, or optimize the workflow.

[2023-09-14T00:00:32.567Z] : [success]: Bot finished successfully, total execution time: 15s 544ms

[2023-09-14T00:00:32.570Z] : [info]: ---------------------------------------------

[2023-09-14T00:03:30.218Z] : [warn]: There is a small amount of free memory (RAM) left, 90.6% of RAM is being used (7140 MBs). The performance of Studio Pro and bots during execution may be unstable. Close applications that are not being used, increase the memory, or optimize the workflow.

[2023-09-14T00:04:30.153Z] : [warn]: There is a small amount of free memory (RAM) left, 91.31% of RAM is being used (7196 MBs). The performance of Studio Pro and bots during execution may be unstable. Close applications that are not being used, increase the memory, or optimize the workflow.

[2023-09-14T00:16:30.175Z] : [warn]: There is a small amount of free memory (RAM) left, 93.69% of RAM is being used (7384 MBs). The performance of Studio Pro and bots during execution may be unstable. Close applications that are not being used, increase the memory, or optimize the workflow.

[2023-09-14T00:19:30.200Z] : [warn]: There is a small amount of free memory (RAM) left, 90.2% of RAM is being used (7109 MBs). The performance of Studio Pro and bots during execution may be unstable. Close applications that are not being used, increase the memory, or optimize the workflow.

[2023-09-14T02:43:30.181Z] : [warn]: There is a small amount of free memory (RAM) left, 90.45% of RAM is being used (7128 MBs). The performance of Studio Pro and bots during execution may be unstable. Close applications that are not being used, increase the memory, or optimize the workflow.

[2023-09-14T05:36:39.394Z] : [warn]: There is a small amount of free memory (RAM) left, 90.78% of RAM is being used (7154 MBs). The performance of Studio Pro and bots during execution may be unstable. Close applications that are not being used, increase the memory, or optimize the workflow.

[2023-09-14T06:51:59.878Z] : [info]: Internet connection // error

[2023-09-14T06:52:05.785Z] : [success]: Connection to our licenses server is restored

[2023-09-14T11:16:00.211Z] : [warn]: There is a small amount of free memory (RAM) left, 91.85% of RAM is being used (7239 MBs). The performance of Studio Pro and bots during execution may be unstable. Close applications that are not being used, increase the memory, or optimize the workflow.

[2023-09-14T11:19:00.252Z] : [warn]: There is a small amount of free memory (RAM) left, 92.56% of RAM is being used (7295 MBs). The performance of Studio Pro and bots during execution may be unstable. Close applications that are not being used, increase the memory, or optimize the workflow.

[2023-09-14T11:22:00.255Z] : [warn]: There is a small amount of free memory (RAM) left, 92.02% of RAM is being used (7252 MBs). The performance of Studio Pro and bots during execution may be unstable. Close applications that are not being used, increase the memory, or optimize the workflow.

[2023-09-14T11:25:00.290Z] : [warn]: There is a small amount of free memory (RAM) left, 91.69% of RAM is being used (7226 MBs). The performance of Studio Pro and bots during execution may be unstable. Close applications that are not being used, increase the memory, or optimize the workflow.

[2023-09-14T11:28:00.296Z] : [warn]: There is a small amount of free memory (RAM) left, 91.55% of RAM is being used (7215 MBs). The performance of Studio Pro and bots during execution may be unstable. Close applications that are not being used, increase the memory, or optimize the workflow.

[2023-09-14T11:31:00.328Z] : [warn]: There is a small amount of free memory (RAM) left, 90.81% of RAM is being used (7157 MBs). The performance of Studio Pro and bots during execution may be unstable. Close applications that are not being used, increase the memory, or optimize the workflow.

[2023-09-14T11:34:00.331Z] : [warn]: There is a small amount of free memory (RAM) left, 90.98% of RAM is being used (7170 MBs). The performance of Studio Pro and bots during execution may be unstable. Close applications that are not being used, increase the memory, or optimize the workflow.

[2023-09-14T11:37:00.334Z] : [warn]: There is a small amount of free memory (RAM) left, 90.32% of RAM is being used (7118 MBs). The performance of Studio Pro and bots during execution may be unstable. Close applications that are not being used, increase the memory, or optimize the workflow.

[2023-09-14T11:40:00.366Z] : [warn]: There is a small amount of free memory (RAM) left, 90.65% of RAM is being used (7144 MBs). The performance of Studio Pro and bots during execution may be unstable. Close applications that are not being used, increase the memory, or optimize the workflow.

[2023-09-14T11:43:00.371Z] : [warn]: There is a small amount of free memory (RAM) left, 90.27% of RAM is being used (7114 MBs). The performance of Studio Pro and bots during execution may be unstable. Close applications that are not being used, increase the memory, or optimize the workflow.

[2023-09-14T11:46:00.399Z] : [warn]: There is a small amount of free memory (RAM) left, 90.81% of RAM is being used (7157 MBs). The performance of Studio Pro and bots during execution may be unstable. Close applications that are not being used, increase the memory, or optimize the workflow.

[2023-09-14T11:49:00.402Z] : [warn]: There is a small amount of free memory (RAM) left, 90.29% of RAM is being used (7116 MBs). The performance of Studio Pro and bots during execution may be unstable. Close applications that are not being used, increase the memory, or optimize the workflow.

[2023-09-14T11:52:00.432Z] : [warn]: There is a small amount of free memory (RAM) left, 92.27% of RAM is being used (7272 MBs). The performance of Studio Pro and bots during execution may be unstable. Close applications that are not being used, increase the memory, or optimize the workflow.

[2023-09-14T11:55:00.435Z] : [warn]: There is a small amount of free memory (RAM) left, 93.6% of RAM is being used (7377 MBs). The performance of Studio Pro and bots during execution may be unstable. Close applications that are not being used, increase the memory, or optimize the workflow.

[2023-09-14T11:58:00.478Z] : [warn]: There is a small amount of free memory (RAM) left, 94.62% of RAM is being used (7457 MBs). The performance of Studio Pro and bots during execution may be unstable. Close applications that are not being used, increase the memory, or optimize the workflow.

[2023-09-14T12:01:00.483Z] : [warn]: There is a small amount of free memory (RAM) left, 92.13% of RAM is being used (7261 MBs). The performance of Studio Pro and bots during execution may be unstable. Close applications that are not being used, increase the memory, or optimize the workflow.

[2023-09-14T12:04:00.516Z] : [warn]: There is a small amount of free memory (RAM) left, 92.62% of RAM is being used (7299 MBs). The performance of Studio Pro and bots during execution may be unstable. Close applications that are not being used, increase the memory, or optimize the workflow.

[2023-09-14T12:07:00.522Z] : [warn]: There is a small amount of free memory (RAM) left, 91.09% of RAM is being used (7179 MBs). The performance of Studio Pro and bots during execution may be unstable. Close applications that are not being used, increase the memory, or optimize the workflow.

[2023-09-14T12:10:00.556Z] : [warn]: There is a small amount of free memory (RAM) left, 91.6% of RAM is being used (7219 MBs). The performance of Studio Pro and bots during execution may be unstable. Close applications that are not being used, increase the memory, or optimize the workflow.

[2023-09-14T12:13:00.559Z] : [warn]: There is a small amount of free memory (RAM) left, 91.3% of RAM is being used (7195 MBs). The performance of Studio Pro and bots during execution may be unstable. Close applications that are not being used, increase the memory, or optimize the workflow.

[2023-09-14T12:16:00.590Z] : [warn]: There is a small amount of free memory (RAM) left, 91.73% of RAM is being used (7229 MBs). The performance of Studio Pro and bots during execution may be unstable. Close applications that are not being used, increase the memory, or optimize the workflow.

[2023-09-14T12:19:00.593Z] : [warn]: There is a small amount of free memory (RAM) left, 90.94% of RAM is being used (7167 MBs). The performance of Studio Pro and bots during execution may be unstable. Close applications that are not being used, increase the memory, or optimize the workflow.

[2023-09-14T12:22:00.626Z] : [warn]: There is a small amount of free memory (RAM) left, 91.37% of RAM is being used (7201 MBs). The performance of Studio Pro and bots during execution may be unstable. Close applications that are not being used, increase the memory, or optimize the workflow.

[2023-09-14T12:25:00.631Z] : [warn]: There is a small amount of free memory (RAM) left, 90.75% of RAM is being used (7152 MBs). The performance of Studio Pro and bots during execution may be unstable. Close applications that are not being used, increase the memory, or optimize the workflow.

[2023-09-14T13:01:00.208Z] : [warn]: There is a small amount of free memory (RAM) left, 92.25% of RAM is being used (7270 MBs). The performance of Studio Pro and bots during execution may be unstable. Close applications that are not being used, increase the memory, or optimize the workflow.

[2023-09-14T13:02:00.617Z] : [warn]: There is a small amount of free memory (RAM) left, 91.83% of RAM is being used (7237 MBs). The performance of Studio Pro and bots during execution may be unstable. Close applications that are not being used, increase the memory, or optimize the workflow.

[2023-09-14T13:05:00.692Z] : [warn]: There is a small amount of free memory (RAM) left, 90.78% of RAM is being used (7154 MBs). The performance of Studio Pro and bots during execution may be unstable. Close applications that are not being used, increase the memory, or optimize the workflow.

[2023-09-14T13:08:00.695Z] : [warn]: There is a small amount of free memory (RAM) left, 90.93% of RAM is being used (7166 MBs). The performance of Studio Pro and bots during execution may be unstable. Close applications that are not being used, increase the memory, or optimize the workflow.

[2023-09-14T13:11:00.725Z] : [warn]: There is a small amount of free memory (RAM) left, 90.75% of RAM is being used (7152 MBs). The performance of Studio Pro and bots during execution may be unstable. Close applications that are not being used, increase the memory, or optimize the workflow.

[2023-09-14T13:14:00.728Z] : [warn]: There is a small amount of free memory (RAM) left, 90.57% of RAM is being used (7138 MBs). The performance of Studio Pro and bots during execution may be unstable. Close applications that are not being used, increase the memory, or optimize the workflow.

[2023-09-14T13:17:00.763Z] : [warn]: There is a small amount of free memory (RAM) left, 90.5% of RAM is being used (7132 MBs). The performance of Studio Pro and bots during execution may be unstable. Close applications that are not being used, increase the memory, or optimize the workflow.

[2023-09-14T13:20:00.766Z] : [warn]: There is a small amount of free memory (RAM) left, 91.11% of RAM is being used (7180 MBs). The performance of Studio Pro and bots during execution may be unstable. Close applications that are not being used, increase the memory, or optimize the workflow.

[2023-09-14T13:23:00.798Z] : [warn]: There is a small amount of free memory (RAM) left, 90.84% of RAM is being used (7159 MBs). The performance of Studio Pro and bots during execution may be unstable. Close applications that are not being used, increase the memory, or optimize the workflow.

[2023-09-14T13:26:00.802Z] : [warn]: There is a small amount of free memory (RAM) left, 90.84% of RAM is being used (7159 MBs). The performance of Studio Pro and bots during execution may be unstable. Close applications that are not being used, increase the memory, or optimize the workflow.

[2023-09-14T13:29:00.807Z] : [warn]: There is a small amount of free memory (RAM) left, 91.4% of RAM is being used (7203 MBs). The performance of Studio Pro and bots during execution may be unstable. Close applications that are not being used, increase the memory, or optimize the workflow.

[2023-09-14T13:32:00.841Z] : [warn]: There is a small amount of free memory (RAM) left, 90.79% of RAM is being used (7155 MBs). The performance of Studio Pro and bots during execution may be unstable. Close applications that are not being used, increase the memory, or optimize the workflow.

[2023-09-14T13:35:00.843Z] : [warn]: There is a small amount of free memory (RAM) left, 91.02% of RAM is being used (7173 MBs). The performance of Studio Pro and bots during execution may be unstable. Close applications that are not being used, increase the memory, or optimize the workflow.

[2023-09-14T13:38:00.875Z] : [warn]: There is a small amount of free memory (RAM) left, 90.75% of RAM is being used (7152 MBs). The performance of Studio Pro and bots during execution may be unstable. Close applications that are not being used, increase the memory, or optimize the workflow.

[2023-09-14T13:41:00.881Z] : [warn]: There is a small amount of free memory (RAM) left, 91.04% of RAM is being used (7175 MBs). The performance of Studio Pro and bots during execution may be unstable. Close applications that are not being used, increase the memory, or optimize the workflow.

[2023-09-14T13:44:00.915Z] : [warn]: There is a small amount of free memory (RAM) left, 91.84% of RAM is being used (7238 MBs). The performance of Studio Pro and bots during execution may be unstable. Close applications that are not being used, increase the memory, or optimize the workflow.

[2023-09-14T13:47:00.919Z] : [warn]: There is a small amount of free memory (RAM) left, 91.12% of RAM is being used (7181 MBs). The performance of Studio Pro and bots during execution may be unstable. Close applications that are not being used, increase the memory, or optimize the workflow.

[2023-09-14T13:50:00.943Z] : [warn]: There is a small amount of free memory (RAM) left, 92.2% of RAM is being used (7266 MBs). The performance of Studio Pro and bots during execution may be unstable. Close applications that are not being used, increase the memory, or optimize the workflow.

[2023-09-14T13:53:00.946Z] : [warn]: There is a small amount of free memory (RAM) left, 93.11% of RAM is being used (7338 MBs). The performance of Studio Pro and bots during execution may be unstable. Close applications that are not being used, increase the memory, or optimize the workflow.

[2023-09-14T13:56:00.966Z] : [warn]: There is a small amount of free memory (RAM) left, 95.62% of RAM is being used (7536 MBs). The performance of Studio Pro and bots during execution may be unstable. Close applications that are not being used, increase the memory, or optimize the workflow.

[2023-09-14T13:58:00.188Z] : [warn]: There is a small amount of free memory (RAM) left, 91.69% of RAM is being used (7226 MBs). The performance of Studio Pro and bots during execution may be unstable. Close applications that are not being used, increase the memory, or optimize the workflow.

[2023-09-14T14:01:00.195Z] : [warn]: There is a small amount of free memory (RAM) left, 94.19% of RAM is being used (7423 MBs). The performance of Studio Pro and bots during execution may be unstable. Close applications that are not being used, increase the memory, or optimize the workflow.

[2023-09-14T14:02:11.118Z] : [success]: Robot saved successfully

[2023-09-14T14:02:19.597Z] : [success]: Bot started

[2023-09-14T14:02:19.599Z] : [info]: Robot start

[2023-09-14T14:02:43.364Z] : [success]: Bot finished successfully, total execution time: 23s 762ms

[2023-09-14T14:02:43.368Z] : [info]: ---------------------------------------------

[2023-09-14T14:05:11.491Z] : [success]: Robot saved successfully

[2023-09-14T14:05:20.330Z] : [success]: Bot started

[2023-09-14T14:05:20.332Z] : [info]: Robot start

[2023-09-14T14:05:37.783Z] : [error]: Selectors: Selector is empty

[2023-09-14T14:05:38.239Z] : [info]: Total execution time: 17s 448ms

[2023-09-14T14:05:38.241Z] : [info]: ---------------------------------------------

[2023-09-14T14:06:09.467Z] : [success]: Robot saved successfully

[2023-09-14T14:06:18.418Z] : [success]: Bot started

[2023-09-14T14:06:18.421Z] : [info]: Robot start

[2023-09-14T14:06:36.000Z] : [error]: Selectors: Selector is empty

[2023-09-14T14:06:36.420Z] : [info]: Total execution time: 17s 578ms

[2023-09-14T14:06:36.422Z] : [info]: ---------------------------------------------

[2023-09-14T14:07:06.570Z] : [success]: Robot saved successfully

[2023-09-14T14:07:14.185Z] : [success]: Robot saved successfully

[2023-09-14T14:07:24.272Z] : [success]: Bot started

[2023-09-14T14:07:24.274Z] : [info]: Robot start

[2023-09-14T14:07:57.079Z] : [error]: No elements were found according to your selection. It may happen because of a wrong selector or because the element takes more time to appear on the screen. Try modifying the selector or increasing the element timeout and run the bot again

[2023-09-14T14:07:57.602Z] : [info]: Total execution time: 32s 805ms

[2023-09-14T14:07:57.603Z] : [info]: ---------------------------------------------

[2023-09-14T14:08:23.377Z] : [success]: Robot saved successfully

[2023-09-14T14:08:37.120Z] : [success]: Robot saved successfully

[2023-09-14T14:08:43.839Z] : [success]: Bot started

[2023-09-14T14:08:43.842Z] : [info]: Robot start

[2023-09-14T14:09:13.593Z] : [success]: Bot finished successfully, total execution time: 29s 746ms

[2023-09-14T14:09:13.596Z] : [info]: ---------------------------------------------

[2023-09-14T14:10:31.055Z] : [success]: Robot saved successfully

[2023-09-14T14:10:47.472Z] : [success]: Robot saved successfully

[2023-09-14T14:10:57.980Z] : [success]: Bot started

[2023-09-14T14:10:57.982Z] : [info]: Robot start

[2023-09-14T14:11:30.583Z] : [error]: No elements were found according to your selection. It may happen because of a wrong selector or because the element takes more time to appear on the screen. Try modifying the selector or increasing the element timeout and run the bot again

[2023-09-14T14:11:31.054Z] : [info]: Total execution time: 32s 601ms

[2023-09-14T14:11:31.055Z] : [info]: ---------------------------------------------

[2023-09-14T14:14:24.623Z] : [success]: Robot saved successfully

[2023-09-14T14:14:44.419Z] : [success]: Bot started

[2023-09-14T14:14:44.420Z] : [info]: Robot start

[2023-09-14T14:15:17.110Z] : [error]: No elements were found according to your selection. It may happen because of a wrong selector or because the element takes more time to appear on the screen. Try modifying the selector or increasing the element timeout and run the bot again

[2023-09-14T14:15:17.583Z] : [info]: Total execution time: 32s 689ms

[2023-09-14T14:15:17.584Z] : [info]: ---------------------------------------------

[2023-09-14T14:16:45.359Z] : [success]: Robot saved successfully

[2023-09-14T14:16:54.226Z] : [success]: Robot saved successfully

[2023-09-14T14:16:54.511Z] : [success]: Bot started

[2023-09-14T14:16:54.513Z] : [info]: Robot start

[2023-09-14T14:17:27.430Z] : [error]: No elements were found according to your selection. It may happen because of a wrong selector or because the element takes more time to appear on the screen. Try modifying the selector or increasing the element timeout and run the bot again

[2023-09-14T14:17:27.856Z] : [info]: Total execution time: 32s 916ms

[2023-09-14T14:17:27.858Z] : [info]: ---------------------------------------------

[2023-09-14T14:18:00.199Z] : [warn]: There is a small amount of free memory (RAM) left, 91.8% of RAM is being used (7235 MBs). The performance of Studio Pro and bots during execution may be unstable. Close applications that are not being used, increase the memory, or optimize the workflow.

[2023-09-14T14:18:40.190Z] : [success]: Robot saved successfully

[2023-09-14T14:18:51.389Z] : [success]: Bot started

[2023-09-14T14:18:51.390Z] : [info]: Robot start

[2023-09-14T14:19:00.219Z] : [warn]: There is a small amount of free memory (RAM) left, 90.46% of RAM is being used (7129 MBs). The performance of Studio Pro and bots during execution may be unstable. Close applications that are not being used, increase the memory, or optimize the workflow.

[2023-09-14T14:19:41.148Z] : [error]: Input file not found

[2023-09-14T14:19:41.910Z] : [info]: Total execution time: 49s 757ms

[2023-09-14T14:19:41.912Z] : [info]: ---------------------------------------------

[2023-09-14T14:21:30.143Z] : [warn]: There is a small amount of free memory (RAM) left, 90.98% of RAM is being used (7170 MBs). The performance of Studio Pro and bots during execution may be unstable. Close applications that are not being used, increase the memory, or optimize the workflow.

[2023-09-14T14:24:30.165Z] : [warn]: There is a small amount of free memory (RAM) left, 93.06% of RAM is being used (7334 MBs). The performance of Studio Pro and bots during execution may be unstable. Close applications that are not being used, increase the memory, or optimize the workflow.

[2023-09-14T14:31:00.194Z] : [warn]: There is a small amount of free memory (RAM) left, 90.31% of RAM is being used (7117 MBs). The performance of Studio Pro and bots during execution may be unstable. Close applications that are not being used, increase the memory, or optimize the workflow.

[2023-09-14T14:31:21.467Z] : [success]: Robot saved successfully

[2023-09-14T14:31:34.967Z] : [success]: Bot started

[2023-09-14T14:31:34.968Z] : [info]: Robot start

[2023-09-14T14:32:25.305Z] : [error]: No elements were found according to your selection. It may happen because of a wrong selector or because the element takes more time to appear on the screen. Try modifying the selector or increasing the element timeout and run the bot again

[2023-09-14T14:32:25.911Z] : [info]: Total execution time: 50s 336ms

[2023-09-14T14:32:25.914Z] : [info]: ---------------------------------------------

[2023-09-14T14:32:49.751Z] : [success]: Robot saved successfully

[2023-09-14T14:33:01.943Z] : [success]: Robot saved successfully

[2023-09-14T14:33:09.918Z] : [success]: Bot started

[2023-09-14T14:33:09.920Z] : [info]: Robot start

[2023-09-14T14:33:30.173Z] : [warn]: There is a small amount of free memory (RAM) left, 91.38% of RAM is being used (7202 MBs). The performance of Studio Pro and bots during execution may be unstable. Close applications that are not being used, increase the memory, or optimize the workflow.

[2023-09-14T14:33:55.318Z] : [error]: No elements were found according to your selection. It may happen because of a wrong selector or because the element takes more time to appear on the screen. Try modifying the selector or increasing the element timeout and run the bot again

[2023-09-14T14:33:55.890Z] : [info]: Total execution time: 45s 397ms

[2023-09-14T14:33:55.893Z] : [info]: ---------------------------------------------

[2023-09-14T14:36:00.168Z] : [warn]: There is a small amount of free memory (RAM) left, 90.7% of RAM is being used (7148 MBs). The performance of Studio Pro and bots during execution may be unstable. Close applications that are not being used, increase the memory, or optimize the workflow.

[2023-09-14T14:36:04.428Z] : [success]: Robot saved successfully

[2023-09-14T14:36:13.517Z] : [success]: Bot started

[2023-09-14T14:36:13.519Z] : [info]: Robot start

[2023-09-14T14:36:59.955Z] : [error]: Script Stopped.

[2023-09-14T14:37:00.461Z] : [info]: Total execution time: 46s 435ms

[2023-09-14T14:37:00.462Z] : [info]: ---------------------------------------------

[2023-09-14T14:38:28.325Z] : [success]: Robot saved successfully

[2023-09-14T14:38:39.821Z] : [success]: Bot started

[2023-09-14T14:38:39.822Z] : [info]: Robot start

[2023-09-14T14:39:00.208Z] : [warn]: There is a small amount of free memory (RAM) left, 92.89% of RAM is being used (7321 MBs). The performance of Studio Pro and bots during execution may be unstable. Close applications that are not being used, increase the memory, or optimize the workflow.

[2023-09-14T14:39:14.852Z] : [error]: No elements were found according to your selection. It may happen because of a wrong selector or because the element takes more time to appear on the screen. Try modifying the selector or increasing the element timeout and run the bot again

[2023-09-14T14:39:15.352Z] : [info]: Total execution time: 35s 30ms

[2023-09-14T14:39:15.354Z] : [info]: ---------------------------------------------

[2023-09-14T14:39:33.026Z] : [success]: Robot saved successfully

[2023-09-14T14:39:41.558Z] : [success]: Bot started

[2023-09-14T14:39:41.560Z] : [info]: Robot start

[2023-09-14T14:40:48.005Z] : [success]: Bot finished successfully, total execution time: 1m 6s 439ms

[2023-09-14T14:40:48.008Z] : [info]: ---------------------------------------------

[2023-09-14T14:44:30.176Z] : [warn]: There is a small amount of free memory (RAM) left, 90.46% of RAM is being used (7129 MBs). The performance of Studio Pro and bots during execution may be unstable. Close applications that are not being used, increase the memory, or optimize the workflow.

[2023-09-14T14:59:50.078Z] : [success]: Robot saved successfully

[2023-09-14T15:12:00.173Z] : [warn]: There is a small amount of free memory (RAM) left, 91.69% of RAM is being used (7226 MBs). The performance of Studio Pro and bots during execution may be unstable. Close applications that are not being used, increase the memory, or optimize the workflow.

[2023-09-14T15:15:00.209Z] : [warn]: There is a small amount of free memory (RAM) left, 91.92% of RAM is being used (7244 MBs). The performance of Studio Pro and bots during execution may be unstable. Close applications that are not being used, increase the memory, or optimize the workflow.

[2023-09-14T15:18:00.211Z] : [warn]: There is a small amount of free memory (RAM) left, 90.46% of RAM is being used (7129 MBs). The performance of Studio Pro and bots during execution may be unstable. Close applications that are not being used, increase the memory, or optimize the workflow.

[2023-09-14T16:00:39.590Z] : [success]: Robot saved successfully

