
  ==========================================
  Studio Pro version: 9.5.18
  Started at: 31/8/2023, 8:40:03
  ==========================================
  

[2023-08-31T13:40:08.219Z] : [warn]: There is a small amount of free memory (RAM) left, 90.72% of RAM is being used (7150 MBs). The performance of Studio Pro and bots during execution may be unstable. Close applications that are not being used, increase the memory, or optimize the workflow.

[2023-08-31T13:40:09.759Z] : [success]: Robot saved successfully

[2023-08-31T13:40:09.920Z] : [info]: ---------------------------------------------

[2023-08-31T13:40:09.922Z] : [success]: Bot started

[2023-08-31T13:40:09.924Z] : [info]: Robot start

[2023-08-31T13:40:42.291Z] : [error]: No elements were found according to your selection. It may happen because of a wrong selector or because the element takes more time to appear on the screen. Try modifying the selector or increasing the element timeout and run the bot again

[2023-08-31T13:40:42.640Z] : [info]: Total execution time: 32s 367ms

[2023-08-31T13:40:42.642Z] : [info]: ---------------------------------------------

[2023-08-31T13:41:09.156Z] : [success]: Robot saved successfully

[2023-08-31T13:41:09.524Z] : [success]: Robot saved successfully

[2023-08-31T13:41:09.822Z] : [success]: Robot saved successfully

[2023-08-31T13:41:16.858Z] : [success]: Bot started

[2023-08-31T13:41:16.859Z] : [info]: Robot start

[2023-08-31T13:41:32.910Z] : [success]: Bot finished successfully, total execution time: 16s 47ms

[2023-08-31T13:41:32.913Z] : [info]: ---------------------------------------------

[2023-08-31T13:44:38.270Z] : [warn]: There is a small amount of free memory (RAM) left, 92.63% of RAM is being used (7300 MBs). The performance of Studio Pro and bots during execution may be unstable. Close applications that are not being used, increase the memory, or optimize the workflow.

[2023-08-31T13:46:14.609Z] : [success]: Robot saved successfully

[2023-08-31T13:46:28.010Z] : [success]: Bot started

[2023-08-31T13:46:28.011Z] : [info]: Robot start

[2023-08-31T13:46:52.512Z] : [success]: Bot finished successfully, total execution time: 24s 496ms

[2023-08-31T13:46:52.515Z] : [info]: ---------------------------------------------

[2023-08-31T13:51:13.177Z] : [success]: Robot saved successfully

[2023-08-31T13:51:28.404Z] : [success]: Bot started

[2023-08-31T13:51:28.406Z] : [info]: Robot start

[2023-08-31T13:51:44.845Z] : [error]: The path to save the screenshot is invalid. It may not exist or be empty. Please, verify it and try again.

[2023-08-31T13:51:45.166Z] : [info]: Total execution time: 16s 437ms

[2023-08-31T13:51:45.168Z] : [info]: ---------------------------------------------

[2023-08-31T13:52:42.400Z] : [success]: Robot saved successfully

[2023-08-31T13:52:47.609Z] : [success]: Bot started

[2023-08-31T13:52:47.611Z] : [info]: Robot start

[2023-08-31T13:53:03.410Z] : [error]: The path to save the screenshot is invalid. It may not exist or be empty. Please, verify it and try again.

[2023-08-31T13:53:03.732Z] : [info]: Total execution time: 15s 798ms

[2023-08-31T13:53:03.734Z] : [info]: ---------------------------------------------

[2023-08-31T14:52:08.228Z] : [warn]: There is a small amount of free memory (RAM) left, 91.84% of RAM is being used (7238 MBs). The performance of Studio Pro and bots during execution may be unstable. Close applications that are not being used, increase the memory, or optimize the workflow.

[2023-08-31T14:55:08.246Z] : [warn]: There is a small amount of free memory (RAM) left, 91.68% of RAM is being used (7225 MBs). The performance of Studio Pro and bots during execution may be unstable. Close applications that are not being used, increase the memory, or optimize the workflow.

[2023-08-31T14:58:08.261Z] : [warn]: There is a small amount of free memory (RAM) left, 92.04% of RAM is being used (7254 MBs). The performance of Studio Pro and bots during execution may be unstable. Close applications that are not being used, increase the memory, or optimize the workflow.

[2023-08-31T15:01:08.296Z] : [warn]: There is a small amount of free memory (RAM) left, 91.44% of RAM is being used (7206 MBs). The performance of Studio Pro and bots during execution may be unstable. Close applications that are not being used, increase the memory, or optimize the workflow.

[2023-08-31T15:06:11.859Z] : [success]: Robot saved successfully

[2023-08-31T15:49:38.261Z] : [warn]: There is a small amount of free memory (RAM) left, 91.45% of RAM is being used (7207 MBs). The performance of Studio Pro and bots during execution may be unstable. Close applications that are not being used, increase the memory, or optimize the workflow.

[2023-08-31T15:50:38.231Z] : [warn]: There is a small amount of free memory (RAM) left, 90.97% of RAM is being used (7169 MBs). The performance of Studio Pro and bots during execution may be unstable. Close applications that are not being used, increase the memory, or optimize the workflow.

[2023-08-31T17:21:08.246Z] : [warn]: There is a small amount of free memory (RAM) left, 92.4% of RAM is being used (7282 MBs). The performance of Studio Pro and bots during execution may be unstable. Close applications that are not being used, increase the memory, or optimize the workflow.

[2023-08-31T17:24:08.866Z] : [warn]: There is a small amount of free memory (RAM) left, 91.7% of RAM is being used (7227 MBs). The performance of Studio Pro and bots during execution may be unstable. Close applications that are not being used, increase the memory, or optimize the workflow.

[2023-08-31T17:27:08.897Z] : [warn]: There is a small amount of free memory (RAM) left, 92.06% of RAM is being used (7255 MBs). The performance of Studio Pro and bots during execution may be unstable. Close applications that are not being used, increase the memory, or optimize the workflow.

[2023-08-31T18:20:38.260Z] : [warn]: There is a small amount of free memory (RAM) left, 93.45% of RAM is being used (7365 MBs). The performance of Studio Pro and bots during execution may be unstable. Close applications that are not being used, increase the memory, or optimize the workflow.

[2023-08-31T19:19:38.272Z] : [warn]: There is a small amount of free memory (RAM) left, 90.1% of RAM is being used (7101 MBs). The performance of Studio Pro and bots during execution may be unstable. Close applications that are not being used, increase the memory, or optimize the workflow.

[2023-08-31T19:21:38.230Z] : [warn]: There is a small amount of free memory (RAM) left, 90.29% of RAM is being used (7116 MBs). The performance of Studio Pro and bots during execution may be unstable. Close applications that are not being used, increase the memory, or optimize the workflow.

