
  ==========================================
  Studio Pro version: 9.5.18
  Started at: 15/9/2023, 11:31:53
  ==========================================
  

[2023-09-15T16:32:11.051Z] : [success]: Robot saved successfully

[2023-09-15T16:32:18.735Z] : [info]: ---------------------------------------------

[2023-09-15T16:32:18.738Z] : [success]: Bot started

[2023-09-15T16:32:18.743Z] : [info]: Robot start

[2023-09-15T16:32:34.389Z] : [warn]: There is a small amount of free memory (RAM) left, 91.65% of RAM is being used (7223 MBs). The performance of Studio Pro and bots during execution may be unstable. Close applications that are not being used, increase the memory, or optimize the workflow.

[2023-09-15T16:32:54.813Z] : [error]: No elements were found according to your selection. It may happen because of a wrong selector or because the element takes more time to appear on the screen. Try modifying the selector or increasing the element timeout and run the bot again

[2023-09-15T16:32:55.665Z] : [info]: Total execution time: 36s 69ms

[2023-09-15T16:32:55.668Z] : [info]: ---------------------------------------------

[2023-09-15T16:33:31.843Z] : [success]: Robot saved successfully

[2023-09-15T16:33:45.352Z] : [success]: Bot started

[2023-09-15T16:33:45.357Z] : [info]: Robot start

[2023-09-15T16:34:42.436Z] : [success]: Bot finished successfully, total execution time: 57s 73ms

[2023-09-15T16:34:42.439Z] : [info]: ---------------------------------------------

[2023-09-15T16:35:34.408Z] : [warn]: There is a small amount of free memory (RAM) left, 90.13% of RAM is being used (7103 MBs). The performance of Studio Pro and bots during execution may be unstable. Close applications that are not being used, increase the memory, or optimize the workflow.

[2023-09-15T16:36:40.948Z] : [success]: Bot started

[2023-09-15T16:36:40.950Z] : [info]: Robot start

[2023-09-15T16:37:11.619Z] : [error]: No elements were found according to your selection. It may happen because of a wrong selector or because the element takes more time to appear on the screen. Try modifying the selector or increasing the element timeout and run the bot again

[2023-09-15T16:37:12.316Z] : [info]: Total execution time: 30s 668ms

[2023-09-15T16:37:12.318Z] : [info]: ---------------------------------------------

[2023-09-15T16:37:28.085Z] : [success]: Robot saved successfully

