
  ==========================================
  Studio Pro version: 9.5.18
  Started at: 15/9/2023, 11:45:26
  ==========================================
  

[2023-09-15T16:45:45.706Z] : [success]: Robot saved successfully

[2023-09-15T16:45:46.138Z] : [info]: ---------------------------------------------

[2023-09-15T16:45:46.140Z] : [success]: Bot started

[2023-09-15T16:45:46.141Z] : [info]: Robot start

[2023-09-15T16:46:20.262Z] : [success]: Bot finished successfully, total execution time: 34s 118ms

[2023-09-15T16:46:20.265Z] : [info]: ---------------------------------------------

[2023-09-15T16:47:20.798Z] : [success]: Robot saved successfully

[2023-09-15T16:47:31.090Z] : [success]: Robot saved successfully

[2023-09-15T16:48:34.970Z] : [success]: Bot started

[2023-09-15T16:48:34.972Z] : [info]: Robot start

[2023-09-15T16:49:15.905Z] : [error]: Script Stopped.

[2023-09-15T16:49:16.578Z] : [info]: Total execution time: 40s 931ms

[2023-09-15T16:49:16.580Z] : [info]: ---------------------------------------------

[2023-09-15T16:56:23.878Z] : [success]: Robot saved successfully

[2023-09-15T16:56:34.259Z] : [success]: Bot started

[2023-09-15T16:56:34.260Z] : [info]: Robot start

[2023-09-15T16:57:10.281Z] : [success]: Bot finished successfully, total execution time: 36s 15ms

[2023-09-15T16:57:10.285Z] : [info]: ---------------------------------------------

[2023-09-15T16:58:25.869Z] : [success]: Robot saved successfully

[2023-09-15T16:58:37.564Z] : [success]: Bot started

[2023-09-15T16:58:37.569Z] : [info]: Robot start

[2023-09-15T16:58:58.295Z] : [success]: Bot finished successfully, total execution time: 20s 722ms

[2023-09-15T16:58:58.297Z] : [info]: ---------------------------------------------

[2023-09-15T16:59:53.494Z] : [success]: Robot saved successfully

[2023-09-15T16:59:56.880Z] : [success]: Robot saved successfully

[2023-09-15T17:00:06.215Z] : [success]: Bot started

[2023-09-15T17:00:06.217Z] : [info]: Robot start

[2023-09-15T17:00:31.084Z] : [success]: Bot finished successfully, total execution time: 24s 864ms

[2023-09-15T17:00:31.090Z] : [info]: ---------------------------------------------

[2023-09-15T17:09:41.176Z] : [success]: Robot saved successfully

[2023-09-15T17:09:49.585Z] : [error]: Activity parameters required: User notification

[2023-09-15T17:09:50.477Z] : [info]: ---------------------------------------------

[2023-09-15T17:10:00.229Z] : [success]: Robot saved successfully

[2023-09-15T17:10:04.213Z] : [success]: Bot started

[2023-09-15T17:10:05.936Z] : [info]: Robot start

[2023-09-15T17:19:47.563Z] : [success]: Bot finished successfully, total execution time: 9m 41s 621ms

[2023-09-15T17:19:47.569Z] : [info]: ---------------------------------------------

[2023-09-15T17:58:15.183Z] : [success]: Robot saved successfully

[2023-09-15T17:58:23.606Z] : [success]: Bot started

[2023-09-15T17:58:23.608Z] : [info]: Robot start

[2023-09-15T17:59:03.452Z] : [error]: python: can't open file 'C:\\Users\\CLARO\\Documents\\ElectroNeek\\Icetex\\conGIFtoJPG.py': [Errno 2] No such file or directory


[2023-09-15T17:59:04.143Z] : [info]: Total execution time: 39s 842ms

[2023-09-15T17:59:04.145Z] : [info]: ---------------------------------------------

[2023-09-15T17:59:18.950Z] : [success]: Robot saved successfully

[2023-09-15T17:59:22.615Z] : [success]: Bot started

[2023-09-15T17:59:22.618Z] : [info]: Robot start

[2023-09-15T18:01:11.341Z] : [error]: Canceled by user

[2023-09-15T18:01:11.867Z] : [info]: Total execution time: 1m 48s 722ms

[2023-09-15T18:01:11.868Z] : [info]: ---------------------------------------------

[2023-09-15T18:03:51.605Z] : [success]: Bot started

[2023-09-15T18:03:51.607Z] : [info]: Robot start

[2023-09-15T18:04:56.066Z] : [success]: Bot finished successfully, total execution time: 1m 4s 454ms

[2023-09-15T18:04:56.069Z] : [info]: ---------------------------------------------

[2023-09-18T12:16:37.532Z] : [warn]: There is a small amount of free memory (RAM) left, 90.14% of RAM is being used (7104 MBs). The performance of Studio Pro and bots during execution may be unstable. Close applications that are not being used, increase the memory, or optimize the workflow.

[2023-09-18T12:19:08.137Z] : [warn]: There is a small amount of free memory (RAM) left, 93.81% of RAM is being used (7393 MBs). The performance of Studio Pro and bots during execution may be unstable. Close applications that are not being used, increase the memory, or optimize the workflow.

[2023-09-18T12:23:37.534Z] : [warn]: There is a small amount of free memory (RAM) left, 90.56% of RAM is being used (7137 MBs). The performance of Studio Pro and bots during execution may be unstable. Close applications that are not being used, increase the memory, or optimize the workflow.

[2023-09-18T12:26:37.535Z] : [warn]: There is a small amount of free memory (RAM) left, 90.42% of RAM is being used (7126 MBs). The performance of Studio Pro and bots during execution may be unstable. Close applications that are not being used, increase the memory, or optimize the workflow.

[2023-09-18T12:31:37.534Z] : [warn]: There is a small amount of free memory (RAM) left, 92.42% of RAM is being used (7284 MBs). The performance of Studio Pro and bots during execution may be unstable. Close applications that are not being used, increase the memory, or optimize the workflow.

[2023-09-18T12:33:37.521Z] : [warn]: There is a small amount of free memory (RAM) left, 90.62% of RAM is being used (7142 MBs). The performance of Studio Pro and bots during execution may be unstable. Close applications that are not being used, increase the memory, or optimize the workflow.

[2023-09-18T12:36:07.678Z] : [warn]: There is a small amount of free memory (RAM) left, 90.17% of RAM is being used (7106 MBs). The performance of Studio Pro and bots during execution may be unstable. Close applications that are not being used, increase the memory, or optimize the workflow.

[2023-09-18T12:37:07.557Z] : [warn]: There is a small amount of free memory (RAM) left, 90.04% of RAM is being used (7096 MBs). The performance of Studio Pro and bots during execution may be unstable. Close applications that are not being used, increase the memory, or optimize the workflow.

[2023-09-18T12:40:07.611Z] : [warn]: There is a small amount of free memory (RAM) left, 90.7% of RAM is being used (7148 MBs). The performance of Studio Pro and bots during execution may be unstable. Close applications that are not being used, increase the memory, or optimize the workflow.

[2023-09-18T12:42:07.604Z] : [warn]: There is a small amount of free memory (RAM) left, 91.44% of RAM is being used (7206 MBs). The performance of Studio Pro and bots during execution may be unstable. Close applications that are not being used, increase the memory, or optimize the workflow.

[2023-09-18T12:45:07.714Z] : [warn]: There is a small amount of free memory (RAM) left, 96.43% of RAM is being used (7600 MBs). The performance of Studio Pro and bots during execution may be unstable. Close applications that are not being used, increase the memory, or optimize the workflow.

[2023-09-18T13:02:37.545Z] : [warn]: There is a small amount of free memory (RAM) left, 92.37% of RAM is being used (7280 MBs). The performance of Studio Pro and bots during execution may be unstable. Close applications that are not being used, increase the memory, or optimize the workflow.

[2023-09-18T13:04:37.521Z] : [warn]: There is a small amount of free memory (RAM) left, 91.21% of RAM is being used (7188 MBs). The performance of Studio Pro and bots during execution may be unstable. Close applications that are not being used, increase the memory, or optimize the workflow.

[2023-09-18T13:19:08.803Z] : [success]: Robot saved successfully

[2023-09-18T13:22:45.717Z] : [success]: Robot saved successfully

[2023-09-18T13:25:18.409Z] : [success]: Robot saved successfully

[2023-09-18T13:27:15.763Z] : [success]: Robot saved successfully

[2023-09-18T13:27:24.640Z] : [success]: Bot started

[2023-09-18T13:27:24.642Z] : [info]: Robot start

[2023-09-18T13:27:37.520Z] : [warn]: There is a small amount of free memory (RAM) left, 92.92% of RAM is being used (7323 MBs). The performance of Studio Pro and bots during execution may be unstable. Close applications that are not being used, increase the memory, or optimize the workflow.

[2023-09-18T13:27:45.775Z] : [success]: Bot finished successfully, total execution time: 21s 129ms

[2023-09-18T13:27:45.780Z] : [info]: ---------------------------------------------

[2023-09-18T14:57:22.333Z] : [success]: Robot saved successfully

[2023-09-18T14:57:37.533Z] : [warn]: There is a small amount of free memory (RAM) left, 91.05% of RAM is being used (7176 MBs). The performance of Studio Pro and bots during execution may be unstable. Close applications that are not being used, increase the memory, or optimize the workflow.

[2023-09-18T15:00:37.553Z] : [warn]: There is a small amount of free memory (RAM) left, 94.01% of RAM is being used (7409 MBs). The performance of Studio Pro and bots during execution may be unstable. Close applications that are not being used, increase the memory, or optimize the workflow.

[2023-09-18T15:01:37.532Z] : [warn]: There is a small amount of free memory (RAM) left, 92.87% of RAM is being used (7319 MBs). The performance of Studio Pro and bots during execution may be unstable. Close applications that are not being used, increase the memory, or optimize the workflow.

