
  ==========================================
  Studio Pro version: 9.5.18
  Started at: 30/8/2023, 17:24:26
  ==========================================
  

[2023-08-30T22:28:04.189Z] : [success]: Robot saved successfully

[2023-08-30T22:28:04.288Z] : [warn]: There is a small amount of free memory (RAM) left, 90.04% of RAM is being used (7096 MBs). The performance of Studio Pro and bots during execution may be unstable. Close applications that are not being used, increase the memory, or optimize the workflow.

[2023-08-31T13:14:41.632Z] : [warn]: There is a small amount of free memory (RAM) left, 94.3% of RAM is being used (7432 MBs). The performance of Studio Pro and bots during execution may be unstable. Close applications that are not being used, increase the memory, or optimize the workflow.

[2023-08-31T13:15:03.736Z] : [info]: Internet connection // error

[2023-08-31T13:15:04.134Z] : [success]: Connection to our licenses server is restored

[2023-08-31T13:20:04.841Z] : [success]: Robot saved successfully

[2023-08-31T13:20:11.002Z] : [success]: Bot started

[2023-08-31T13:20:11.005Z] : [info]: Robot start

[2023-08-31T13:20:56.742Z] : [error]: No elements were found according to your selection. It may happen because of a wrong selector or because the element takes more time to appear on the screen. Try modifying the selector or increasing the element timeout and run the bot again

[2023-08-31T13:20:57.338Z] : [info]: Total execution time: 45s 736ms

[2023-08-31T13:20:57.340Z] : [info]: ---------------------------------------------

[2023-08-31T13:27:04.231Z] : [warn]: There is a small amount of free memory (RAM) left, 90.86% of RAM is being used (7161 MBs). The performance of Studio Pro and bots during execution may be unstable. Close applications that are not being used, increase the memory, or optimize the workflow.

[2023-08-31T13:28:34.230Z] : [warn]: There is a small amount of free memory (RAM) left, 93.25% of RAM is being used (7349 MBs). The performance of Studio Pro and bots during execution may be unstable. Close applications that are not being used, increase the memory, or optimize the workflow.

[2023-08-31T13:36:22.522Z] : [info]: Internet connection // error

[2023-08-31T13:36:22.682Z] : [success]: Bot started

[2023-08-31T13:36:22.684Z] : [info]: Robot start

[2023-08-31T13:36:52.251Z] : [error]: No elements were found according to your selection. It may happen because of a wrong selector or because the element takes more time to appear on the screen. Try modifying the selector or increasing the element timeout and run the bot again

[2023-08-31T13:36:52.644Z] : [info]: Total execution time: 29s 567ms

[2023-08-31T13:36:52.645Z] : [info]: ---------------------------------------------

[2023-08-31T13:37:36.424Z] : [success]: Connection to our licenses server is restored

[2023-08-31T13:37:36.603Z] : [success]: Bot started

[2023-08-31T13:37:36.607Z] : [info]: Robot start

[2023-08-31T13:38:01.804Z] : [error]: No elements were found according to your selection. It may happen because of a wrong selector or because the element takes more time to appear on the screen. Try modifying the selector or increasing the element timeout and run the bot again

[2023-08-31T13:38:02.150Z] : [info]: Total execution time: 25s 197ms

[2023-08-31T13:38:02.152Z] : [info]: ---------------------------------------------

[2023-08-31T13:38:31.603Z] : [success]: Robot saved successfully

[2023-08-31T13:38:34.221Z] : [warn]: There is a small amount of free memory (RAM) left, 90.01% of RAM is being used (7094 MBs). The performance of Studio Pro and bots during execution may be unstable. Close applications that are not being used, increase the memory, or optimize the workflow.

[2023-08-31T13:38:37.732Z] : [success]: Bot started

[2023-08-31T13:38:37.734Z] : [info]: Robot start

[2023-08-31T13:39:02.204Z] : [error]: No elements were found according to your selection. It may happen because of a wrong selector or because the element takes more time to appear on the screen. Try modifying the selector or increasing the element timeout and run the bot again

[2023-08-31T13:39:02.402Z] : [info]: Total execution time: 24s 470ms

[2023-08-31T13:39:02.404Z] : [info]: ---------------------------------------------

[2023-08-31T13:39:05.126Z] : [error]: Cannot read properties of null (reading 'type')

[2023-08-31T13:39:05.130Z] : [error]: Cannot read properties of null (reading 'type')

[2023-08-31T13:39:05.132Z] : [error]: Cannot read properties of null (reading 'type')

[2023-08-31T13:39:05.134Z] : [error]: Cannot read properties of null (reading 'type')

[2023-08-31T13:39:05.136Z] : [error]: Cannot read properties of null (reading 'type')

[2023-08-31T13:39:05.139Z] : [error]: Cannot read properties of null (reading 'type')

[2023-08-31T13:39:05.149Z] : [error]: Cannot read properties of null (reading 'type')

[2023-08-31T13:39:05.152Z] : [error]: Cannot read properties of null (reading 'type')

[2023-08-31T13:39:05.163Z] : [error]: Cannot read properties of null (reading 'type')

