
  ==========================================
  Studio Pro version: 9.5.18
  Started at: 15/9/2023, 9:26:53
  ==========================================
  

[2023-09-15T16:07:32.802Z] : [success]: Robot saved successfully

[2023-09-15T16:07:59.575Z] : [warn]: There is a small amount of free memory (RAM) left, 90.01% of RAM is being used (7094 MBs). The performance of Studio Pro and bots during execution may be unstable. Close applications that are not being used, increase the memory, or optimize the workflow.

[2023-09-15T16:11:59.574Z] : [warn]: There is a small amount of free memory (RAM) left, 90.34% of RAM is being used (7120 MBs). The performance of Studio Pro and bots during execution may be unstable. Close applications that are not being used, increase the memory, or optimize the workflow.

[2023-09-15T16:13:29.572Z] : [warn]: There is a small amount of free memory (RAM) left, 93.06% of RAM is being used (7334 MBs). The performance of Studio Pro and bots during execution may be unstable. Close applications that are not being used, increase the memory, or optimize the workflow.

[2023-09-15T16:16:29.590Z] : [warn]: There is a small amount of free memory (RAM) left, 91.42% of RAM is being used (7205 MBs). The performance of Studio Pro and bots during execution may be unstable. Close applications that are not being used, increase the memory, or optimize the workflow.

[2023-09-15T16:20:13.563Z] : [success]: Robot saved successfully

[2023-09-15T16:20:39.132Z] : [info]: ---------------------------------------------

[2023-09-15T16:20:39.161Z] : [success]: Bot started

[2023-09-15T16:20:39.166Z] : [info]: Robot start

[2023-09-15T16:20:59.591Z] : [warn]: There is a small amount of free memory (RAM) left, 91.51% of RAM is being used (7212 MBs). The performance of Studio Pro and bots during execution may be unstable. Close applications that are not being used, increase the memory, or optimize the workflow.

[2023-09-15T16:21:19.931Z] : [error]: No elements were found according to your selection. It may happen because of a wrong selector or because the element takes more time to appear on the screen. Try modifying the selector or increasing the element timeout and run the bot again

[2023-09-15T16:21:20.731Z] : [info]: Total execution time: 40s 765ms

[2023-09-15T16:21:20.734Z] : [info]: ---------------------------------------------

[2023-09-15T16:23:25.236Z] : [success]: Robot saved successfully

[2023-09-15T16:23:44.780Z] : [error]: Activity parameters required: Click on the coordinate (200, ...) 

[2023-09-15T16:23:45.036Z] : [info]: ---------------------------------------------

[2023-09-15T16:25:01.738Z] : [success]: Robot saved successfully

[2023-09-15T16:25:03.087Z] : [success]: Bot started

[2023-09-15T16:25:03.089Z] : [info]: Robot start

[2023-09-15T16:27:04.506Z] : [success]: Bot finished successfully, total execution time: 2m 1s 410ms

[2023-09-15T16:27:04.508Z] : [info]: ---------------------------------------------

[2023-09-15T16:28:12.343Z] : [success]: Robot saved successfully

[2023-09-15T16:28:23.447Z] : [success]: Bot started

[2023-09-15T16:28:23.449Z] : [info]: Robot start

[2023-09-15T16:28:29.606Z] : [warn]: There is a small amount of free memory (RAM) left, 90.61% of RAM is being used (7141 MBs). The performance of Studio Pro and bots during execution may be unstable. Close applications that are not being used, increase the memory, or optimize the workflow.

[2023-09-15T16:30:56.312Z] : [error]: No elements were found according to your selection. It may happen because of a wrong selector or because the element takes more time to appear on the screen. Try modifying the selector or increasing the element timeout and run the bot again

[2023-09-15T16:30:56.879Z] : [info]: Total execution time: 2m 32s 861ms

[2023-09-15T16:30:56.881Z] : [info]: ---------------------------------------------

[2023-09-15T16:31:21.188Z] : [success]: Robot saved successfully

[2023-09-15T16:31:23.880Z] : [error]: Cannot read properties of null (reading 'type')

[2023-09-15T16:31:23.896Z] : [error]: Cannot read properties of null (reading 'type')

[2023-09-15T16:31:23.913Z] : [error]: Cannot read properties of null (reading 'type')

[2023-09-15T16:31:23.922Z] : [error]: Cannot read properties of null (reading 'type')

