
  ==========================================
  Studio Pro version: 9.5.18
  Started at: 28/9/2023, 13:46:21
  ==========================================
  

[2023-09-28T18:47:33.514Z] : [warn]: There is a small amount of free memory (RAM) left, 93.87% of RAM is being used (7398 MBs). The performance of Studio Pro and bots during execution may be unstable. Close applications that are not being used, increase the memory, or optimize the workflow.

[2023-09-28T18:50:33.541Z] : [warn]: There is a small amount of free memory (RAM) left, 94.46% of RAM is being used (7444 MBs). The performance of Studio Pro and bots during execution may be unstable. Close applications that are not being used, increase the memory, or optimize the workflow.

[2023-09-28T18:55:33.571Z] : [warn]: There is a small amount of free memory (RAM) left, 91.05% of RAM is being used (7176 MBs). The performance of Studio Pro and bots during execution may be unstable. Close applications that are not being used, increase the memory, or optimize the workflow.

[2023-09-28T18:58:03.487Z] : [warn]: There is a small amount of free memory (RAM) left, 91.21% of RAM is being used (7188 MBs). The performance of Studio Pro and bots during execution may be unstable. Close applications that are not being used, increase the memory, or optimize the workflow.

[2023-09-28T19:01:03.514Z] : [warn]: There is a small amount of free memory (RAM) left, 94.67% of RAM is being used (7461 MBs). The performance of Studio Pro and bots during execution may be unstable. Close applications that are not being used, increase the memory, or optimize the workflow.

[2023-09-28T19:03:03.463Z] : [warn]: There is a small amount of free memory (RAM) left, 90.8% of RAM is being used (7156 MBs). The performance of Studio Pro and bots during execution may be unstable. Close applications that are not being used, increase the memory, or optimize the workflow.

[2023-09-28T19:05:33.516Z] : [warn]: There is a small amount of free memory (RAM) left, 90.13% of RAM is being used (7103 MBs). The performance of Studio Pro and bots during execution may be unstable. Close applications that are not being used, increase the memory, or optimize the workflow.

[2023-09-28T19:06:33.499Z] : [warn]: There is a small amount of free memory (RAM) left, 91.66% of RAM is being used (7224 MBs). The performance of Studio Pro and bots during execution may be unstable. Close applications that are not being used, increase the memory, or optimize the workflow.

[2023-09-28T19:32:03.481Z] : [warn]: There is a small amount of free memory (RAM) left, 90.24% of RAM is being used (7112 MBs). The performance of Studio Pro and bots during execution may be unstable. Close applications that are not being used, increase the memory, or optimize the workflow.

[2023-09-28T19:44:03.487Z] : [warn]: There is a small amount of free memory (RAM) left, 90.28% of RAM is being used (7115 MBs). The performance of Studio Pro and bots during execution may be unstable. Close applications that are not being used, increase the memory, or optimize the workflow.

[2023-09-28T19:47:03.511Z] : [warn]: There is a small amount of free memory (RAM) left, 94.87% of RAM is being used (7477 MBs). The performance of Studio Pro and bots during execution may be unstable. Close applications that are not being used, increase the memory, or optimize the workflow.

[2023-09-28T19:48:03.462Z] : [warn]: There is a small amount of free memory (RAM) left, 90.41% of RAM is being used (7125 MBs). The performance of Studio Pro and bots during execution may be unstable. Close applications that are not being used, increase the memory, or optimize the workflow.

[2023-09-28T20:02:33.625Z] : [warn]: There is a small amount of free memory (RAM) left, 91.99% of RAM is being used (7250 MBs). The performance of Studio Pro and bots during execution may be unstable. Close applications that are not being used, increase the memory, or optimize the workflow.

[2023-09-28T20:05:33.656Z] : [warn]: There is a small amount of free memory (RAM) left, 92.4% of RAM is being used (7282 MBs). The performance of Studio Pro and bots during execution may be unstable. Close applications that are not being used, increase the memory, or optimize the workflow.

[2023-09-28T20:09:03.498Z] : [warn]: There is a small amount of free memory (RAM) left, 90.83% of RAM is being used (7158 MBs). The performance of Studio Pro and bots during execution may be unstable. Close applications that are not being used, increase the memory, or optimize the workflow.

[2023-09-28T20:12:03.571Z] : [warn]: There is a small amount of free memory (RAM) left, 95.22% of RAM is being used (7504 MBs). The performance of Studio Pro and bots during execution may be unstable. Close applications that are not being used, increase the memory, or optimize the workflow.

[2023-09-28T20:13:03.463Z] : [warn]: There is a small amount of free memory (RAM) left, 90.34% of RAM is being used (7120 MBs). The performance of Studio Pro and bots during execution may be unstable. Close applications that are not being used, increase the memory, or optimize the workflow.

[2023-09-28T20:16:03.518Z] : [warn]: There is a small amount of free memory (RAM) left, 92.6% of RAM is being used (7298 MBs). The performance of Studio Pro and bots during execution may be unstable. Close applications that are not being used, increase the memory, or optimize the workflow.

[2023-09-28T20:25:33.531Z] : [warn]: There is a small amount of free memory (RAM) left, 90.67% of RAM is being used (7146 MBs). The performance of Studio Pro and bots during execution may be unstable. Close applications that are not being used, increase the memory, or optimize the workflow.

[2023-09-28T20:28:33.638Z] : [warn]: There is a small amount of free memory (RAM) left, 91.96% of RAM is being used (7247 MBs). The performance of Studio Pro and bots during execution may be unstable. Close applications that are not being used, increase the memory, or optimize the workflow.

[2023-09-28T20:31:33.663Z] : [warn]: There is a small amount of free memory (RAM) left, 90.29% of RAM is being used (7116 MBs). The performance of Studio Pro and bots during execution may be unstable. Close applications that are not being used, increase the memory, or optimize the workflow.

[2023-09-28T21:31:33.516Z] : [warn]: There is a small amount of free memory (RAM) left, 92.36% of RAM is being used (7279 MBs). The performance of Studio Pro and bots during execution may be unstable. Close applications that are not being used, increase the memory, or optimize the workflow.

[2023-09-28T21:34:33.540Z] : [warn]: There is a small amount of free memory (RAM) left, 90.55% of RAM is being used (7136 MBs). The performance of Studio Pro and bots during execution may be unstable. Close applications that are not being used, increase the memory, or optimize the workflow.

[2023-09-28T21:37:33.564Z] : [warn]: There is a small amount of free memory (RAM) left, 91.52% of RAM is being used (7213 MBs). The performance of Studio Pro and bots during execution may be unstable. Close applications that are not being used, increase the memory, or optimize the workflow.

[2023-09-28T21:38:33.484Z] : [warn]: There is a small amount of free memory (RAM) left, 90.01% of RAM is being used (7094 MBs). The performance of Studio Pro and bots during execution may be unstable. Close applications that are not being used, increase the memory, or optimize the workflow.

[2023-09-28T21:40:03.460Z] : [warn]: There is a small amount of free memory (RAM) left, 90.05% of RAM is being used (7097 MBs). The performance of Studio Pro and bots during execution may be unstable. Close applications that are not being used, increase the memory, or optimize the workflow.

[2023-09-28T21:42:33.500Z] : [warn]: There is a small amount of free memory (RAM) left, 90.46% of RAM is being used (7129 MBs). The performance of Studio Pro and bots during execution may be unstable. Close applications that are not being used, increase the memory, or optimize the workflow.

[2023-09-28T21:44:33.491Z] : [warn]: There is a small amount of free memory (RAM) left, 93.03% of RAM is being used (7332 MBs). The performance of Studio Pro and bots during execution may be unstable. Close applications that are not being used, increase the memory, or optimize the workflow.

[2023-09-28T21:47:33.508Z] : [warn]: There is a small amount of free memory (RAM) left, 92.49% of RAM is being used (7289 MBs). The performance of Studio Pro and bots during execution may be unstable. Close applications that are not being used, increase the memory, or optimize the workflow.

[2023-09-28T21:50:03.479Z] : [warn]: There is a small amount of free memory (RAM) left, 90.76% of RAM is being used (7153 MBs). The performance of Studio Pro and bots during execution may be unstable. Close applications that are not being used, increase the memory, or optimize the workflow.

[2023-09-28T21:53:03.498Z] : [warn]: There is a small amount of free memory (RAM) left, 90.97% of RAM is being used (7169 MBs). The performance of Studio Pro and bots during execution may be unstable. Close applications that are not being used, increase the memory, or optimize the workflow.

[2023-09-28T21:56:03.524Z] : [warn]: There is a small amount of free memory (RAM) left, 91.26% of RAM is being used (7192 MBs). The performance of Studio Pro and bots during execution may be unstable. Close applications that are not being used, increase the memory, or optimize the workflow.

[2023-09-28T21:59:03.552Z] : [warn]: There is a small amount of free memory (RAM) left, 94.99% of RAM is being used (7486 MBs). The performance of Studio Pro and bots during execution may be unstable. Close applications that are not being used, increase the memory, or optimize the workflow.

[2023-09-28T22:02:03.478Z] : [warn]: There is a small amount of free memory (RAM) left, 90.15% of RAM is being used (7105 MBs). The performance of Studio Pro and bots during execution may be unstable. Close applications that are not being used, increase the memory, or optimize the workflow.

[2023-09-28T22:05:03.499Z] : [warn]: There is a small amount of free memory (RAM) left, 91.44% of RAM is being used (7206 MBs). The performance of Studio Pro and bots during execution may be unstable. Close applications that are not being used, increase the memory, or optimize the workflow.

[2023-09-28T22:14:33.492Z] : [warn]: There is a small amount of free memory (RAM) left, 91.19% of RAM is being used (7187 MBs). The performance of Studio Pro and bots during execution may be unstable. Close applications that are not being used, increase the memory, or optimize the workflow.

[2023-09-28T22:41:33.492Z] : [warn]: There is a small amount of free memory (RAM) left, 90.79% of RAM is being used (7155 MBs). The performance of Studio Pro and bots during execution may be unstable. Close applications that are not being used, increase the memory, or optimize the workflow.

[2023-09-28T22:44:33.515Z] : [warn]: There is a small amount of free memory (RAM) left, 94.68% of RAM is being used (7462 MBs). The performance of Studio Pro and bots during execution may be unstable. Close applications that are not being used, increase the memory, or optimize the workflow.

[2023-09-28T22:47:33.534Z] : [warn]: There is a small amount of free memory (RAM) left, 93.64% of RAM is being used (7380 MBs). The performance of Studio Pro and bots during execution may be unstable. Close applications that are not being used, increase the memory, or optimize the workflow.

[2023-09-28T22:50:33.555Z] : [warn]: There is a small amount of free memory (RAM) left, 93.68% of RAM is being used (7383 MBs). The performance of Studio Pro and bots during execution may be unstable. Close applications that are not being used, increase the memory, or optimize the workflow.

[2023-09-28T22:55:03.485Z] : [warn]: There is a small amount of free memory (RAM) left, 90.41% of RAM is being used (7125 MBs). The performance of Studio Pro and bots during execution may be unstable. Close applications that are not being used, increase the memory, or optimize the workflow.

[2023-09-28T22:57:33.487Z] : [warn]: There is a small amount of free memory (RAM) left, 90.32% of RAM is being used (7118 MBs). The performance of Studio Pro and bots during execution may be unstable. Close applications that are not being used, increase the memory, or optimize the workflow.

[2023-09-28T23:00:33.529Z] : [warn]: There is a small amount of free memory (RAM) left, 90.95% of RAM is being used (7168 MBs). The performance of Studio Pro and bots during execution may be unstable. Close applications that are not being used, increase the memory, or optimize the workflow.

[2023-09-28T23:01:33.497Z] : [warn]: There is a small amount of free memory (RAM) left, 90.04% of RAM is being used (7096 MBs). The performance of Studio Pro and bots during execution may be unstable. Close applications that are not being used, increase the memory, or optimize the workflow.

[2023-09-28T23:14:03.476Z] : [warn]: There is a small amount of free memory (RAM) left, 90.57% of RAM is being used (7138 MBs). The performance of Studio Pro and bots during execution may be unstable. Close applications that are not being used, increase the memory, or optimize the workflow.

[2023-09-28T23:17:04.199Z] : [warn]: There is a small amount of free memory (RAM) left, 93.85% of RAM is being used (7396 MBs). The performance of Studio Pro and bots during execution may be unstable. Close applications that are not being used, increase the memory, or optimize the workflow.

[2023-09-28T23:20:04.225Z] : [warn]: There is a small amount of free memory (RAM) left, 94.37% of RAM is being used (7437 MBs). The performance of Studio Pro and bots during execution may be unstable. Close applications that are not being used, increase the memory, or optimize the workflow.

[2023-09-28T23:44:03.489Z] : [warn]: There is a small amount of free memory (RAM) left, 92.21% of RAM is being used (7267 MBs). The performance of Studio Pro and bots during execution may be unstable. Close applications that are not being used, increase the memory, or optimize the workflow.

[2023-09-28T23:47:03.510Z] : [warn]: There is a small amount of free memory (RAM) left, 93.62% of RAM is being used (7378 MBs). The performance of Studio Pro and bots during execution may be unstable. Close applications that are not being used, increase the memory, or optimize the workflow.

[2023-09-28T23:56:03.486Z] : [warn]: There is a small amount of free memory (RAM) left, 94.57% of RAM is being used (7453 MBs). The performance of Studio Pro and bots during execution may be unstable. Close applications that are not being used, increase the memory, or optimize the workflow.

[2023-09-28T23:59:03.516Z] : [warn]: There is a small amount of free memory (RAM) left, 93% of RAM is being used (7329 MBs). The performance of Studio Pro and bots during execution may be unstable. Close applications that are not being used, increase the memory, or optimize the workflow.

[2023-09-29T00:02:03.561Z] : [warn]: There is a small amount of free memory (RAM) left, 92.23% of RAM is being used (7269 MBs). The performance of Studio Pro and bots during execution may be unstable. Close applications that are not being used, increase the memory, or optimize the workflow.

[2023-09-29T00:22:33.509Z] : [warn]: There is a small amount of free memory (RAM) left, 90.8% of RAM is being used (7156 MBs). The performance of Studio Pro and bots during execution may be unstable. Close applications that are not being used, increase the memory, or optimize the workflow.

[2023-09-29T00:24:33.486Z] : [warn]: There is a small amount of free memory (RAM) left, 91.5% of RAM is being used (7211 MBs). The performance of Studio Pro and bots during execution may be unstable. Close applications that are not being used, increase the memory, or optimize the workflow.

[2023-09-29T00:27:33.512Z] : [warn]: There is a small amount of free memory (RAM) left, 94.4% of RAM is being used (7440 MBs). The performance of Studio Pro and bots during execution may be unstable. Close applications that are not being used, increase the memory, or optimize the workflow.

[2023-09-29T00:30:33.540Z] : [warn]: There is a small amount of free memory (RAM) left, 95.27% of RAM is being used (7508 MBs). The performance of Studio Pro and bots during execution may be unstable. Close applications that are not being used, increase the memory, or optimize the workflow.

[2023-09-29T00:35:03.484Z] : [warn]: There is a small amount of free memory (RAM) left, 90.43% of RAM is being used (7127 MBs). The performance of Studio Pro and bots during execution may be unstable. Close applications that are not being used, increase the memory, or optimize the workflow.

[2023-09-29T00:41:03.487Z] : [warn]: There is a small amount of free memory (RAM) left, 90.56% of RAM is being used (7137 MBs). The performance of Studio Pro and bots during execution may be unstable. Close applications that are not being used, increase the memory, or optimize the workflow.

[2023-09-29T00:46:33.520Z] : [warn]: There is a small amount of free memory (RAM) left, 90.75% of RAM is being used (7152 MBs). The performance of Studio Pro and bots during execution may be unstable. Close applications that are not being used, increase the memory, or optimize the workflow.

[2023-09-29T00:49:33.598Z] : [warn]: There is a small amount of free memory (RAM) left, 91.04% of RAM is being used (7175 MBs). The performance of Studio Pro and bots during execution may be unstable. Close applications that are not being used, increase the memory, or optimize the workflow.

[2023-09-29T00:52:33.675Z] : [warn]: There is a small amount of free memory (RAM) left, 93.21% of RAM is being used (7346 MBs). The performance of Studio Pro and bots during execution may be unstable. Close applications that are not being used, increase the memory, or optimize the workflow.

[2023-09-29T00:55:33.692Z] : [warn]: There is a small amount of free memory (RAM) left, 91.32% of RAM is being used (7197 MBs). The performance of Studio Pro and bots during execution may be unstable. Close applications that are not being used, increase the memory, or optimize the workflow.

[2023-09-29T00:58:03.489Z] : [warn]: There is a small amount of free memory (RAM) left, 90.9% of RAM is being used (7164 MBs). The performance of Studio Pro and bots during execution may be unstable. Close applications that are not being used, increase the memory, or optimize the workflow.

[2023-09-29T01:01:03.540Z] : [warn]: There is a small amount of free memory (RAM) left, 93.43% of RAM is being used (7363 MBs). The performance of Studio Pro and bots during execution may be unstable. Close applications that are not being used, increase the memory, or optimize the workflow.

[2023-09-29T01:09:33.516Z] : [warn]: There is a small amount of free memory (RAM) left, 90.31% of RAM is being used (7117 MBs). The performance of Studio Pro and bots during execution may be unstable. Close applications that are not being used, increase the memory, or optimize the workflow.

[2023-09-29T01:12:33.561Z] : [warn]: There is a small amount of free memory (RAM) left, 94.18% of RAM is being used (7422 MBs). The performance of Studio Pro and bots during execution may be unstable. Close applications that are not being used, increase the memory, or optimize the workflow.

[2023-09-29T01:15:33.603Z] : [warn]: There is a small amount of free memory (RAM) left, 94.25% of RAM is being used (7428 MBs). The performance of Studio Pro and bots during execution may be unstable. Close applications that are not being used, increase the memory, or optimize the workflow.

[2023-09-29T01:18:33.608Z] : [warn]: There is a small amount of free memory (RAM) left, 95.44% of RAM is being used (7522 MBs). The performance of Studio Pro and bots during execution may be unstable. Close applications that are not being used, increase the memory, or optimize the workflow.

[2023-09-29T01:21:33.639Z] : [warn]: There is a small amount of free memory (RAM) left, 96.03% of RAM is being used (7568 MBs). The performance of Studio Pro and bots during execution may be unstable. Close applications that are not being used, increase the memory, or optimize the workflow.

[2023-09-29T01:24:33.665Z] : [warn]: There is a small amount of free memory (RAM) left, 92.39% of RAM is being used (7281 MBs). The performance of Studio Pro and bots during execution may be unstable. Close applications that are not being used, increase the memory, or optimize the workflow.

[2023-09-29T01:27:33.695Z] : [warn]: There is a small amount of free memory (RAM) left, 92.63% of RAM is being used (7300 MBs). The performance of Studio Pro and bots during execution may be unstable. Close applications that are not being used, increase the memory, or optimize the workflow.

[2023-09-29T01:30:33.712Z] : [warn]: There is a small amount of free memory (RAM) left, 93.35% of RAM is being used (7357 MBs). The performance of Studio Pro and bots during execution may be unstable. Close applications that are not being used, increase the memory, or optimize the workflow.

[2023-09-29T01:33:33.757Z] : [warn]: There is a small amount of free memory (RAM) left, 94.53% of RAM is being used (7450 MBs). The performance of Studio Pro and bots during execution may be unstable. Close applications that are not being used, increase the memory, or optimize the workflow.

[2023-09-29T01:35:03.461Z] : [warn]: There is a small amount of free memory (RAM) left, 90.24% of RAM is being used (7112 MBs). The performance of Studio Pro and bots during execution may be unstable. Close applications that are not being used, increase the memory, or optimize the workflow.

[2023-09-29T01:38:03.521Z] : [warn]: There is a small amount of free memory (RAM) left, 91.65% of RAM is being used (7223 MBs). The performance of Studio Pro and bots during execution may be unstable. Close applications that are not being used, increase the memory, or optimize the workflow.

[2023-09-29T01:42:33.529Z] : [warn]: There is a small amount of free memory (RAM) left, 91.19% of RAM is being used (7187 MBs). The performance of Studio Pro and bots during execution may be unstable. Close applications that are not being used, increase the memory, or optimize the workflow.

[2023-09-29T01:46:03.512Z] : [warn]: There is a small amount of free memory (RAM) left, 92.64% of RAM is being used (7301 MBs). The performance of Studio Pro and bots during execution may be unstable. Close applications that are not being used, increase the memory, or optimize the workflow.

[2023-09-29T02:02:33.584Z] : [warn]: There is a small amount of free memory (RAM) left, 91.68% of RAM is being used (7225 MBs). The performance of Studio Pro and bots during execution may be unstable. Close applications that are not being used, increase the memory, or optimize the workflow.

[2023-09-29T02:19:03.480Z] : [warn]: There is a small amount of free memory (RAM) left, 95.47% of RAM is being used (7524 MBs). The performance of Studio Pro and bots during execution may be unstable. Close applications that are not being used, increase the memory, or optimize the workflow.

[2023-09-29T02:23:03.482Z] : [warn]: There is a small amount of free memory (RAM) left, 90.52% of RAM is being used (7134 MBs). The performance of Studio Pro and bots during execution may be unstable. Close applications that are not being used, increase the memory, or optimize the workflow.

[2023-09-29T02:26:03.543Z] : [warn]: There is a small amount of free memory (RAM) left, 92.18% of RAM is being used (7265 MBs). The performance of Studio Pro and bots during execution may be unstable. Close applications that are not being used, increase the memory, or optimize the workflow.

[2023-09-29T02:33:03.476Z] : [warn]: There is a small amount of free memory (RAM) left, 91.04% of RAM is being used (7175 MBs). The performance of Studio Pro and bots during execution may be unstable. Close applications that are not being used, increase the memory, or optimize the workflow.

[2023-09-29T02:36:03.495Z] : [warn]: There is a small amount of free memory (RAM) left, 93.24% of RAM is being used (7348 MBs). The performance of Studio Pro and bots during execution may be unstable. Close applications that are not being used, increase the memory, or optimize the workflow.

[2023-09-29T02:39:03.500Z] : [warn]: There is a small amount of free memory (RAM) left, 92.37% of RAM is being used (7280 MBs). The performance of Studio Pro and bots during execution may be unstable. Close applications that are not being used, increase the memory, or optimize the workflow.

[2023-09-29T02:42:03.517Z] : [warn]: There is a small amount of free memory (RAM) left, 92.49% of RAM is being used (7289 MBs). The performance of Studio Pro and bots during execution may be unstable. Close applications that are not being used, increase the memory, or optimize the workflow.

[2023-09-29T02:43:03.462Z] : [warn]: There is a small amount of free memory (RAM) left, 90.95% of RAM is being used (7168 MBs). The performance of Studio Pro and bots during execution may be unstable. Close applications that are not being used, increase the memory, or optimize the workflow.

[2023-09-29T02:47:03.526Z] : [warn]: There is a small amount of free memory (RAM) left, 90.62% of RAM is being used (7142 MBs). The performance of Studio Pro and bots during execution may be unstable. Close applications that are not being used, increase the memory, or optimize the workflow.

[2023-09-29T02:56:03.506Z] : [warn]: There is a small amount of free memory (RAM) left, 90.41% of RAM is being used (7125 MBs). The performance of Studio Pro and bots during execution may be unstable. Close applications that are not being used, increase the memory, or optimize the workflow.

[2023-09-29T02:59:03.534Z] : [warn]: There is a small amount of free memory (RAM) left, 93.05% of RAM is being used (7333 MBs). The performance of Studio Pro and bots during execution may be unstable. Close applications that are not being used, increase the memory, or optimize the workflow.

[2023-09-29T03:02:03.464Z] : [warn]: There is a small amount of free memory (RAM) left, 90.12% of RAM is being used (7102 MBs). The performance of Studio Pro and bots during execution may be unstable. Close applications that are not being used, increase the memory, or optimize the workflow.

[2023-09-29T03:43:03.480Z] : [warn]: There is a small amount of free memory (RAM) left, 90.19% of RAM is being used (7108 MBs). The performance of Studio Pro and bots during execution may be unstable. Close applications that are not being used, increase the memory, or optimize the workflow.

[2023-09-29T03:45:33.520Z] : [warn]: There is a small amount of free memory (RAM) left, 90.22% of RAM is being used (7110 MBs). The performance of Studio Pro and bots during execution may be unstable. Close applications that are not being used, increase the memory, or optimize the workflow.

[2023-09-29T03:48:33.543Z] : [warn]: There is a small amount of free memory (RAM) left, 94.35% of RAM is being used (7436 MBs). The performance of Studio Pro and bots during execution may be unstable. Close applications that are not being used, increase the memory, or optimize the workflow.

[2023-09-29T03:51:33.546Z] : [warn]: There is a small amount of free memory (RAM) left, 96.08% of RAM is being used (7572 MBs). The performance of Studio Pro and bots during execution may be unstable. Close applications that are not being used, increase the memory, or optimize the workflow.

[2023-09-29T03:54:33.551Z] : [warn]: There is a small amount of free memory (RAM) left, 94.66% of RAM is being used (7460 MBs). The performance of Studio Pro and bots during execution may be unstable. Close applications that are not being used, increase the memory, or optimize the workflow.

[2023-09-29T03:57:03.463Z] : [warn]: There is a small amount of free memory (RAM) left, 92.18% of RAM is being used (7265 MBs). The performance of Studio Pro and bots during execution may be unstable. Close applications that are not being used, increase the memory, or optimize the workflow.

[2023-09-29T04:00:03.491Z] : [warn]: There is a small amount of free memory (RAM) left, 92.16% of RAM is being used (7263 MBs). The performance of Studio Pro and bots during execution may be unstable. Close applications that are not being used, increase the memory, or optimize the workflow.

[2023-09-29T04:03:03.512Z] : [warn]: There is a small amount of free memory (RAM) left, 92.55% of RAM is being used (7294 MBs). The performance of Studio Pro and bots during execution may be unstable. Close applications that are not being used, increase the memory, or optimize the workflow.

[2023-09-29T04:06:03.558Z] : [warn]: There is a small amount of free memory (RAM) left, 93.83% of RAM is being used (7395 MBs). The performance of Studio Pro and bots during execution may be unstable. Close applications that are not being used, increase the memory, or optimize the workflow.

[2023-09-29T04:09:03.569Z] : [warn]: There is a small amount of free memory (RAM) left, 94.38% of RAM is being used (7438 MBs). The performance of Studio Pro and bots during execution may be unstable. Close applications that are not being used, increase the memory, or optimize the workflow.

[2023-09-29T04:12:03.589Z] : [warn]: There is a small amount of free memory (RAM) left, 90.98% of RAM is being used (7170 MBs). The performance of Studio Pro and bots during execution may be unstable. Close applications that are not being used, increase the memory, or optimize the workflow.

[2023-09-29T04:15:03.599Z] : [warn]: There is a small amount of free memory (RAM) left, 93.22% of RAM is being used (7347 MBs). The performance of Studio Pro and bots during execution may be unstable. Close applications that are not being used, increase the memory, or optimize the workflow.

[2023-09-29T04:18:03.602Z] : [warn]: There is a small amount of free memory (RAM) left, 93.01% of RAM is being used (7330 MBs). The performance of Studio Pro and bots during execution may be unstable. Close applications that are not being used, increase the memory, or optimize the workflow.

[2023-09-29T04:21:03.606Z] : [warn]: There is a small amount of free memory (RAM) left, 94.54% of RAM is being used (7451 MBs). The performance of Studio Pro and bots during execution may be unstable. Close applications that are not being used, increase the memory, or optimize the workflow.

[2023-09-29T04:24:03.611Z] : [warn]: There is a small amount of free memory (RAM) left, 91.96% of RAM is being used (7247 MBs). The performance of Studio Pro and bots during execution may be unstable. Close applications that are not being used, increase the memory, or optimize the workflow.

[2023-09-29T12:45:21.131Z] : [warn]: There is a small amount of free memory (RAM) left, 94.52% of RAM is being used (7449 MBs). The performance of Studio Pro and bots during execution may be unstable. Close applications that are not being used, increase the memory, or optimize the workflow.

[2023-09-29T12:48:21.170Z] : [warn]: There is a small amount of free memory (RAM) left, 93.35% of RAM is being used (7357 MBs). The performance of Studio Pro and bots during execution may be unstable. Close applications that are not being used, increase the memory, or optimize the workflow.

[2023-09-29T13:01:03.496Z] : [warn]: There is a small amount of free memory (RAM) left, 93.25% of RAM is being used (7349 MBs). The performance of Studio Pro and bots during execution may be unstable. Close applications that are not being used, increase the memory, or optimize the workflow.

[2023-09-29T13:03:03.456Z] : [warn]: There is a small amount of free memory (RAM) left, 90.67% of RAM is being used (7146 MBs). The performance of Studio Pro and bots during execution may be unstable. Close applications that are not being used, increase the memory, or optimize the workflow.

[2023-09-29T13:55:03.474Z] : [warn]: There is a small amount of free memory (RAM) left, 91.98% of RAM is being used (7249 MBs). The performance of Studio Pro and bots during execution may be unstable. Close applications that are not being used, increase the memory, or optimize the workflow.

[2023-09-29T13:58:03.456Z] : [warn]: There is a small amount of free memory (RAM) left, 91.09% of RAM is being used (7179 MBs). The performance of Studio Pro and bots during execution may be unstable. Close applications that are not being used, increase the memory, or optimize the workflow.

[2023-09-29T14:23:33.521Z] : [warn]: There is a small amount of free memory (RAM) left, 94.28% of RAM is being used (7430 MBs). The performance of Studio Pro and bots during execution may be unstable. Close applications that are not being used, increase the memory, or optimize the workflow.

[2023-09-29T14:26:33.540Z] : [warn]: There is a small amount of free memory (RAM) left, 95.08% of RAM is being used (7493 MBs). The performance of Studio Pro and bots during execution may be unstable. Close applications that are not being used, increase the memory, or optimize the workflow.

[2023-09-29T14:29:33.543Z] : [warn]: There is a small amount of free memory (RAM) left, 91.8% of RAM is being used (7235 MBs). The performance of Studio Pro and bots during execution may be unstable. Close applications that are not being used, increase the memory, or optimize the workflow.

[2023-09-29T14:32:33.559Z] : [warn]: There is a small amount of free memory (RAM) left, 91.09% of RAM is being used (7179 MBs). The performance of Studio Pro and bots during execution may be unstable. Close applications that are not being used, increase the memory, or optimize the workflow.

[2023-09-29T14:37:03.472Z] : [warn]: There is a small amount of free memory (RAM) left, 90.29% of RAM is being used (7116 MBs). The performance of Studio Pro and bots during execution may be unstable. Close applications that are not being used, increase the memory, or optimize the workflow.

[2023-09-29T14:40:03.491Z] : [warn]: There is a small amount of free memory (RAM) left, 93.49% of RAM is being used (7368 MBs). The performance of Studio Pro and bots during execution may be unstable. Close applications that are not being used, increase the memory, or optimize the workflow.

[2023-09-29T14:43:03.507Z] : [warn]: There is a small amount of free memory (RAM) left, 90.04% of RAM is being used (7096 MBs). The performance of Studio Pro and bots during execution may be unstable. Close applications that are not being used, increase the memory, or optimize the workflow.

[2023-09-29T14:46:33.496Z] : [warn]: There is a small amount of free memory (RAM) left, 90.08% of RAM is being used (7099 MBs). The performance of Studio Pro and bots during execution may be unstable. Close applications that are not being used, increase the memory, or optimize the workflow.

[2023-09-29T14:49:33.521Z] : [warn]: There is a small amount of free memory (RAM) left, 92.11% of RAM is being used (7259 MBs). The performance of Studio Pro and bots during execution may be unstable. Close applications that are not being used, increase the memory, or optimize the workflow.

[2023-09-29T14:55:33.565Z] : [warn]: There is a small amount of free memory (RAM) left, 91.73% of RAM is being used (7229 MBs). The performance of Studio Pro and bots during execution may be unstable. Close applications that are not being used, increase the memory, or optimize the workflow.

[2023-09-29T14:59:33.487Z] : [warn]: There is a small amount of free memory (RAM) left, 94.34% of RAM is being used (7435 MBs). The performance of Studio Pro and bots during execution may be unstable. Close applications that are not being used, increase the memory, or optimize the workflow.

[2023-09-29T15:02:33.557Z] : [warn]: There is a small amount of free memory (RAM) left, 93.78% of RAM is being used (7391 MBs). The performance of Studio Pro and bots during execution may be unstable. Close applications that are not being used, increase the memory, or optimize the workflow.

[2023-09-29T15:05:33.565Z] : [warn]: There is a small amount of free memory (RAM) left, 94.44% of RAM is being used (7443 MBs). The performance of Studio Pro and bots during execution may be unstable. Close applications that are not being used, increase the memory, or optimize the workflow.

[2023-09-29T15:08:33.501Z] : [warn]: There is a small amount of free memory (RAM) left, 92.46% of RAM is being used (7287 MBs). The performance of Studio Pro and bots during execution may be unstable. Close applications that are not being used, increase the memory, or optimize the workflow.

[2023-09-29T15:18:03.470Z] : [warn]: There is a small amount of free memory (RAM) left, 90.43% of RAM is being used (7127 MBs). The performance of Studio Pro and bots during execution may be unstable. Close applications that are not being used, increase the memory, or optimize the workflow.

[2023-09-29T15:50:03.470Z] : [warn]: There is a small amount of free memory (RAM) left, 90.13% of RAM is being used (7103 MBs). The performance of Studio Pro and bots during execution may be unstable. Close applications that are not being used, increase the memory, or optimize the workflow.

[2023-09-29T15:53:03.487Z] : [warn]: There is a small amount of free memory (RAM) left, 91.57% of RAM is being used (7217 MBs). The performance of Studio Pro and bots during execution may be unstable. Close applications that are not being used, increase the memory, or optimize the workflow.

[2023-09-29T15:56:03.507Z] : [warn]: There is a small amount of free memory (RAM) left, 91.18% of RAM is being used (7186 MBs). The performance of Studio Pro and bots during execution may be unstable. Close applications that are not being used, increase the memory, or optimize the workflow.

[2023-09-29T16:26:33.535Z] : [warn]: There is a small amount of free memory (RAM) left, 90.79% of RAM is being used (7155 MBs). The performance of Studio Pro and bots during execution may be unstable. Close applications that are not being used, increase the memory, or optimize the workflow.

[2023-09-29T16:48:33.487Z] : [warn]: There is a small amount of free memory (RAM) left, 91.74% of RAM is being used (7230 MBs). The performance of Studio Pro and bots during execution may be unstable. Close applications that are not being used, increase the memory, or optimize the workflow.

[2023-09-29T17:10:04.151Z] : [warn]: There is a small amount of free memory (RAM) left, 91.42% of RAM is being used (7205 MBs). The performance of Studio Pro and bots during execution may be unstable. Close applications that are not being used, increase the memory, or optimize the workflow.

[2023-09-29T17:13:04.191Z] : [warn]: There is a small amount of free memory (RAM) left, 94.44% of RAM is being used (7443 MBs). The performance of Studio Pro and bots during execution may be unstable. Close applications that are not being used, increase the memory, or optimize the workflow.

[2023-09-29T17:16:04.211Z] : [warn]: There is a small amount of free memory (RAM) left, 94.1% of RAM is being used (7416 MBs). The performance of Studio Pro and bots during execution may be unstable. Close applications that are not being used, increase the memory, or optimize the workflow.

[2023-09-29T17:17:33.479Z] : [warn]: There is a small amount of free memory (RAM) left, 90.93% of RAM is being used (7166 MBs). The performance of Studio Pro and bots during execution may be unstable. Close applications that are not being used, increase the memory, or optimize the workflow.

[2023-09-29T17:21:03.480Z] : [warn]: There is a small amount of free memory (RAM) left, 91.61% of RAM is being used (7220 MBs). The performance of Studio Pro and bots during execution may be unstable. Close applications that are not being used, increase the memory, or optimize the workflow.

[2023-09-29T17:22:35.754Z] : [warn]: There is a small amount of free memory (RAM) left, 91.59% of RAM is being used (7218 MBs). The performance of Studio Pro and bots during execution may be unstable. Close applications that are not being used, increase the memory, or optimize the workflow.

[2023-09-29T17:24:33.499Z] : [warn]: There is a small amount of free memory (RAM) left, 90.86% of RAM is being used (7161 MBs). The performance of Studio Pro and bots during execution may be unstable. Close applications that are not being used, increase the memory, or optimize the workflow.

[2023-09-29T17:27:03.456Z] : [warn]: There is a small amount of free memory (RAM) left, 90.1% of RAM is being used (7101 MBs). The performance of Studio Pro and bots during execution may be unstable. Close applications that are not being used, increase the memory, or optimize the workflow.

[2023-09-29T17:28:33.476Z] : [warn]: There is a small amount of free memory (RAM) left, 90.08% of RAM is being used (7099 MBs). The performance of Studio Pro and bots during execution may be unstable. Close applications that are not being used, increase the memory, or optimize the workflow.

[2023-09-29T17:40:03.469Z] : [warn]: There is a small amount of free memory (RAM) left, 93.73% of RAM is being used (7387 MBs). The performance of Studio Pro and bots during execution may be unstable. Close applications that are not being used, increase the memory, or optimize the workflow.

[2023-09-29T17:43:03.458Z] : [warn]: There is a small amount of free memory (RAM) left, 94% of RAM is being used (7408 MBs). The performance of Studio Pro and bots during execution may be unstable. Close applications that are not being used, increase the memory, or optimize the workflow.

[2023-09-29T17:44:33.474Z] : [warn]: There is a small amount of free memory (RAM) left, 90.26% of RAM is being used (7113 MBs). The performance of Studio Pro and bots during execution may be unstable. Close applications that are not being used, increase the memory, or optimize the workflow.

[2023-09-29T17:46:33.475Z] : [warn]: There is a small amount of free memory (RAM) left, 91.77% of RAM is being used (7232 MBs). The performance of Studio Pro and bots during execution may be unstable. Close applications that are not being used, increase the memory, or optimize the workflow.

[2023-09-29T17:48:33.474Z] : [warn]: There is a small amount of free memory (RAM) left, 92.5% of RAM is being used (7290 MBs). The performance of Studio Pro and bots during execution may be unstable. Close applications that are not being used, increase the memory, or optimize the workflow.

[2023-09-29T17:50:33.475Z] : [warn]: There is a small amount of free memory (RAM) left, 90.37% of RAM is being used (7122 MBs). The performance of Studio Pro and bots during execution may be unstable. Close applications that are not being used, increase the memory, or optimize the workflow.

[2023-09-29T19:14:33.499Z] : [warn]: There is a small amount of free memory (RAM) left, 91.69% of RAM is being used (7226 MBs). The performance of Studio Pro and bots during execution may be unstable. Close applications that are not being used, increase the memory, or optimize the workflow.

[2023-09-29T19:17:33.522Z] : [warn]: There is a small amount of free memory (RAM) left, 93.55% of RAM is being used (7373 MBs). The performance of Studio Pro and bots during execution may be unstable. Close applications that are not being used, increase the memory, or optimize the workflow.

[2023-09-29T19:20:33.526Z] : [warn]: There is a small amount of free memory (RAM) left, 93.16% of RAM is being used (7342 MBs). The performance of Studio Pro and bots during execution may be unstable. Close applications that are not being used, increase the memory, or optimize the workflow.

[2023-09-29T19:24:03.473Z] : [warn]: There is a small amount of free memory (RAM) left, 90.62% of RAM is being used (7142 MBs). The performance of Studio Pro and bots during execution may be unstable. Close applications that are not being used, increase the memory, or optimize the workflow.

[2023-09-29T20:00:33.736Z] : [warn]: There is a small amount of free memory (RAM) left, 92.49% of RAM is being used (7289 MBs). The performance of Studio Pro and bots during execution may be unstable. Close applications that are not being used, increase the memory, or optimize the workflow.

[2023-09-29T20:05:33.487Z] : [warn]: There is a small amount of free memory (RAM) left, 91.33% of RAM is being used (7198 MBs). The performance of Studio Pro and bots during execution may be unstable. Close applications that are not being used, increase the memory, or optimize the workflow.

[2023-09-29T20:06:33.475Z] : [warn]: There is a small amount of free memory (RAM) left, 90.09% of RAM is being used (7100 MBs). The performance of Studio Pro and bots during execution may be unstable. Close applications that are not being used, increase the memory, or optimize the workflow.

[2023-09-29T20:13:03.470Z] : [warn]: There is a small amount of free memory (RAM) left, 90.56% of RAM is being used (7137 MBs). The performance of Studio Pro and bots during execution may be unstable. Close applications that are not being used, increase the memory, or optimize the workflow.

[2023-09-29T20:16:03.489Z] : [warn]: There is a small amount of free memory (RAM) left, 91.78% of RAM is being used (7233 MBs). The performance of Studio Pro and bots during execution may be unstable. Close applications that are not being used, increase the memory, or optimize the workflow.

[2023-09-29T20:19:03.507Z] : [warn]: There is a small amount of free memory (RAM) left, 91.23% of RAM is being used (7190 MBs). The performance of Studio Pro and bots during execution may be unstable. Close applications that are not being used, increase the memory, or optimize the workflow.

[2023-09-29T20:30:03.472Z] : [warn]: There is a small amount of free memory (RAM) left, 90.32% of RAM is being used (7118 MBs). The performance of Studio Pro and bots during execution may be unstable. Close applications that are not being used, increase the memory, or optimize the workflow.

[2023-09-29T20:33:03.456Z] : [warn]: There is a small amount of free memory (RAM) left, 91.68% of RAM is being used (7225 MBs). The performance of Studio Pro and bots during execution may be unstable. Close applications that are not being used, increase the memory, or optimize the workflow.

[2023-09-29T20:36:03.475Z] : [warn]: There is a small amount of free memory (RAM) left, 91.55% of RAM is being used (7215 MBs). The performance of Studio Pro and bots during execution may be unstable. Close applications that are not being used, increase the memory, or optimize the workflow.

[2023-09-29T20:38:33.477Z] : [warn]: There is a small amount of free memory (RAM) left, 90.23% of RAM is being used (7111 MBs). The performance of Studio Pro and bots during execution may be unstable. Close applications that are not being used, increase the memory, or optimize the workflow.

[2023-09-29T20:41:33.494Z] : [warn]: There is a small amount of free memory (RAM) left, 90.69% of RAM is being used (7147 MBs). The performance of Studio Pro and bots during execution may be unstable. Close applications that are not being used, increase the memory, or optimize the workflow.

[2023-09-29T20:43:33.472Z] : [warn]: There is a small amount of free memory (RAM) left, 90.12% of RAM is being used (7102 MBs). The performance of Studio Pro and bots during execution may be unstable. Close applications that are not being used, increase the memory, or optimize the workflow.

[2023-09-29T20:46:33.493Z] : [warn]: There is a small amount of free memory (RAM) left, 92.58% of RAM is being used (7296 MBs). The performance of Studio Pro and bots during execution may be unstable. Close applications that are not being used, increase the memory, or optimize the workflow.

[2023-09-29T20:49:33.497Z] : [warn]: There is a small amount of free memory (RAM) left, 90.76% of RAM is being used (7153 MBs). The performance of Studio Pro and bots during execution may be unstable. Close applications that are not being used, increase the memory, or optimize the workflow.

[2023-09-29T21:35:03.470Z] : [warn]: There is a small amount of free memory (RAM) left, 90.64% of RAM is being used (7143 MBs). The performance of Studio Pro and bots during execution may be unstable. Close applications that are not being used, increase the memory, or optimize the workflow.

[2023-09-29T21:38:03.493Z] : [warn]: There is a small amount of free memory (RAM) left, 94.05% of RAM is being used (7412 MBs). The performance of Studio Pro and bots during execution may be unstable. Close applications that are not being used, increase the memory, or optimize the workflow.

[2023-09-29T21:41:03.506Z] : [warn]: There is a small amount of free memory (RAM) left, 95.86% of RAM is being used (7555 MBs). The performance of Studio Pro and bots during execution may be unstable. Close applications that are not being used, increase the memory, or optimize the workflow.

[2023-09-29T21:48:33.807Z] : [warn]: There is a small amount of free memory (RAM) left, 91.4% of RAM is being used (7203 MBs). The performance of Studio Pro and bots during execution may be unstable. Close applications that are not being used, increase the memory, or optimize the workflow.

[2023-09-29T21:51:33.830Z] : [warn]: There is a small amount of free memory (RAM) left, 91.64% of RAM is being used (7222 MBs). The performance of Studio Pro and bots during execution may be unstable. Close applications that are not being used, increase the memory, or optimize the workflow.

[2023-09-29T21:53:03.456Z] : [warn]: There is a small amount of free memory (RAM) left, 90.67% of RAM is being used (7146 MBs). The performance of Studio Pro and bots during execution may be unstable. Close applications that are not being used, increase the memory, or optimize the workflow.

[2023-09-29T21:56:03.475Z] : [warn]: There is a small amount of free memory (RAM) left, 94.02% of RAM is being used (7410 MBs). The performance of Studio Pro and bots during execution may be unstable. Close applications that are not being used, increase the memory, or optimize the workflow.

[2023-09-29T22:00:33.509Z] : [warn]: There is a small amount of free memory (RAM) left, 92.08% of RAM is being used (7257 MBs). The performance of Studio Pro and bots during execution may be unstable. Close applications that are not being used, increase the memory, or optimize the workflow.

[2023-09-29T22:04:33.491Z] : [warn]: There is a small amount of free memory (RAM) left, 91.04% of RAM is being used (7175 MBs). The performance of Studio Pro and bots during execution may be unstable. Close applications that are not being used, increase the memory, or optimize the workflow.

[2023-09-29T22:07:33.523Z] : [warn]: There is a small amount of free memory (RAM) left, 90.39% of RAM is being used (7124 MBs). The performance of Studio Pro and bots during execution may be unstable. Close applications that are not being used, increase the memory, or optimize the workflow.

[2023-09-29T22:09:03.461Z] : [warn]: There is a small amount of free memory (RAM) left, 90.2% of RAM is being used (7109 MBs). The performance of Studio Pro and bots during execution may be unstable. Close applications that are not being used, increase the memory, or optimize the workflow.

[2023-09-29T22:12:03.482Z] : [warn]: There is a small amount of free memory (RAM) left, 92.64% of RAM is being used (7301 MBs). The performance of Studio Pro and bots during execution may be unstable. Close applications that are not being used, increase the memory, or optimize the workflow.

[2023-09-29T22:15:33.491Z] : [warn]: There is a small amount of free memory (RAM) left, 91.31% of RAM is being used (7196 MBs). The performance of Studio Pro and bots during execution may be unstable. Close applications that are not being used, increase the memory, or optimize the workflow.

[2023-09-29T22:22:03.519Z] : [warn]: There is a small amount of free memory (RAM) left, 90.28% of RAM is being used (7115 MBs). The performance of Studio Pro and bots during execution may be unstable. Close applications that are not being used, increase the memory, or optimize the workflow.

[2023-09-29T22:24:03.458Z] : [warn]: There is a small amount of free memory (RAM) left, 92.09% of RAM is being used (7258 MBs). The performance of Studio Pro and bots during execution may be unstable. Close applications that are not being used, increase the memory, or optimize the workflow.

[2023-09-29T22:27:03.475Z] : [warn]: There is a small amount of free memory (RAM) left, 93.69% of RAM is being used (7384 MBs). The performance of Studio Pro and bots during execution may be unstable. Close applications that are not being used, increase the memory, or optimize the workflow.

[2023-09-29T22:30:03.508Z] : [warn]: There is a small amount of free memory (RAM) left, 90.9% of RAM is being used (7164 MBs). The performance of Studio Pro and bots during execution may be unstable. Close applications that are not being used, increase the memory, or optimize the workflow.

[2023-09-29T22:35:03.471Z] : [warn]: There is a small amount of free memory (RAM) left, 91.75% of RAM is being used (7231 MBs). The performance of Studio Pro and bots during execution may be unstable. Close applications that are not being used, increase the memory, or optimize the workflow.

[2023-09-29T22:37:03.458Z] : [warn]: There is a small amount of free memory (RAM) left, 92.12% of RAM is being used (7260 MBs). The performance of Studio Pro and bots during execution may be unstable. Close applications that are not being used, increase the memory, or optimize the workflow.

[2023-09-29T22:46:03.474Z] : [warn]: There is a small amount of free memory (RAM) left, 90.31% of RAM is being used (7117 MBs). The performance of Studio Pro and bots during execution may be unstable. Close applications that are not being used, increase the memory, or optimize the workflow.

[2023-09-29T22:47:03.459Z] : [warn]: There is a small amount of free memory (RAM) left, 91.42% of RAM is being used (7205 MBs). The performance of Studio Pro and bots during execution may be unstable. Close applications that are not being used, increase the memory, or optimize the workflow.

[2023-09-29T22:48:03.457Z] : [warn]: There is a small amount of free memory (RAM) left, 90.08% of RAM is being used (7099 MBs). The performance of Studio Pro and bots during execution may be unstable. Close applications that are not being used, increase the memory, or optimize the workflow.

[2023-09-29T22:51:03.482Z] : [warn]: There is a small amount of free memory (RAM) left, 91.35% of RAM is being used (7199 MBs). The performance of Studio Pro and bots during execution may be unstable. Close applications that are not being used, increase the memory, or optimize the workflow.

[2023-09-29T22:55:03.486Z] : [warn]: There is a small amount of free memory (RAM) left, 91.11% of RAM is being used (7180 MBs). The performance of Studio Pro and bots during execution may be unstable. Close applications that are not being used, increase the memory, or optimize the workflow.

[2023-09-29T23:00:33.507Z] : [warn]: There is a small amount of free memory (RAM) left, 90.06% of RAM is being used (7098 MBs). The performance of Studio Pro and bots during execution may be unstable. Close applications that are not being used, increase the memory, or optimize the workflow.

[2023-09-29T23:02:33.478Z] : [warn]: There is a small amount of free memory (RAM) left, 90.17% of RAM is being used (7106 MBs). The performance of Studio Pro and bots during execution may be unstable. Close applications that are not being used, increase the memory, or optimize the workflow.

[2023-09-29T23:05:03.463Z] : [warn]: There is a small amount of free memory (RAM) left, 90.41% of RAM is being used (7125 MBs). The performance of Studio Pro and bots during execution may be unstable. Close applications that are not being used, increase the memory, or optimize the workflow.

[2023-09-29T23:09:03.519Z] : [warn]: There is a small amount of free memory (RAM) left, 92.22% of RAM is being used (7268 MBs). The performance of Studio Pro and bots during execution may be unstable. Close applications that are not being used, increase the memory, or optimize the workflow.

[2023-09-29T23:10:33.456Z] : [warn]: There is a small amount of free memory (RAM) left, 90.14% of RAM is being used (7104 MBs). The performance of Studio Pro and bots during execution may be unstable. Close applications that are not being used, increase the memory, or optimize the workflow.

[2023-09-29T23:20:03.471Z] : [warn]: There is a small amount of free memory (RAM) left, 91.4% of RAM is being used (7203 MBs). The performance of Studio Pro and bots during execution may be unstable. Close applications that are not being used, increase the memory, or optimize the workflow.

[2023-09-29T23:25:03.482Z] : [warn]: There is a small amount of free memory (RAM) left, 90.95% of RAM is being used (7168 MBs). The performance of Studio Pro and bots during execution may be unstable. Close applications that are not being used, increase the memory, or optimize the workflow.

[2023-09-29T23:39:03.459Z] : [warn]: There is a small amount of free memory (RAM) left, 93.59% of RAM is being used (7376 MBs). The performance of Studio Pro and bots during execution may be unstable. Close applications that are not being used, increase the memory, or optimize the workflow.

[2023-09-30T00:48:54.917Z] : [warn]: There is a small amount of free memory (RAM) left, 94.38% of RAM is being used (7438 MBs). The performance of Studio Pro and bots during execution may be unstable. Close applications that are not being used, increase the memory, or optimize the workflow.

[2023-09-30T00:51:54.929Z] : [warn]: There is a small amount of free memory (RAM) left, 93.01% of RAM is being used (7330 MBs). The performance of Studio Pro and bots during execution may be unstable. Close applications that are not being used, increase the memory, or optimize the workflow.

[2023-09-30T14:18:19.877Z] : [warn]: There is a small amount of free memory (RAM) left, 92.54% of RAM is being used (7293 MBs). The performance of Studio Pro and bots during execution may be unstable. Close applications that are not being used, increase the memory, or optimize the workflow.

[2023-09-30T14:21:20.056Z] : [warn]: There is a small amount of free memory (RAM) left, 95.28% of RAM is being used (7509 MBs). The performance of Studio Pro and bots during execution may be unstable. Close applications that are not being used, increase the memory, or optimize the workflow.

[2023-09-30T14:54:03.492Z] : [warn]: There is a small amount of free memory (RAM) left, 91.73% of RAM is being used (7229 MBs). The performance of Studio Pro and bots during execution may be unstable. Close applications that are not being used, increase the memory, or optimize the workflow.

[2023-09-30T14:57:03.569Z] : [warn]: There is a small amount of free memory (RAM) left, 95.85% of RAM is being used (7554 MBs). The performance of Studio Pro and bots during execution may be unstable. Close applications that are not being used, increase the memory, or optimize the workflow.

[2023-09-30T15:03:33.498Z] : [warn]: There is a small amount of free memory (RAM) left, 93.81% of RAM is being used (7393 MBs). The performance of Studio Pro and bots during execution may be unstable. Close applications that are not being used, increase the memory, or optimize the workflow.

[2023-09-30T15:15:33.476Z] : [warn]: There is a small amount of free memory (RAM) left, 92.21% of RAM is being used (7267 MBs). The performance of Studio Pro and bots during execution may be unstable. Close applications that are not being used, increase the memory, or optimize the workflow.

[2023-09-30T15:18:33.482Z] : [warn]: There is a small amount of free memory (RAM) left, 93.05% of RAM is being used (7333 MBs). The performance of Studio Pro and bots during execution may be unstable. Close applications that are not being used, increase the memory, or optimize the workflow.

[2023-09-30T15:20:03.450Z] : [warn]: There is a small amount of free memory (RAM) left, 90.79% of RAM is being used (7155 MBs). The performance of Studio Pro and bots during execution may be unstable. Close applications that are not being used, increase the memory, or optimize the workflow.

[2023-09-30T15:23:03.472Z] : [warn]: There is a small amount of free memory (RAM) left, 90.37% of RAM is being used (7122 MBs). The performance of Studio Pro and bots during execution may be unstable. Close applications that are not being used, increase the memory, or optimize the workflow.

[2023-09-30T15:48:33.468Z] : [warn]: There is a small amount of free memory (RAM) left, 92.29% of RAM is being used (7273 MBs). The performance of Studio Pro and bots during execution may be unstable. Close applications that are not being used, increase the memory, or optimize the workflow.

[2023-09-30T15:51:33.484Z] : [warn]: There is a small amount of free memory (RAM) left, 90.84% of RAM is being used (7159 MBs). The performance of Studio Pro and bots during execution may be unstable. Close applications that are not being used, increase the memory, or optimize the workflow.

[2023-09-30T15:57:33.491Z] : [warn]: There is a small amount of free memory (RAM) left, 90.01% of RAM is being used (7094 MBs). The performance of Studio Pro and bots during execution may be unstable. Close applications that are not being used, increase the memory, or optimize the workflow.

[2023-09-30T15:58:33.477Z] : [warn]: There is a small amount of free memory (RAM) left, 90.18% of RAM is being used (7107 MBs). The performance of Studio Pro and bots during execution may be unstable. Close applications that are not being used, increase the memory, or optimize the workflow.

[2023-09-30T16:01:33.497Z] : [warn]: There is a small amount of free memory (RAM) left, 90.69% of RAM is being used (7147 MBs). The performance of Studio Pro and bots during execution may be unstable. Close applications that are not being used, increase the memory, or optimize the workflow.

[2023-09-30T16:04:33.504Z] : [warn]: There is a small amount of free memory (RAM) left, 90.81% of RAM is being used (7157 MBs). The performance of Studio Pro and bots during execution may be unstable. Close applications that are not being used, increase the memory, or optimize the workflow.

[2023-09-30T16:07:33.508Z] : [warn]: There is a small amount of free memory (RAM) left, 91.23% of RAM is being used (7190 MBs). The performance of Studio Pro and bots during execution may be unstable. Close applications that are not being used, increase the memory, or optimize the workflow.

[2023-09-30T16:10:33.531Z] : [warn]: There is a small amount of free memory (RAM) left, 91.8% of RAM is being used (7235 MBs). The performance of Studio Pro and bots during execution may be unstable. Close applications that are not being used, increase the memory, or optimize the workflow.

[2023-09-30T16:13:33.535Z] : [warn]: There is a small amount of free memory (RAM) left, 92.3% of RAM is being used (7274 MBs). The performance of Studio Pro and bots during execution may be unstable. Close applications that are not being used, increase the memory, or optimize the workflow.

[2023-09-30T16:16:33.560Z] : [warn]: There is a small amount of free memory (RAM) left, 90.28% of RAM is being used (7115 MBs). The performance of Studio Pro and bots during execution may be unstable. Close applications that are not being used, increase the memory, or optimize the workflow.

[2023-09-30T16:19:33.564Z] : [warn]: There is a small amount of free memory (RAM) left, 92.07% of RAM is being used (7256 MBs). The performance of Studio Pro and bots during execution may be unstable. Close applications that are not being used, increase the memory, or optimize the workflow.

[2023-09-30T16:22:33.586Z] : [warn]: There is a small amount of free memory (RAM) left, 92.16% of RAM is being used (7263 MBs). The performance of Studio Pro and bots during execution may be unstable. Close applications that are not being used, increase the memory, or optimize the workflow.

[2023-09-30T16:50:03.482Z] : [warn]: There is a small amount of free memory (RAM) left, 92.06% of RAM is being used (7255 MBs). The performance of Studio Pro and bots during execution may be unstable. Close applications that are not being used, increase the memory, or optimize the workflow.

[2023-09-30T16:54:33.474Z] : [warn]: There is a small amount of free memory (RAM) left, 91.63% of RAM is being used (7221 MBs). The performance of Studio Pro and bots during execution may be unstable. Close applications that are not being used, increase the memory, or optimize the workflow.

[2023-09-30T16:57:33.496Z] : [warn]: There is a small amount of free memory (RAM) left, 93.45% of RAM is being used (7365 MBs). The performance of Studio Pro and bots during execution may be unstable. Close applications that are not being used, increase the memory, or optimize the workflow.

[2023-09-30T17:00:33.500Z] : [warn]: There is a small amount of free memory (RAM) left, 92.54% of RAM is being used (7293 MBs). The performance of Studio Pro and bots during execution may be unstable. Close applications that are not being used, increase the memory, or optimize the workflow.

[2023-09-30T17:02:03.455Z] : [warn]: There is a small amount of free memory (RAM) left, 94.47% of RAM is being used (7445 MBs). The performance of Studio Pro and bots during execution may be unstable. Close applications that are not being used, increase the memory, or optimize the workflow.

[2023-09-30T17:22:03.462Z] : [warn]: There is a small amount of free memory (RAM) left, 91.93% of RAM is being used (7245 MBs). The performance of Studio Pro and bots during execution may be unstable. Close applications that are not being used, increase the memory, or optimize the workflow.

[2023-09-30T18:07:33.479Z] : [warn]: There is a small amount of free memory (RAM) left, 90.22% of RAM is being used (7110 MBs). The performance of Studio Pro and bots during execution may be unstable. Close applications that are not being used, increase the memory, or optimize the workflow.

[2023-09-30T18:09:03.448Z] : [warn]: There is a small amount of free memory (RAM) left, 90.41% of RAM is being used (7125 MBs). The performance of Studio Pro and bots during execution may be unstable. Close applications that are not being used, increase the memory, or optimize the workflow.

[2023-09-30T18:12:03.481Z] : [warn]: There is a small amount of free memory (RAM) left, 90.27% of RAM is being used (7114 MBs). The performance of Studio Pro and bots during execution may be unstable. Close applications that are not being used, increase the memory, or optimize the workflow.

[2023-09-30T18:15:03.495Z] : [warn]: There is a small amount of free memory (RAM) left, 90.46% of RAM is being used (7129 MBs). The performance of Studio Pro and bots during execution may be unstable. Close applications that are not being used, increase the memory, or optimize the workflow.

[2023-09-30T18:17:03.445Z] : [warn]: There is a small amount of free memory (RAM) left, 90.06% of RAM is being used (7098 MBs). The performance of Studio Pro and bots during execution may be unstable. Close applications that are not being used, increase the memory, or optimize the workflow.

[2023-09-30T18:18:33.484Z] : [warn]: There is a small amount of free memory (RAM) left, 90.98% of RAM is being used (7170 MBs). The performance of Studio Pro and bots during execution may be unstable. Close applications that are not being used, increase the memory, or optimize the workflow.

[2023-09-30T18:21:33.508Z] : [warn]: There is a small amount of free memory (RAM) left, 91.18% of RAM is being used (7186 MBs). The performance of Studio Pro and bots during execution may be unstable. Close applications that are not being used, increase the memory, or optimize the workflow.

[2023-09-30T18:24:33.510Z] : [warn]: There is a small amount of free memory (RAM) left, 91.21% of RAM is being used (7188 MBs). The performance of Studio Pro and bots during execution may be unstable. Close applications that are not being used, increase the memory, or optimize the workflow.

[2023-09-30T18:27:03.449Z] : [warn]: There is a small amount of free memory (RAM) left, 92.04% of RAM is being used (7254 MBs). The performance of Studio Pro and bots during execution may be unstable. Close applications that are not being used, increase the memory, or optimize the workflow.

[2023-09-30T18:30:03.470Z] : [warn]: There is a small amount of free memory (RAM) left, 91.54% of RAM is being used (7214 MBs). The performance of Studio Pro and bots during execution may be unstable. Close applications that are not being used, increase the memory, or optimize the workflow.

[2023-09-30T18:49:03.464Z] : [warn]: There is a small amount of free memory (RAM) left, 92.69% of RAM is being used (7305 MBs). The performance of Studio Pro and bots during execution may be unstable. Close applications that are not being used, increase the memory, or optimize the workflow.

[2023-09-30T18:52:03.491Z] : [warn]: There is a small amount of free memory (RAM) left, 91.16% of RAM is being used (7184 MBs). The performance of Studio Pro and bots during execution may be unstable. Close applications that are not being used, increase the memory, or optimize the workflow.

[2023-09-30T18:55:03.516Z] : [warn]: There is a small amount of free memory (RAM) left, 93.08% of RAM is being used (7336 MBs). The performance of Studio Pro and bots during execution may be unstable. Close applications that are not being used, increase the memory, or optimize the workflow.

[2023-09-30T19:33:03.472Z] : [warn]: There is a small amount of free memory (RAM) left, 90.15% of RAM is being used (7105 MBs). The performance of Studio Pro and bots during execution may be unstable. Close applications that are not being used, increase the memory, or optimize the workflow.

[2023-09-30T19:35:33.489Z] : [warn]: There is a small amount of free memory (RAM) left, 91.32% of RAM is being used (7197 MBs). The performance of Studio Pro and bots during execution may be unstable. Close applications that are not being used, increase the memory, or optimize the workflow.

[2023-09-30T19:38:33.520Z] : [warn]: There is a small amount of free memory (RAM) left, 90.72% of RAM is being used (7150 MBs). The performance of Studio Pro and bots during execution may be unstable. Close applications that are not being used, increase the memory, or optimize the workflow.

[2023-09-30T20:24:33.487Z] : [warn]: There is a small amount of free memory (RAM) left, 90.22% of RAM is being used (7110 MBs). The performance of Studio Pro and bots during execution may be unstable. Close applications that are not being used, increase the memory, or optimize the workflow.

[2023-09-30T20:25:33.468Z] : [warn]: There is a small amount of free memory (RAM) left, 90.76% of RAM is being used (7153 MBs). The performance of Studio Pro and bots during execution may be unstable. Close applications that are not being used, increase the memory, or optimize the workflow.

[2023-09-30T20:28:33.497Z] : [warn]: There is a small amount of free memory (RAM) left, 94.29% of RAM is being used (7431 MBs). The performance of Studio Pro and bots during execution may be unstable. Close applications that are not being used, increase the memory, or optimize the workflow.

[2023-09-30T21:10:33.487Z] : [warn]: There is a small amount of free memory (RAM) left, 91.38% of RAM is being used (7202 MBs). The performance of Studio Pro and bots during execution may be unstable. Close applications that are not being used, increase the memory, or optimize the workflow.

[2023-09-30T21:13:33.665Z] : [warn]: There is a small amount of free memory (RAM) left, 93.03% of RAM is being used (7332 MBs). The performance of Studio Pro and bots during execution may be unstable. Close applications that are not being used, increase the memory, or optimize the workflow.

[2023-09-30T21:16:33.693Z] : [warn]: There is a small amount of free memory (RAM) left, 92.75% of RAM is being used (7310 MBs). The performance of Studio Pro and bots during execution may be unstable. Close applications that are not being used, increase the memory, or optimize the workflow.

[2023-09-30T21:19:33.700Z] : [warn]: There is a small amount of free memory (RAM) left, 95.42% of RAM is being used (7520 MBs). The performance of Studio Pro and bots during execution may be unstable. Close applications that are not being used, increase the memory, or optimize the workflow.

[2023-09-30T21:22:33.712Z] : [warn]: There is a small amount of free memory (RAM) left, 91% of RAM is being used (7172 MBs). The performance of Studio Pro and bots during execution may be unstable. Close applications that are not being used, increase the memory, or optimize the workflow.

[2023-09-30T21:25:33.720Z] : [warn]: There is a small amount of free memory (RAM) left, 91.27% of RAM is being used (7193 MBs). The performance of Studio Pro and bots during execution may be unstable. Close applications that are not being used, increase the memory, or optimize the workflow.

[2023-09-30T21:41:03.463Z] : [warn]: There is a small amount of free memory (RAM) left, 90.51% of RAM is being used (7133 MBs). The performance of Studio Pro and bots during execution may be unstable. Close applications that are not being used, increase the memory, or optimize the workflow.

[2023-09-30T21:45:33.482Z] : [warn]: There is a small amount of free memory (RAM) left, 90.62% of RAM is being used (7142 MBs). The performance of Studio Pro and bots during execution may be unstable. Close applications that are not being used, increase the memory, or optimize the workflow.

[2023-09-30T21:48:33.489Z] : [warn]: There is a small amount of free memory (RAM) left, 90.17% of RAM is being used (7106 MBs). The performance of Studio Pro and bots during execution may be unstable. Close applications that are not being used, increase the memory, or optimize the workflow.

[2023-09-30T21:51:33.511Z] : [warn]: There is a small amount of free memory (RAM) left, 90.89% of RAM is being used (7163 MBs). The performance of Studio Pro and bots during execution may be unstable. Close applications that are not being used, increase the memory, or optimize the workflow.

[2023-09-30T21:54:33.520Z] : [warn]: There is a small amount of free memory (RAM) left, 92.02% of RAM is being used (7252 MBs). The performance of Studio Pro and bots during execution may be unstable. Close applications that are not being used, increase the memory, or optimize the workflow.

[2023-09-30T21:56:33.489Z] : [warn]: There is a small amount of free memory (RAM) left, 90.33% of RAM is being used (7119 MBs). The performance of Studio Pro and bots during execution may be unstable. Close applications that are not being used, increase the memory, or optimize the workflow.

[2023-09-30T21:59:33.517Z] : [warn]: There is a small amount of free memory (RAM) left, 91.23% of RAM is being used (7190 MBs). The performance of Studio Pro and bots during execution may be unstable. Close applications that are not being used, increase the memory, or optimize the workflow.

[2023-09-30T22:02:33.561Z] : [warn]: There is a small amount of free memory (RAM) left, 93.22% of RAM is being used (7347 MBs). The performance of Studio Pro and bots during execution may be unstable. Close applications that are not being used, increase the memory, or optimize the workflow.

[2023-09-30T22:05:33.582Z] : [warn]: There is a small amount of free memory (RAM) left, 92.53% of RAM is being used (7292 MBs). The performance of Studio Pro and bots during execution may be unstable. Close applications that are not being used, increase the memory, or optimize the workflow.

[2023-09-30T22:18:04.523Z] : [success]: Robot saved successfully

