
  ==========================================
  Studio Pro version: 9.5.18
  Started at: 11/9/2023, 12:41:23
  ==========================================
  

[2023-09-11T17:41:25.224Z] : [success]: Robot saved successfully

[2023-09-11T17:41:32.331Z] : [info]: ---------------------------------------------

[2023-09-11T17:41:32.333Z] : [success]: Bot started

[2023-09-11T17:41:32.335Z] : [info]: Robot start

[2023-09-11T17:41:43.086Z] : [success]: Bot finished successfully, total execution time: 10s 746ms

[2023-09-11T17:41:43.088Z] : [info]: ---------------------------------------------

[2023-09-11T17:41:51.653Z] : [warn]: There is a small amount of free memory (RAM) left, 92.91% of RAM is being used (7322 MBs). The performance of Studio Pro and bots during execution may be unstable. Close applications that are not being used, increase the memory, or optimize the workflow.

[2023-09-11T17:44:51.670Z] : [warn]: There is a small amount of free memory (RAM) left, 92.77% of RAM is being used (7311 MBs). The performance of Studio Pro and bots during execution may be unstable. Close applications that are not being used, increase the memory, or optimize the workflow.

[2023-09-11T17:44:56.159Z] : [success]: Bot started

[2023-09-11T17:44:56.161Z] : [info]: Robot start

[2023-09-11T17:45:04.747Z] : [success]: Bot finished successfully, total execution time: 8s 581ms

[2023-09-11T17:45:04.751Z] : [info]: ---------------------------------------------

[2023-09-11T19:53:24.011Z] : [warn]: There is a small amount of free memory (RAM) left, 91.08% of RAM is being used (7178 MBs). The performance of Studio Pro and bots during execution may be unstable. Close applications that are not being used, increase the memory, or optimize the workflow.

[2023-09-11T19:54:23.994Z] : [warn]: There is a small amount of free memory (RAM) left, 90.6% of RAM is being used (7140 MBs). The performance of Studio Pro and bots during execution may be unstable. Close applications that are not being used, increase the memory, or optimize the workflow.

[2023-09-11T22:58:54.025Z] : [warn]: There is a small amount of free memory (RAM) left, 92.4% of RAM is being used (7282 MBs). The performance of Studio Pro and bots during execution may be unstable. Close applications that are not being used, increase the memory, or optimize the workflow.

[2023-09-11T23:01:23.976Z] : [warn]: There is a small amount of free memory (RAM) left, 90.08% of RAM is being used (7099 MBs). The performance of Studio Pro and bots during execution may be unstable. Close applications that are not being used, increase the memory, or optimize the workflow.

[2023-09-11T23:07:54.048Z] : [warn]: There is a small amount of free memory (RAM) left, 93.69% of RAM is being used (7384 MBs). The performance of Studio Pro and bots during execution may be unstable. Close applications that are not being used, increase the memory, or optimize the workflow.

[2023-09-11T23:36:24.007Z] : [warn]: There is a small amount of free memory (RAM) left, 91.68% of RAM is being used (7225 MBs). The performance of Studio Pro and bots during execution may be unstable. Close applications that are not being used, increase the memory, or optimize the workflow.

[2023-09-12T01:06:24.005Z] : [warn]: There is a small amount of free memory (RAM) left, 90.86% of RAM is being used (7161 MBs). The performance of Studio Pro and bots during execution may be unstable. Close applications that are not being used, increase the memory, or optimize the workflow.

[2023-09-12T01:09:24.042Z] : [warn]: There is a small amount of free memory (RAM) left, 90.28% of RAM is being used (7115 MBs). The performance of Studio Pro and bots during execution may be unstable. Close applications that are not being used, increase the memory, or optimize the workflow.

[2023-09-12T01:15:24.008Z] : [warn]: There is a small amount of free memory (RAM) left, 90.98% of RAM is being used (7170 MBs). The performance of Studio Pro and bots during execution may be unstable. Close applications that are not being used, increase the memory, or optimize the workflow.

[2023-09-12T01:38:24.007Z] : [warn]: There is a small amount of free memory (RAM) left, 90.01% of RAM is being used (7094 MBs). The performance of Studio Pro and bots during execution may be unstable. Close applications that are not being used, increase the memory, or optimize the workflow.

[2023-09-12T01:39:54.001Z] : [warn]: There is a small amount of free memory (RAM) left, 90.17% of RAM is being used (7106 MBs). The performance of Studio Pro and bots during execution may be unstable. Close applications that are not being used, increase the memory, or optimize the workflow.

[2023-09-12T01:58:54.032Z] : [warn]: There is a small amount of free memory (RAM) left, 90.81% of RAM is being used (7157 MBs). The performance of Studio Pro and bots during execution may be unstable. Close applications that are not being used, increase the memory, or optimize the workflow.

[2023-09-12T02:01:54.063Z] : [warn]: There is a small amount of free memory (RAM) left, 91.03% of RAM is being used (7174 MBs). The performance of Studio Pro and bots during execution may be unstable. Close applications that are not being used, increase the memory, or optimize the workflow.

[2023-09-12T02:10:27.948Z] : [warn]: There is a small amount of free memory (RAM) left, 93.48% of RAM is being used (7367 MBs). The performance of Studio Pro and bots during execution may be unstable. Close applications that are not being used, increase the memory, or optimize the workflow.

[2023-09-12T02:13:54.018Z] : [warn]: There is a small amount of free memory (RAM) left, 92.64% of RAM is being used (7301 MBs). The performance of Studio Pro and bots during execution may be unstable. Close applications that are not being used, increase the memory, or optimize the workflow.

[2023-09-12T13:43:23.985Z] : [warn]: There is a small amount of free memory (RAM) left, 91.19% of RAM is being used (7187 MBs). The performance of Studio Pro and bots during execution may be unstable. Close applications that are not being used, increase the memory, or optimize the workflow.

[2023-09-12T13:44:54.011Z] : [warn]: There is a small amount of free memory (RAM) left, 91.63% of RAM is being used (7221 MBs). The performance of Studio Pro and bots during execution may be unstable. Close applications that are not being used, increase the memory, or optimize the workflow.

[2023-09-12T13:45:54.025Z] : [warn]: There is a small amount of free memory (RAM) left, 90.15% of RAM is being used (7105 MBs). The performance of Studio Pro and bots during execution may be unstable. Close applications that are not being used, increase the memory, or optimize the workflow.

[2023-09-12T14:37:23.996Z] : [warn]: There is a small amount of free memory (RAM) left, 90.13% of RAM is being used (7103 MBs). The performance of Studio Pro and bots during execution may be unstable. Close applications that are not being used, increase the memory, or optimize the workflow.

[2023-09-12T14:42:23.997Z] : [warn]: There is a small amount of free memory (RAM) left, 91.78% of RAM is being used (7233 MBs). The performance of Studio Pro and bots during execution may be unstable. Close applications that are not being used, increase the memory, or optimize the workflow.

[2023-09-12T15:01:23.997Z] : [warn]: There is a small amount of free memory (RAM) left, 91.96% of RAM is being used (7247 MBs). The performance of Studio Pro and bots during execution may be unstable. Close applications that are not being used, increase the memory, or optimize the workflow.

[2023-09-12T15:22:23.998Z] : [warn]: There is a small amount of free memory (RAM) left, 90.03% of RAM is being used (7095 MBs). The performance of Studio Pro and bots during execution may be unstable. Close applications that are not being used, increase the memory, or optimize the workflow.

[2023-09-12T15:28:54.023Z] : [warn]: There is a small amount of free memory (RAM) left, 94.4% of RAM is being used (7440 MBs). The performance of Studio Pro and bots during execution may be unstable. Close applications that are not being used, increase the memory, or optimize the workflow.

[2023-09-12T15:38:54.017Z] : [warn]: There is a small amount of free memory (RAM) left, 91.97% of RAM is being used (7248 MBs). The performance of Studio Pro and bots during execution may be unstable. Close applications that are not being used, increase the memory, or optimize the workflow.

[2023-09-12T15:42:06.421Z] : [success]: Robot saved successfully

[2023-09-12T15:42:54.022Z] : [warn]: There is a small amount of free memory (RAM) left, 94.1% of RAM is being used (7416 MBs). The performance of Studio Pro and bots during execution may be unstable. Close applications that are not being used, increase the memory, or optimize the workflow.

[2023-09-12T15:47:24.048Z] : [warn]: There is a small amount of free memory (RAM) left, 92.96% of RAM is being used (7326 MBs). The performance of Studio Pro and bots during execution may be unstable. Close applications that are not being used, increase the memory, or optimize the workflow.

[2023-09-12T15:51:23.996Z] : [warn]: There is a small amount of free memory (RAM) left, 90.89% of RAM is being used (7163 MBs). The performance of Studio Pro and bots during execution may be unstable. Close applications that are not being used, increase the memory, or optimize the workflow.

[2023-09-12T15:54:24.032Z] : [warn]: There is a small amount of free memory (RAM) left, 90.28% of RAM is being used (7115 MBs). The performance of Studio Pro and bots during execution may be unstable. Close applications that are not being used, increase the memory, or optimize the workflow.

[2023-09-12T15:57:24.053Z] : [warn]: There is a small amount of free memory (RAM) left, 93.93% of RAM is being used (7403 MBs). The performance of Studio Pro and bots during execution may be unstable. Close applications that are not being used, increase the memory, or optimize the workflow.

[2023-09-12T16:03:24.003Z] : [warn]: There is a small amount of free memory (RAM) left, 91.65% of RAM is being used (7223 MBs). The performance of Studio Pro and bots during execution may be unstable. Close applications that are not being used, increase the memory, or optimize the workflow.

[2023-09-12T16:21:54.030Z] : [warn]: There is a small amount of free memory (RAM) left, 90.85% of RAM is being used (7160 MBs). The performance of Studio Pro and bots during execution may be unstable. Close applications that are not being used, increase the memory, or optimize the workflow.

[2023-09-12T16:24:54.064Z] : [warn]: There is a small amount of free memory (RAM) left, 90.74% of RAM is being used (7151 MBs). The performance of Studio Pro and bots during execution may be unstable. Close applications that are not being used, increase the memory, or optimize the workflow.

[2023-09-12T16:27:54.091Z] : [warn]: There is a small amount of free memory (RAM) left, 93.36% of RAM is being used (7358 MBs). The performance of Studio Pro and bots during execution may be unstable. Close applications that are not being used, increase the memory, or optimize the workflow.

[2023-09-12T16:30:54.103Z] : [warn]: There is a small amount of free memory (RAM) left, 93.01% of RAM is being used (7330 MBs). The performance of Studio Pro and bots during execution may be unstable. Close applications that are not being used, increase the memory, or optimize the workflow.

[2023-09-12T16:33:54.145Z] : [warn]: There is a small amount of free memory (RAM) left, 90.76% of RAM is being used (7153 MBs). The performance of Studio Pro and bots during execution may be unstable. Close applications that are not being used, increase the memory, or optimize the workflow.

[2023-09-12T17:11:54.023Z] : [warn]: There is a small amount of free memory (RAM) left, 90.17% of RAM is being used (7106 MBs). The performance of Studio Pro and bots during execution may be unstable. Close applications that are not being used, increase the memory, or optimize the workflow.

[2023-09-12T17:12:53.998Z] : [warn]: There is a small amount of free memory (RAM) left, 90.19% of RAM is being used (7108 MBs). The performance of Studio Pro and bots during execution may be unstable. Close applications that are not being used, increase the memory, or optimize the workflow.

[2023-09-12T17:15:54.027Z] : [warn]: There is a small amount of free memory (RAM) left, 91.6% of RAM is being used (7219 MBs). The performance of Studio Pro and bots during execution may be unstable. Close applications that are not being used, increase the memory, or optimize the workflow.

[2023-09-12T17:18:54.031Z] : [warn]: There is a small amount of free memory (RAM) left, 91.12% of RAM is being used (7181 MBs). The performance of Studio Pro and bots during execution may be unstable. Close applications that are not being used, increase the memory, or optimize the workflow.

[2023-09-12T17:21:54.061Z] : [warn]: There is a small amount of free memory (RAM) left, 91.31% of RAM is being used (7196 MBs). The performance of Studio Pro and bots during execution may be unstable. Close applications that are not being used, increase the memory, or optimize the workflow.

[2023-09-12T17:24:54.101Z] : [warn]: There is a small amount of free memory (RAM) left, 91.22% of RAM is being used (7189 MBs). The performance of Studio Pro and bots during execution may be unstable. Close applications that are not being used, increase the memory, or optimize the workflow.

[2023-09-12T17:27:54.119Z] : [warn]: There is a small amount of free memory (RAM) left, 91.51% of RAM is being used (7212 MBs). The performance of Studio Pro and bots during execution may be unstable. Close applications that are not being used, increase the memory, or optimize the workflow.

[2023-09-12T17:30:54.149Z] : [warn]: There is a small amount of free memory (RAM) left, 91.31% of RAM is being used (7196 MBs). The performance of Studio Pro and bots during execution may be unstable. Close applications that are not being used, increase the memory, or optimize the workflow.

[2023-09-12T17:33:54.182Z] : [warn]: There is a small amount of free memory (RAM) left, 91.66% of RAM is being used (7224 MBs). The performance of Studio Pro and bots during execution may be unstable. Close applications that are not being used, increase the memory, or optimize the workflow.

[2023-09-12T17:36:54.212Z] : [warn]: There is a small amount of free memory (RAM) left, 91.54% of RAM is being used (7214 MBs). The performance of Studio Pro and bots during execution may be unstable. Close applications that are not being used, increase the memory, or optimize the workflow.

[2023-09-12T17:39:54.242Z] : [warn]: There is a small amount of free memory (RAM) left, 91.71% of RAM is being used (7228 MBs). The performance of Studio Pro and bots during execution may be unstable. Close applications that are not being used, increase the memory, or optimize the workflow.

[2023-09-12T17:42:54.274Z] : [warn]: There is a small amount of free memory (RAM) left, 92.02% of RAM is being used (7252 MBs). The performance of Studio Pro and bots during execution may be unstable. Close applications that are not being used, increase the memory, or optimize the workflow.

[2023-09-12T17:45:54.309Z] : [warn]: There is a small amount of free memory (RAM) left, 94.58% of RAM is being used (7454 MBs). The performance of Studio Pro and bots during execution may be unstable. Close applications that are not being used, increase the memory, or optimize the workflow.

[2023-09-12T17:48:54.350Z] : [warn]: There is a small amount of free memory (RAM) left, 92.09% of RAM is being used (7258 MBs). The performance of Studio Pro and bots during execution may be unstable. Close applications that are not being used, increase the memory, or optimize the workflow.

[2023-09-12T17:51:54.353Z] : [warn]: There is a small amount of free memory (RAM) left, 91.93% of RAM is being used (7245 MBs). The performance of Studio Pro and bots during execution may be unstable. Close applications that are not being used, increase the memory, or optimize the workflow.

[2023-09-12T17:54:54.385Z] : [warn]: There is a small amount of free memory (RAM) left, 91.93% of RAM is being used (7245 MBs). The performance of Studio Pro and bots during execution may be unstable. Close applications that are not being used, increase the memory, or optimize the workflow.

[2023-09-12T18:03:24.004Z] : [warn]: There is a small amount of free memory (RAM) left, 90.12% of RAM is being used (7102 MBs). The performance of Studio Pro and bots during execution may be unstable. Close applications that are not being used, increase the memory, or optimize the workflow.

[2023-09-12T21:29:39.668Z] : [warn]: There is a small amount of free memory (RAM) left, 91.13% of RAM is being used (7182 MBs). The performance of Studio Pro and bots during execution may be unstable. Close applications that are not being used, increase the memory, or optimize the workflow.

[2023-09-12T21:29:44.419Z] : [info]: Internet connection // error

[2023-09-12T21:29:51.266Z] : [success]: Connection to our licenses server is restored

[2023-09-12T21:30:31.854Z] : [info]: Internet connection // error

[2023-09-12T21:30:50.718Z] : [success]: Connection to our licenses server is restored

[2023-09-12T21:32:53.984Z] : [warn]: There is a small amount of free memory (RAM) left, 90.53% of RAM is being used (7135 MBs). The performance of Studio Pro and bots during execution may be unstable. Close applications that are not being used, increase the memory, or optimize the workflow.

[2023-09-12T22:29:53.986Z] : [warn]: There is a small amount of free memory (RAM) left, 90.13% of RAM is being used (7103 MBs). The performance of Studio Pro and bots during execution may be unstable. Close applications that are not being used, increase the memory, or optimize the workflow.

[2023-09-12T22:33:23.973Z] : [warn]: There is a small amount of free memory (RAM) left, 90.09% of RAM is being used (7100 MBs). The performance of Studio Pro and bots during execution may be unstable. Close applications that are not being used, increase the memory, or optimize the workflow.

[2023-09-12T22:34:53.975Z] : [warn]: There is a small amount of free memory (RAM) left, 90.03% of RAM is being used (7095 MBs). The performance of Studio Pro and bots during execution may be unstable. Close applications that are not being used, increase the memory, or optimize the workflow.

[2023-09-12T22:37:53.990Z] : [warn]: There is a small amount of free memory (RAM) left, 90.65% of RAM is being used (7144 MBs). The performance of Studio Pro and bots during execution may be unstable. Close applications that are not being used, increase the memory, or optimize the workflow.

[2023-09-12T22:40:54.004Z] : [warn]: There is a small amount of free memory (RAM) left, 90.38% of RAM is being used (7123 MBs). The performance of Studio Pro and bots during execution may be unstable. Close applications that are not being used, increase the memory, or optimize the workflow.

[2023-09-12T22:41:53.987Z] : [warn]: There is a small amount of free memory (RAM) left, 90.18% of RAM is being used (7107 MBs). The performance of Studio Pro and bots during execution may be unstable. Close applications that are not being used, increase the memory, or optimize the workflow.

[2023-09-12T22:43:53.983Z] : [warn]: There is a small amount of free memory (RAM) left, 91.05% of RAM is being used (7176 MBs). The performance of Studio Pro and bots during execution may be unstable. Close applications that are not being used, increase the memory, or optimize the workflow.

[2023-09-12T22:46:53.998Z] : [warn]: There is a small amount of free memory (RAM) left, 90.52% of RAM is being used (7134 MBs). The performance of Studio Pro and bots during execution may be unstable. Close applications that are not being used, increase the memory, or optimize the workflow.

[2023-09-12T22:49:54.000Z] : [warn]: There is a small amount of free memory (RAM) left, 91.08% of RAM is being used (7178 MBs). The performance of Studio Pro and bots during execution may be unstable. Close applications that are not being used, increase the memory, or optimize the workflow.

[2023-09-12T22:52:54.014Z] : [warn]: There is a small amount of free memory (RAM) left, 91.14% of RAM is being used (7183 MBs). The performance of Studio Pro and bots during execution may be unstable. Close applications that are not being used, increase the memory, or optimize the workflow.

[2023-09-12T22:55:54.038Z] : [warn]: There is a small amount of free memory (RAM) left, 94.8% of RAM is being used (7471 MBs). The performance of Studio Pro and bots during execution may be unstable. Close applications that are not being used, increase the memory, or optimize the workflow.

[2023-09-12T22:58:54.064Z] : [warn]: There is a small amount of free memory (RAM) left, 92.04% of RAM is being used (7254 MBs). The performance of Studio Pro and bots during execution may be unstable. Close applications that are not being used, increase the memory, or optimize the workflow.

[2023-09-12T23:01:54.077Z] : [warn]: There is a small amount of free memory (RAM) left, 91.61% of RAM is being used (7220 MBs). The performance of Studio Pro and bots during execution may be unstable. Close applications that are not being used, increase the memory, or optimize the workflow.

[2023-09-12T23:04:54.095Z] : [warn]: There is a small amount of free memory (RAM) left, 91.65% of RAM is being used (7223 MBs). The performance of Studio Pro and bots during execution may be unstable. Close applications that are not being used, increase the memory, or optimize the workflow.

[2023-09-12T23:07:54.118Z] : [warn]: There is a small amount of free memory (RAM) left, 91.19% of RAM is being used (7187 MBs). The performance of Studio Pro and bots during execution may be unstable. Close applications that are not being used, increase the memory, or optimize the workflow.

[2023-09-12T23:10:39.535Z] : [info]: Internet connection // error

[2023-09-12T23:10:54.134Z] : [warn]: There is a small amount of free memory (RAM) left, 91.59% of RAM is being used (7218 MBs). The performance of Studio Pro and bots during execution may be unstable. Close applications that are not being used, increase the memory, or optimize the workflow.

[2023-09-12T23:12:34.581Z] : [success]: Connection to our licenses server is restored

[2023-09-12T23:13:54.149Z] : [warn]: There is a small amount of free memory (RAM) left, 91.07% of RAM is being used (7177 MBs). The performance of Studio Pro and bots during execution may be unstable. Close applications that are not being used, increase the memory, or optimize the workflow.

[2023-09-12T23:16:54.170Z] : [warn]: There is a small amount of free memory (RAM) left, 91.09% of RAM is being used (7179 MBs). The performance of Studio Pro and bots during execution may be unstable. Close applications that are not being used, increase the memory, or optimize the workflow.

[2023-09-12T23:19:54.198Z] : [warn]: There is a small amount of free memory (RAM) left, 91.19% of RAM is being used (7187 MBs). The performance of Studio Pro and bots during execution may be unstable. Close applications that are not being used, increase the memory, or optimize the workflow.

[2023-09-12T23:22:54.203Z] : [warn]: There is a small amount of free memory (RAM) left, 91.32% of RAM is being used (7197 MBs). The performance of Studio Pro and bots during execution may be unstable. Close applications that are not being used, increase the memory, or optimize the workflow.

[2023-09-12T23:25:54.218Z] : [warn]: There is a small amount of free memory (RAM) left, 91.21% of RAM is being used (7188 MBs). The performance of Studio Pro and bots during execution may be unstable. Close applications that are not being used, increase the memory, or optimize the workflow.

[2023-09-12T23:28:54.246Z] : [warn]: There is a small amount of free memory (RAM) left, 90.23% of RAM is being used (7111 MBs). The performance of Studio Pro and bots during execution may be unstable. Close applications that are not being used, increase the memory, or optimize the workflow.

[2023-09-12T23:31:54.270Z] : [warn]: There is a small amount of free memory (RAM) left, 91.93% of RAM is being used (7245 MBs). The performance of Studio Pro and bots during execution may be unstable. Close applications that are not being used, increase the memory, or optimize the workflow.

[2023-09-12T23:34:54.298Z] : [warn]: There is a small amount of free memory (RAM) left, 91.3% of RAM is being used (7195 MBs). The performance of Studio Pro and bots during execution may be unstable. Close applications that are not being used, increase the memory, or optimize the workflow.

[2023-09-12T23:37:54.327Z] : [warn]: There is a small amount of free memory (RAM) left, 91.75% of RAM is being used (7231 MBs). The performance of Studio Pro and bots during execution may be unstable. Close applications that are not being used, increase the memory, or optimize the workflow.

[2023-09-12T23:40:54.349Z] : [warn]: There is a small amount of free memory (RAM) left, 91.14% of RAM is being used (7183 MBs). The performance of Studio Pro and bots during execution may be unstable. Close applications that are not being used, increase the memory, or optimize the workflow.

[2023-09-12T23:43:54.372Z] : [warn]: There is a small amount of free memory (RAM) left, 90.94% of RAM is being used (7167 MBs). The performance of Studio Pro and bots during execution may be unstable. Close applications that are not being used, increase the memory, or optimize the workflow.

[2023-09-12T23:46:54.388Z] : [warn]: There is a small amount of free memory (RAM) left, 92.09% of RAM is being used (7258 MBs). The performance of Studio Pro and bots during execution may be unstable. Close applications that are not being used, increase the memory, or optimize the workflow.

[2023-09-12T23:49:54.405Z] : [warn]: There is a small amount of free memory (RAM) left, 92.51% of RAM is being used (7291 MBs). The performance of Studio Pro and bots during execution may be unstable. Close applications that are not being used, increase the memory, or optimize the workflow.

[2023-09-12T23:52:54.425Z] : [warn]: There is a small amount of free memory (RAM) left, 91.77% of RAM is being used (7232 MBs). The performance of Studio Pro and bots during execution may be unstable. Close applications that are not being used, increase the memory, or optimize the workflow.

[2023-09-12T23:55:54.430Z] : [warn]: There is a small amount of free memory (RAM) left, 91.68% of RAM is being used (7225 MBs). The performance of Studio Pro and bots during execution may be unstable. Close applications that are not being used, increase the memory, or optimize the workflow.

[2023-09-12T23:58:54.452Z] : [warn]: There is a small amount of free memory (RAM) left, 91.02% of RAM is being used (7173 MBs). The performance of Studio Pro and bots during execution may be unstable. Close applications that are not being used, increase the memory, or optimize the workflow.

[2023-09-13T00:01:54.477Z] : [warn]: There is a small amount of free memory (RAM) left, 91.59% of RAM is being used (7218 MBs). The performance of Studio Pro and bots during execution may be unstable. Close applications that are not being used, increase the memory, or optimize the workflow.

[2023-09-13T00:04:54.503Z] : [warn]: There is a small amount of free memory (RAM) left, 91.33% of RAM is being used (7198 MBs). The performance of Studio Pro and bots during execution may be unstable. Close applications that are not being used, increase the memory, or optimize the workflow.

[2023-09-13T00:19:53.974Z] : [warn]: There is a small amount of free memory (RAM) left, 92.64% of RAM is being used (7301 MBs). The performance of Studio Pro and bots during execution may be unstable. Close applications that are not being used, increase the memory, or optimize the workflow.

[2023-09-13T00:22:53.989Z] : [warn]: There is a small amount of free memory (RAM) left, 90.03% of RAM is being used (7095 MBs). The performance of Studio Pro and bots during execution may be unstable. Close applications that are not being used, increase the memory, or optimize the workflow.

[2023-09-13T00:25:54.008Z] : [warn]: There is a small amount of free memory (RAM) left, 95.48% of RAM is being used (7525 MBs). The performance of Studio Pro and bots during execution may be unstable. Close applications that are not being used, increase the memory, or optimize the workflow.

[2023-09-13T00:59:23.992Z] : [warn]: There is a small amount of free memory (RAM) left, 91.09% of RAM is being used (7179 MBs). The performance of Studio Pro and bots during execution may be unstable. Close applications that are not being used, increase the memory, or optimize the workflow.

[2023-09-13T01:02:24.040Z] : [warn]: There is a small amount of free memory (RAM) left, 92.53% of RAM is being used (7292 MBs). The performance of Studio Pro and bots during execution may be unstable. Close applications that are not being used, increase the memory, or optimize the workflow.

[2023-09-13T01:03:23.960Z] : [warn]: There is a small amount of free memory (RAM) left, 90.58% of RAM is being used (7139 MBs). The performance of Studio Pro and bots during execution may be unstable. Close applications that are not being used, increase the memory, or optimize the workflow.

[2023-09-13T02:30:53.990Z] : [warn]: There is a small amount of free memory (RAM) left, 91.09% of RAM is being used (7179 MBs). The performance of Studio Pro and bots during execution may be unstable. Close applications that are not being used, increase the memory, or optimize the workflow.

[2023-09-13T02:40:54.020Z] : [warn]: There is a small amount of free memory (RAM) left, 90.52% of RAM is being used (7134 MBs). The performance of Studio Pro and bots during execution may be unstable. Close applications that are not being used, increase the memory, or optimize the workflow.

[2023-09-13T03:25:23.983Z] : [warn]: There is a small amount of free memory (RAM) left, 90.41% of RAM is being used (7125 MBs). The performance of Studio Pro and bots during execution may be unstable. Close applications that are not being used, increase the memory, or optimize the workflow.

[2023-09-13T03:28:24.023Z] : [warn]: There is a small amount of free memory (RAM) left, 93.21% of RAM is being used (7346 MBs). The performance of Studio Pro and bots during execution may be unstable. Close applications that are not being used, increase the memory, or optimize the workflow.

[2023-09-13T03:31:24.050Z] : [warn]: There is a small amount of free memory (RAM) left, 95.39% of RAM is being used (7518 MBs). The performance of Studio Pro and bots during execution may be unstable. Close applications that are not being used, increase the memory, or optimize the workflow.

[2023-09-13T03:34:24.079Z] : [warn]: There is a small amount of free memory (RAM) left, 93.36% of RAM is being used (7358 MBs). The performance of Studio Pro and bots during execution may be unstable. Close applications that are not being used, increase the memory, or optimize the workflow.

[2023-09-13T03:35:23.961Z] : [warn]: There is a small amount of free memory (RAM) left, 91.55% of RAM is being used (7215 MBs). The performance of Studio Pro and bots during execution may be unstable. Close applications that are not being used, increase the memory, or optimize the workflow.

[2023-09-13T04:10:24.000Z] : [warn]: There is a small amount of free memory (RAM) left, 90.52% of RAM is being used (7134 MBs). The performance of Studio Pro and bots during execution may be unstable. Close applications that are not being used, increase the memory, or optimize the workflow.

[2023-09-13T04:11:54.000Z] : [warn]: There is a small amount of free memory (RAM) left, 91.55% of RAM is being used (7215 MBs). The performance of Studio Pro and bots during execution may be unstable. Close applications that are not being used, increase the memory, or optimize the workflow.

[2023-09-13T04:14:54.028Z] : [warn]: There is a small amount of free memory (RAM) left, 92.04% of RAM is being used (7254 MBs). The performance of Studio Pro and bots during execution may be unstable. Close applications that are not being used, increase the memory, or optimize the workflow.

[2023-09-13T05:32:54.062Z] : [warn]: There is a small amount of free memory (RAM) left, 90.62% of RAM is being used (7142 MBs). The performance of Studio Pro and bots during execution may be unstable. Close applications that are not being used, increase the memory, or optimize the workflow.

[2023-09-13T05:35:23.961Z] : [warn]: There is a small amount of free memory (RAM) left, 91.22% of RAM is being used (7189 MBs). The performance of Studio Pro and bots during execution may be unstable. Close applications that are not being used, increase the memory, or optimize the workflow.

[2023-09-13T13:09:25.390Z] : [warn]: There is a small amount of free memory (RAM) left, 92.17% of RAM is being used (7264 MBs). The performance of Studio Pro and bots during execution may be unstable. Close applications that are not being used, increase the memory, or optimize the workflow.

[2023-09-13T13:12:25.436Z] : [warn]: There is a small amount of free memory (RAM) left, 93.63% of RAM is being used (7379 MBs). The performance of Studio Pro and bots during execution may be unstable. Close applications that are not being used, increase the memory, or optimize the workflow.

[2023-09-13T13:15:25.442Z] : [warn]: There is a small amount of free memory (RAM) left, 92.93% of RAM is being used (7324 MBs). The performance of Studio Pro and bots during execution may be unstable. Close applications that are not being used, increase the memory, or optimize the workflow.

[2023-09-13T14:09:23.971Z] : [warn]: There is a small amount of free memory (RAM) left, 90.13% of RAM is being used (7103 MBs). The performance of Studio Pro and bots during execution may be unstable. Close applications that are not being used, increase the memory, or optimize the workflow.

[2023-09-13T14:10:19.070Z] : [success]: Robot saved successfully

[2023-09-13T14:10:22.986Z] : [success]: Bot started

[2023-09-13T14:10:22.987Z] : [info]: Robot start

[2023-09-13T14:10:59.192Z] : [success]: Bot finished successfully, total execution time: 36s 198ms

[2023-09-13T14:10:59.194Z] : [info]: ---------------------------------------------

[2023-09-13T14:14:06.838Z] : [success]: Robot saved successfully

[2023-09-13T14:14:12.947Z] : [success]: Bot started

[2023-09-13T14:14:12.949Z] : [info]: Robot start

[2023-09-13T14:14:24.035Z] : [success]: Bot finished successfully, total execution time: 11s 81ms

[2023-09-13T14:14:24.041Z] : [info]: ---------------------------------------------

[2023-09-13T14:14:48.198Z] : [success]: Robot saved successfully

[2023-09-13T14:14:54.043Z] : [warn]: There is a small amount of free memory (RAM) left, 90.45% of RAM is being used (7128 MBs). The performance of Studio Pro and bots during execution may be unstable. Close applications that are not being used, increase the memory, or optimize the workflow.

[2023-09-13T14:27:23.970Z] : [warn]: There is a small amount of free memory (RAM) left, 91.05% of RAM is being used (7176 MBs). The performance of Studio Pro and bots during execution may be unstable. Close applications that are not being used, increase the memory, or optimize the workflow.

[2023-09-13T14:30:23.987Z] : [warn]: There is a small amount of free memory (RAM) left, 94% of RAM is being used (7408 MBs). The performance of Studio Pro and bots during execution may be unstable. Close applications that are not being used, increase the memory, or optimize the workflow.

[2023-09-13T14:32:53.972Z] : [warn]: There is a small amount of free memory (RAM) left, 90.56% of RAM is being used (7137 MBs). The performance of Studio Pro and bots during execution may be unstable. Close applications that are not being used, increase the memory, or optimize the workflow.

[2023-09-13T14:34:53.967Z] : [warn]: There is a small amount of free memory (RAM) left, 92.6% of RAM is being used (7298 MBs). The performance of Studio Pro and bots during execution may be unstable. Close applications that are not being used, increase the memory, or optimize the workflow.

[2023-09-13T14:37:54.003Z] : [warn]: There is a small amount of free memory (RAM) left, 90.37% of RAM is being used (7122 MBs). The performance of Studio Pro and bots during execution may be unstable. Close applications that are not being used, increase the memory, or optimize the workflow.

[2023-09-13T14:39:23.956Z] : [warn]: There is a small amount of free memory (RAM) left, 91.73% of RAM is being used (7229 MBs). The performance of Studio Pro and bots during execution may be unstable. Close applications that are not being used, increase the memory, or optimize the workflow.

[2023-09-13T15:01:53.971Z] : [warn]: There is a small amount of free memory (RAM) left, 92.11% of RAM is being used (7259 MBs). The performance of Studio Pro and bots during execution may be unstable. Close applications that are not being used, increase the memory, or optimize the workflow.

[2023-09-13T15:04:54.020Z] : [warn]: There is a small amount of free memory (RAM) left, 92.16% of RAM is being used (7263 MBs). The performance of Studio Pro and bots during execution may be unstable. Close applications that are not being used, increase the memory, or optimize the workflow.

[2023-09-13T16:03:23.998Z] : [warn]: There is a small amount of free memory (RAM) left, 90.93% of RAM is being used (7166 MBs). The performance of Studio Pro and bots during execution may be unstable. Close applications that are not being used, increase the memory, or optimize the workflow.

[2023-09-13T16:06:53.971Z] : [warn]: There is a small amount of free memory (RAM) left, 90.42% of RAM is being used (7126 MBs). The performance of Studio Pro and bots during execution may be unstable. Close applications that are not being used, increase the memory, or optimize the workflow.

[2023-09-13T16:09:53.992Z] : [warn]: There is a small amount of free memory (RAM) left, 91.35% of RAM is being used (7199 MBs). The performance of Studio Pro and bots during execution may be unstable. Close applications that are not being used, increase the memory, or optimize the workflow.

[2023-09-13T20:11:24.005Z] : [warn]: There is a small amount of free memory (RAM) left, 93.2% of RAM is being used (7345 MBs). The performance of Studio Pro and bots during execution may be unstable. Close applications that are not being used, increase the memory, or optimize the workflow.

[2023-09-13T20:53:16.707Z] : [success]: Bot started

[2023-09-13T20:53:16.710Z] : [info]: Robot start

[2023-09-13T21:10:01.612Z] : [success]: Bot finished successfully, total execution time: 16m 44s 896ms

[2023-09-13T21:10:01.615Z] : [info]: ---------------------------------------------

[2023-09-13T21:10:53.989Z] : [warn]: There is a small amount of free memory (RAM) left, 91.84% of RAM is being used (7238 MBs). The performance of Studio Pro and bots during execution may be unstable. Close applications that are not being used, increase the memory, or optimize the workflow.

[2023-09-13T21:13:23.956Z] : [warn]: There is a small amount of free memory (RAM) left, 90.34% of RAM is being used (7120 MBs). The performance of Studio Pro and bots during execution may be unstable. Close applications that are not being used, increase the memory, or optimize the workflow.

[2023-09-13T21:21:23.968Z] : [warn]: There is a small amount of free memory (RAM) left, 91.11% of RAM is being used (7180 MBs). The performance of Studio Pro and bots during execution may be unstable. Close applications that are not being used, increase the memory, or optimize the workflow.

[2023-09-13T21:24:23.995Z] : [warn]: There is a small amount of free memory (RAM) left, 90.55% of RAM is being used (7136 MBs). The performance of Studio Pro and bots during execution may be unstable. Close applications that are not being used, increase the memory, or optimize the workflow.

[2023-09-13T21:35:23.978Z] : [warn]: There is a small amount of free memory (RAM) left, 90.09% of RAM is being used (7100 MBs). The performance of Studio Pro and bots during execution may be unstable. Close applications that are not being used, increase the memory, or optimize the workflow.

[2023-09-13T21:37:23.954Z] : [warn]: There is a small amount of free memory (RAM) left, 90.04% of RAM is being used (7096 MBs). The performance of Studio Pro and bots during execution may be unstable. Close applications that are not being used, increase the memory, or optimize the workflow.

[2023-09-13T21:38:53.970Z] : [warn]: There is a small amount of free memory (RAM) left, 90.57% of RAM is being used (7138 MBs). The performance of Studio Pro and bots during execution may be unstable. Close applications that are not being used, increase the memory, or optimize the workflow.

[2023-09-13T21:48:53.996Z] : [warn]: There is a small amount of free memory (RAM) left, 91.26% of RAM is being used (7192 MBs). The performance of Studio Pro and bots during execution may be unstable. Close applications that are not being used, increase the memory, or optimize the workflow.

[2023-09-13T21:51:56.028Z] : [warn]: There is a small amount of free memory (RAM) left, 91.27% of RAM is being used (7193 MBs). The performance of Studio Pro and bots during execution may be unstable. Close applications that are not being used, increase the memory, or optimize the workflow.

[2023-09-13T21:54:56.049Z] : [warn]: There is a small amount of free memory (RAM) left, 90.15% of RAM is being used (7105 MBs). The performance of Studio Pro and bots during execution may be unstable. Close applications that are not being used, increase the memory, or optimize the workflow.

[2023-09-13T21:58:25.970Z] : [warn]: There is a small amount of free memory (RAM) left, 90.04% of RAM is being used (7096 MBs). The performance of Studio Pro and bots during execution may be unstable. Close applications that are not being used, increase the memory, or optimize the workflow.

[2023-09-13T22:04:25.969Z] : [warn]: There is a small amount of free memory (RAM) left, 91.64% of RAM is being used (7222 MBs). The performance of Studio Pro and bots during execution may be unstable. Close applications that are not being used, increase the memory, or optimize the workflow.

[2023-09-13T22:07:26.092Z] : [warn]: There is a small amount of free memory (RAM) left, 92.5% of RAM is being used (7290 MBs). The performance of Studio Pro and bots during execution may be unstable. Close applications that are not being used, increase the memory, or optimize the workflow.

[2023-09-13T22:09:56.287Z] : [warn]: There is a small amount of free memory (RAM) left, 90.67% of RAM is being used (7146 MBs). The performance of Studio Pro and bots during execution may be unstable. Close applications that are not being used, increase the memory, or optimize the workflow.

[2023-09-13T22:15:25.970Z] : [warn]: There is a small amount of free memory (RAM) left, 90.17% of RAM is being used (7106 MBs). The performance of Studio Pro and bots during execution may be unstable. Close applications that are not being used, increase the memory, or optimize the workflow.

