
  ==========================================
  Studio Pro version: 9.5.18
  Started at: 14/9/2023, 9:09:33
  ==========================================
  

[2023-09-14T17:24:30.164Z] : [warn]: There is a small amount of free memory (RAM) left, 91.42% of RAM is being used (7205 MBs). The performance of Studio Pro and bots during execution may be unstable. Close applications that are not being used, increase the memory, or optimize the workflow.

[2023-09-14T17:32:30.171Z] : [warn]: There is a small amount of free memory (RAM) left, 91.69% of RAM is being used (7226 MBs). The performance of Studio Pro and bots during execution may be unstable. Close applications that are not being used, increase the memory, or optimize the workflow.

[2023-09-14T17:35:30.204Z] : [warn]: There is a small amount of free memory (RAM) left, 92.44% of RAM is being used (7285 MBs). The performance of Studio Pro and bots during execution may be unstable. Close applications that are not being used, increase the memory, or optimize the workflow.

[2023-09-14T17:38:30.209Z] : [warn]: There is a small amount of free memory (RAM) left, 90.69% of RAM is being used (7147 MBs). The performance of Studio Pro and bots during execution may be unstable. Close applications that are not being used, increase the memory, or optimize the workflow.

[2023-09-14T17:41:30.215Z] : [warn]: There is a small amount of free memory (RAM) left, 90.51% of RAM is being used (7133 MBs). The performance of Studio Pro and bots during execution may be unstable. Close applications that are not being used, increase the memory, or optimize the workflow.

[2023-09-14T17:44:30.219Z] : [warn]: There is a small amount of free memory (RAM) left, 90.64% of RAM is being used (7143 MBs). The performance of Studio Pro and bots during execution may be unstable. Close applications that are not being used, increase the memory, or optimize the workflow.

[2023-09-14T17:47:30.143Z] : [warn]: There is a small amount of free memory (RAM) left, 90.47% of RAM is being used (7130 MBs). The performance of Studio Pro and bots during execution may be unstable. Close applications that are not being used, increase the memory, or optimize the workflow.

[2023-09-14T18:04:30.155Z] : [warn]: There is a small amount of free memory (RAM) left, 91.07% of RAM is being used (7177 MBs). The performance of Studio Pro and bots during execution may be unstable. Close applications that are not being used, increase the memory, or optimize the workflow.

[2023-09-14T18:22:20.603Z] : [success]: Robot saved successfully

[2023-09-14T18:22:21.072Z] : [success]: Bot started

[2023-09-14T18:22:21.074Z] : [info]: Robot start

[2023-09-14T18:22:26.502Z] : [error]: GoogleOcr: Bad image data.

[2023-09-14T18:22:27.115Z] : [info]: Total execution time: 5s 428ms

[2023-09-14T18:22:27.117Z] : [info]: ---------------------------------------------

[2023-09-14T18:22:30.172Z] : [warn]: There is a small amount of free memory (RAM) left, 91.33% of RAM is being used (7198 MBs). The performance of Studio Pro and bots during execution may be unstable. Close applications that are not being used, increase the memory, or optimize the workflow.

[2023-09-14T18:22:56.548Z] : [success]: Robot saved successfully

[2023-09-14T18:22:56.932Z] : [success]: Bot started

[2023-09-14T18:22:56.933Z] : [info]: Robot start

[2023-09-14T18:24:25.526Z] : [success]: Bot finished successfully, total execution time: 1m 28s 585ms

[2023-09-14T18:24:25.528Z] : [info]: ---------------------------------------------

[2023-09-14T18:25:30.194Z] : [warn]: There is a small amount of free memory (RAM) left, 91.03% of RAM is being used (7174 MBs). The performance of Studio Pro and bots during execution may be unstable. Close applications that are not being used, increase the memory, or optimize the workflow.

[2023-09-14T18:28:30.197Z] : [warn]: There is a small amount of free memory (RAM) left, 91.65% of RAM is being used (7223 MBs). The performance of Studio Pro and bots during execution may be unstable. Close applications that are not being used, increase the memory, or optimize the workflow.

[2023-09-14T18:31:30.203Z] : [warn]: There is a small amount of free memory (RAM) left, 90.95% of RAM is being used (7168 MBs). The performance of Studio Pro and bots during execution may be unstable. Close applications that are not being used, increase the memory, or optimize the workflow.

[2023-09-14T18:47:30.166Z] : [warn]: There is a small amount of free memory (RAM) left, 91.96% of RAM is being used (7247 MBs). The performance of Studio Pro and bots during execution may be unstable. Close applications that are not being used, increase the memory, or optimize the workflow.

[2023-09-14T18:50:30.184Z] : [warn]: There is a small amount of free memory (RAM) left, 90.28% of RAM is being used (7115 MBs). The performance of Studio Pro and bots during execution may be unstable. Close applications that are not being used, increase the memory, or optimize the workflow.

[2023-09-14T18:59:00.179Z] : [warn]: There is a small amount of free memory (RAM) left, 90.64% of RAM is being used (7143 MBs). The performance of Studio Pro and bots during execution may be unstable. Close applications that are not being used, increase the memory, or optimize the workflow.

[2023-09-14T19:02:00.202Z] : [warn]: There is a small amount of free memory (RAM) left, 90.84% of RAM is being used (7159 MBs). The performance of Studio Pro and bots during execution may be unstable. Close applications that are not being used, increase the memory, or optimize the workflow.

[2023-09-14T19:05:30.142Z] : [warn]: There is a small amount of free memory (RAM) left, 91.26% of RAM is being used (7192 MBs). The performance of Studio Pro and bots during execution may be unstable. Close applications that are not being used, increase the memory, or optimize the workflow.

[2023-09-14T19:09:00.172Z] : [warn]: There is a small amount of free memory (RAM) left, 91.47% of RAM is being used (7209 MBs). The performance of Studio Pro and bots during execution may be unstable. Close applications that are not being used, increase the memory, or optimize the workflow.

[2023-09-14T19:19:30.159Z] : [warn]: There is a small amount of free memory (RAM) left, 90.28% of RAM is being used (7115 MBs). The performance of Studio Pro and bots during execution may be unstable. Close applications that are not being used, increase the memory, or optimize the workflow.

[2023-09-14T19:22:30.182Z] : [warn]: There is a small amount of free memory (RAM) left, 90.66% of RAM is being used (7145 MBs). The performance of Studio Pro and bots during execution may be unstable. Close applications that are not being used, increase the memory, or optimize the workflow.

[2023-09-14T19:25:30.189Z] : [warn]: There is a small amount of free memory (RAM) left, 91.56% of RAM is being used (7216 MBs). The performance of Studio Pro and bots during execution may be unstable. Close applications that are not being used, increase the memory, or optimize the workflow.

[2023-09-14T19:28:30.195Z] : [warn]: There is a small amount of free memory (RAM) left, 90.89% of RAM is being used (7163 MBs). The performance of Studio Pro and bots during execution may be unstable. Close applications that are not being used, increase the memory, or optimize the workflow.

[2023-09-14T19:31:30.198Z] : [warn]: There is a small amount of free memory (RAM) left, 90.88% of RAM is being used (7162 MBs). The performance of Studio Pro and bots during execution may be unstable. Close applications that are not being used, increase the memory, or optimize the workflow.

[2023-09-14T19:34:30.200Z] : [warn]: There is a small amount of free memory (RAM) left, 92.21% of RAM is being used (7267 MBs). The performance of Studio Pro and bots during execution may be unstable. Close applications that are not being used, increase the memory, or optimize the workflow.

[2023-09-14T19:37:30.205Z] : [warn]: There is a small amount of free memory (RAM) left, 91.84% of RAM is being used (7238 MBs). The performance of Studio Pro and bots during execution may be unstable. Close applications that are not being used, increase the memory, or optimize the workflow.

[2023-09-14T19:40:30.210Z] : [warn]: There is a small amount of free memory (RAM) left, 91.46% of RAM is being used (7208 MBs). The performance of Studio Pro and bots during execution may be unstable. Close applications that are not being used, increase the memory, or optimize the workflow.

[2023-09-14T19:43:30.221Z] : [warn]: There is a small amount of free memory (RAM) left, 91.49% of RAM is being used (7210 MBs). The performance of Studio Pro and bots during execution may be unstable. Close applications that are not being used, increase the memory, or optimize the workflow.

[2023-09-14T19:46:30.227Z] : [warn]: There is a small amount of free memory (RAM) left, 91.49% of RAM is being used (7210 MBs). The performance of Studio Pro and bots during execution may be unstable. Close applications that are not being used, increase the memory, or optimize the workflow.

[2023-09-14T19:49:30.233Z] : [warn]: There is a small amount of free memory (RAM) left, 91.56% of RAM is being used (7216 MBs). The performance of Studio Pro and bots during execution may be unstable. Close applications that are not being used, increase the memory, or optimize the workflow.

[2023-09-14T19:52:30.241Z] : [warn]: There is a small amount of free memory (RAM) left, 91.51% of RAM is being used (7212 MBs). The performance of Studio Pro and bots during execution may be unstable. Close applications that are not being used, increase the memory, or optimize the workflow.

[2023-09-14T19:55:30.247Z] : [warn]: There is a small amount of free memory (RAM) left, 91.59% of RAM is being used (7218 MBs). The performance of Studio Pro and bots during execution may be unstable. Close applications that are not being used, increase the memory, or optimize the workflow.

[2023-09-14T20:01:30.160Z] : [warn]: There is a small amount of free memory (RAM) left, 90.03% of RAM is being used (7095 MBs). The performance of Studio Pro and bots during execution may be unstable. Close applications that are not being used, increase the memory, or optimize the workflow.

[2023-09-14T22:30:00.207Z] : [warn]: There is a small amount of free memory (RAM) left, 92.56% of RAM is being used (7295 MBs). The performance of Studio Pro and bots during execution may be unstable. Close applications that are not being used, increase the memory, or optimize the workflow.

[2023-09-14T22:33:00.169Z] : [warn]: There is a small amount of free memory (RAM) left, 91.45% of RAM is being used (7207 MBs). The performance of Studio Pro and bots during execution may be unstable. Close applications that are not being used, increase the memory, or optimize the workflow.

[2023-09-15T02:38:00.210Z] : [warn]: There is a small amount of free memory (RAM) left, 90.8% of RAM is being used (7156 MBs). The performance of Studio Pro and bots during execution may be unstable. Close applications that are not being used, increase the memory, or optimize the workflow.

[2023-09-15T05:50:48.739Z] : [warn]: There is a small amount of free memory (RAM) left, 90.58% of RAM is being used (7139 MBs). The performance of Studio Pro and bots during execution may be unstable. Close applications that are not being used, increase the memory, or optimize the workflow.

[2023-09-15T05:53:48.813Z] : [warn]: There is a small amount of free memory (RAM) left, 94.54% of RAM is being used (7451 MBs). The performance of Studio Pro and bots during execution may be unstable. Close applications that are not being used, increase the memory, or optimize the workflow.

