
  ==========================================
  Studio Pro version: 9.5.18
  Started at: 29/8/2023, 23:09:46
  ==========================================
  

[2023-08-30T04:11:53.014Z] : [success]: Robot saved successfully

[2023-08-30T04:14:21.816Z] : [success]: Robot saved successfully

[2023-08-30T13:18:01.711Z] : [success]: Robot saved successfully

[2023-08-30T13:18:09.551Z] : [error]: Activity parameters required: User notification

[2023-08-30T13:18:09.892Z] : [info]: ---------------------------------------------

[2023-08-30T13:18:15.107Z] : [success]: Robot saved successfully

[2023-08-30T13:18:19.784Z] : [success]: Bot started

[2023-08-30T13:18:19.785Z] : [info]: Robot start

[2023-08-30T13:18:36.469Z] : [error]: This format is not supported by Google Vision AI. Available formats for recognition JPEG, GIF, PNG and BMP

[2023-08-30T13:18:36.817Z] : [info]: Total execution time: 16s 684ms

[2023-08-30T13:18:36.819Z] : [info]: ---------------------------------------------

[2023-08-30T13:18:50.486Z] : [success]: Robot saved successfully

[2023-08-30T13:18:58.067Z] : [success]: Bot started

[2023-08-30T13:18:58.070Z] : [info]: Robot start

[2023-08-30T13:19:00.659Z] : [error]: GoogleOcr: API key not valid. Please pass a valid API key.

[2023-08-30T13:19:01.011Z] : [info]: Total execution time: 2s 588ms

[2023-08-30T13:19:01.013Z] : [info]: ---------------------------------------------

[2023-08-30T13:19:13.508Z] : [success]: Bot started

[2023-08-30T13:19:13.511Z] : [info]: Robot start

[2023-08-30T13:19:16.042Z] : [error]: GoogleOcr: API key not valid. Please pass a valid API key.

[2023-08-30T13:19:16.442Z] : [info]: Total execution time: 2s 531ms

[2023-08-30T13:19:16.444Z] : [info]: ---------------------------------------------

[2023-08-30T13:28:01.230Z] : [warn]: There is a small amount of free memory (RAM) left, 94.18% of RAM is being used (7422 MBs). The performance of Studio Pro and bots during execution may be unstable. Close applications that are not being used, increase the memory, or optimize the workflow.

[2023-08-30T13:30:31.245Z] : [warn]: There is a small amount of free memory (RAM) left, 90.45% of RAM is being used (7128 MBs). The performance of Studio Pro and bots during execution may be unstable. Close applications that are not being used, increase the memory, or optimize the workflow.

[2023-08-30T13:33:31.266Z] : [warn]: There is a small amount of free memory (RAM) left, 91.38% of RAM is being used (7202 MBs). The performance of Studio Pro and bots during execution may be unstable. Close applications that are not being used, increase the memory, or optimize the workflow.

[2023-08-30T13:34:03.232Z] : [success]: Robot saved successfully

[2023-08-30T13:34:13.154Z] : [success]: Bot started

[2023-08-30T13:34:13.156Z] : [info]: Robot start

[2023-08-30T13:34:31.185Z] : [success]: Bot finished successfully, total execution time: 18s 25ms

[2023-08-30T13:34:31.188Z] : [info]: ---------------------------------------------

[2023-08-30T13:34:47.614Z] : [success]: Robot saved successfully

[2023-08-30T13:34:47.726Z] : [success]: Bot started

[2023-08-30T13:34:47.728Z] : [info]: Robot start

[2023-08-30T13:34:51.945Z] : [error]: GoogleOcr: API key not valid. Please pass a valid API key.

[2023-08-30T13:34:52.340Z] : [info]: Total execution time: 4s 216ms

[2023-08-30T13:34:52.341Z] : [info]: ---------------------------------------------

[2023-08-30T13:36:31.291Z] : [warn]: There is a small amount of free memory (RAM) left, 90.86% of RAM is being used (7161 MBs). The performance of Studio Pro and bots during execution may be unstable. Close applications that are not being used, increase the memory, or optimize the workflow.

[2023-08-30T16:33:42.254Z] : [error]: Uncaught (in promise): n: {"headers":{"normalizedNames":{},"lazyUpdate":null,"headers":{}},"status":0,"statusText":"Unknown Error","url":"http://localhost:5000/api/vault/openaccountwindow","ok":false,"name":"HttpErrorResponse","message":"Http failure response for http://localhost:5000/api/vault/openaccountwindow: 0 Unknown Error","error":{"isTrusted":true}}

[2023-08-30T16:33:44.601Z] : [error]: Uncaught (in promise): n: {"headers":{"normalizedNames":{},"lazyUpdate":null,"headers":{}},"status":0,"statusText":"Unknown Error","url":"http://localhost:5000/api/vault/openaccountwindow","ok":false,"name":"HttpErrorResponse","message":"Http failure response for http://localhost:5000/api/vault/openaccountwindow: 0 Unknown Error","error":{"isTrusted":true}}

[2023-08-30T16:33:48.269Z] : [success]: Robot saved successfully

[2023-08-30T16:33:56.709Z] : [error]: Uncaught (in promise): n: {"headers":{"normalizedNames":{},"lazyUpdate":null,"headers":{}},"status":0,"statusText":"Unknown Error","url":"http://localhost:5000/api/vault/openaccountwindow","ok":false,"name":"HttpErrorResponse","message":"Http failure response for http://localhost:5000/api/vault/openaccountwindow: 0 Unknown Error","error":{"isTrusted":true}}

[2023-08-30T16:34:00.928Z] : [error]: Uncaught (in promise): n: {"headers":{"normalizedNames":{},"lazyUpdate":null,"headers":{}},"status":0,"statusText":"Unknown Error","url":"http://localhost:5000/api/vault/openaccountwindow","ok":false,"name":"HttpErrorResponse","message":"Http failure response for http://localhost:5000/api/vault/openaccountwindow: 0 Unknown Error","error":{"isTrusted":true}}

[2023-08-30T16:34:01.044Z] : [error]: Uncaught (in promise): n: {"headers":{"normalizedNames":{},"lazyUpdate":null,"headers":{}},"status":0,"statusText":"Unknown Error","url":"http://localhost:5000/api/vault/openaccountwindow","ok":false,"name":"HttpErrorResponse","message":"Http failure response for http://localhost:5000/api/vault/openaccountwindow: 0 Unknown Error","error":{"isTrusted":true}}

[2023-08-30T16:34:01.799Z] : [error]: Uncaught (in promise): n: {"headers":{"normalizedNames":{},"lazyUpdate":null,"headers":{}},"status":0,"statusText":"Unknown Error","url":"http://localhost:5000/api/vault/openaccountwindow","ok":false,"name":"HttpErrorResponse","message":"Http failure response for http://localhost:5000/api/vault/openaccountwindow: 0 Unknown Error","error":{"isTrusted":true}}

[2023-08-30T16:34:01.992Z] : [error]: Uncaught (in promise): n: {"headers":{"normalizedNames":{},"lazyUpdate":null,"headers":{}},"status":0,"statusText":"Unknown Error","url":"http://localhost:5000/api/vault/openaccountwindow","ok":false,"name":"HttpErrorResponse","message":"Http failure response for http://localhost:5000/api/vault/openaccountwindow: 0 Unknown Error","error":{"isTrusted":true}}

[2023-08-30T16:34:02.150Z] : [error]: Uncaught (in promise): n: {"headers":{"normalizedNames":{},"lazyUpdate":null,"headers":{}},"status":0,"statusText":"Unknown Error","url":"http://localhost:5000/api/vault/openaccountwindow","ok":false,"name":"HttpErrorResponse","message":"Http failure response for http://localhost:5000/api/vault/openaccountwindow: 0 Unknown Error","error":{"isTrusted":true}}

[2023-08-30T16:34:02.335Z] : [error]: Uncaught (in promise): n: {"headers":{"normalizedNames":{},"lazyUpdate":null,"headers":{}},"status":0,"statusText":"Unknown Error","url":"http://localhost:5000/api/vault/openaccountwindow","ok":false,"name":"HttpErrorResponse","message":"Http failure response for http://localhost:5000/api/vault/openaccountwindow: 0 Unknown Error","error":{"isTrusted":true}}

[2023-08-30T16:34:05.011Z] : [error]: Uncaught (in promise): n: {"headers":{"normalizedNames":{},"lazyUpdate":null,"headers":{}},"status":0,"statusText":"Unknown Error","url":"http://localhost:5000/api/vault/openaccountwindow","ok":false,"name":"HttpErrorResponse","message":"Http failure response for http://localhost:5000/api/vault/openaccountwindow: 0 Unknown Error","error":{"isTrusted":true}}

[2023-08-30T16:34:23.521Z] : [error]: Uncaught (in promise): n: {"headers":{"normalizedNames":{},"lazyUpdate":null,"headers":{}},"status":0,"statusText":"Unknown Error","url":"http://localhost:5000/api/vault/openaccountwindow","ok":false,"name":"HttpErrorResponse","message":"Http failure response for http://localhost:5000/api/vault/openaccountwindow: 0 Unknown Error","error":{"isTrusted":true}}

[2023-08-30T16:34:33.145Z] : [error]: Uncaught (in promise): n: {"headers":{"normalizedNames":{},"lazyUpdate":null,"headers":{}},"status":0,"statusText":"Unknown Error","url":"http://localhost:5000/api/vault/openaccountwindow","ok":false,"name":"HttpErrorResponse","message":"Http failure response for http://localhost:5000/api/vault/openaccountwindow: 0 Unknown Error","error":{"isTrusted":true}}

[2023-08-30T16:35:10.222Z] : [error]: Uncaught (in promise): n: {"headers":{"normalizedNames":{},"lazyUpdate":null,"headers":{}},"status":0,"statusText":"Unknown Error","url":"http://localhost:5000/api/vault/openaccountwindow","ok":false,"name":"HttpErrorResponse","message":"Http failure response for http://localhost:5000/api/vault/openaccountwindow: 0 Unknown Error","error":{"isTrusted":true}}

[2023-08-30T16:35:13.251Z] : [error]: Cannot read properties of null (reading 'type')

[2023-08-30T16:35:13.254Z] : [error]: Cannot read properties of null (reading 'type')

[2023-08-30T16:35:13.259Z] : [error]: Cannot read properties of null (reading 'type')

[2023-08-30T16:35:13.261Z] : [error]: Cannot read properties of null (reading 'type')

[2023-08-30T16:35:13.264Z] : [error]: Cannot read properties of null (reading 'type')

