
  ==========================================
  Studio Pro version: 9.5.18
  Started at: 19/9/2023, 18:18:29
  ==========================================
  

[2023-09-19T23:20:21.557Z] : [warn]: There is a small amount of free memory (RAM) left, 90.33% of RAM is being used (7119 MBs). The performance of Studio Pro and bots during execution may be unstable. Close applications that are not being used, increase the memory, or optimize the workflow.

[2023-09-20T00:13:21.590Z] : [warn]: There is a small amount of free memory (RAM) left, 93.08% of RAM is being used (7336 MBs). The performance of Studio Pro and bots during execution may be unstable. Close applications that are not being used, increase the memory, or optimize the workflow.

[2023-09-20T00:15:51.512Z] : [warn]: There is a small amount of free memory (RAM) left, 90.26% of RAM is being used (7113 MBs). The performance of Studio Pro and bots during execution may be unstable. Close applications that are not being used, increase the memory, or optimize the workflow.

[2023-09-20T00:18:51.518Z] : [warn]: There is a small amount of free memory (RAM) left, 90.41% of RAM is being used (7125 MBs). The performance of Studio Pro and bots during execution may be unstable. Close applications that are not being used, increase the memory, or optimize the workflow.

[2023-09-20T03:01:58.947Z] : [success]: Robot saved successfully

[2023-09-20T03:03:21.555Z] : [warn]: There is a small amount of free memory (RAM) left, 90.41% of RAM is being used (7125 MBs). The performance of Studio Pro and bots during execution may be unstable. Close applications that are not being used, increase the memory, or optimize the workflow.

[2023-09-20T03:07:21.577Z] : [warn]: There is a small amount of free memory (RAM) left, 90.94% of RAM is being used (7167 MBs). The performance of Studio Pro and bots during execution may be unstable. Close applications that are not being used, increase the memory, or optimize the workflow.

[2023-09-20T14:20:51.550Z] : [warn]: There is a small amount of free memory (RAM) left, 94.85% of RAM is being used (7475 MBs). The performance of Studio Pro and bots during execution may be unstable. Close applications that are not being used, increase the memory, or optimize the workflow.

[2023-09-20T14:23:51.608Z] : [warn]: There is a small amount of free memory (RAM) left, 93.29% of RAM is being used (7352 MBs). The performance of Studio Pro and bots during execution may be unstable. Close applications that are not being used, increase the memory, or optimize the workflow.

[2023-09-20T14:26:15.883Z] : [info]: Internet connection // error

[2023-09-20T14:26:21.624Z] : [success]: Connection to our licenses server is restored

[2023-09-20T14:29:22.623Z] : [warn]: There is a small amount of free memory (RAM) left, 93.78% of RAM is being used (7391 MBs). The performance of Studio Pro and bots during execution may be unstable. Close applications that are not being used, increase the memory, or optimize the workflow.

[2023-09-20T14:32:24.061Z] : [warn]: There is a small amount of free memory (RAM) left, 90.1% of RAM is being used (7101 MBs). The performance of Studio Pro and bots during execution may be unstable. Close applications that are not being used, increase the memory, or optimize the workflow.

[2023-09-20T14:53:21.568Z] : [warn]: There is a small amount of free memory (RAM) left, 92.18% of RAM is being used (7265 MBs). The performance of Studio Pro and bots during execution may be unstable. Close applications that are not being used, increase the memory, or optimize the workflow.

[2023-09-20T14:58:51.531Z] : [warn]: There is a small amount of free memory (RAM) left, 90.12% of RAM is being used (7102 MBs). The performance of Studio Pro and bots during execution may be unstable. Close applications that are not being used, increase the memory, or optimize the workflow.

[2023-09-20T14:59:51.502Z] : [warn]: There is a small amount of free memory (RAM) left, 91.5% of RAM is being used (7211 MBs). The performance of Studio Pro and bots during execution may be unstable. Close applications that are not being used, increase the memory, or optimize the workflow.

[2023-09-20T15:01:51.507Z] : [warn]: There is a small amount of free memory (RAM) left, 92.02% of RAM is being used (7252 MBs). The performance of Studio Pro and bots during execution may be unstable. Close applications that are not being used, increase the memory, or optimize the workflow.

[2023-09-20T15:11:51.533Z] : [warn]: There is a small amount of free memory (RAM) left, 92.35% of RAM is being used (7278 MBs). The performance of Studio Pro and bots during execution may be unstable. Close applications that are not being used, increase the memory, or optimize the workflow.

[2023-09-20T15:22:51.515Z] : [warn]: There is a small amount of free memory (RAM) left, 90.01% of RAM is being used (7094 MBs). The performance of Studio Pro and bots during execution may be unstable. Close applications that are not being used, increase the memory, or optimize the workflow.

[2023-09-20T16:00:21.535Z] : [warn]: There is a small amount of free memory (RAM) left, 91.16% of RAM is being used (7184 MBs). The performance of Studio Pro and bots during execution may be unstable. Close applications that are not being used, increase the memory, or optimize the workflow.

