
  ==========================================
  Studio Pro version: 9.5.18
  Started at: 18/9/2023, 8:23:34
  ==========================================
  

[2023-09-18T13:23:55.907Z] : [success]: Robot saved successfully

[2023-09-18T13:24:27.041Z] : [success]: Robot saved successfully

[2023-09-18T13:34:32.034Z] : [success]: Robot saved successfully

[2023-09-18T13:34:32.291Z] : [success]: Bot started

[2023-09-18T13:34:32.292Z] : [info]: Robot start

[2023-09-18T13:35:30.764Z] : [success]: Bot finished successfully, total execution time: 58s 469ms

[2023-09-18T13:35:30.768Z] : [info]: ---------------------------------------------

[2023-09-18T13:36:07.592Z] : [warn]: There is a small amount of free memory (RAM) left, 92.64% of RAM is being used (7301 MBs). The performance of Studio Pro and bots during execution may be unstable. Close applications that are not being used, increase the memory, or optimize the workflow.

[2023-09-18T13:39:03.692Z] : [success]: Bot started

[2023-09-18T13:39:03.695Z] : [info]: Robot start

[2023-09-18T13:39:07.735Z] : [warn]: There is a small amount of free memory (RAM) left, 94.29% of RAM is being used (7431 MBs). The performance of Studio Pro and bots during execution may be unstable. Close applications that are not being used, increase the memory, or optimize the workflow.

[2023-09-18T13:39:25.494Z] : [success]: Bot finished successfully, total execution time: 21s 795ms

[2023-09-18T13:39:25.497Z] : [info]: ---------------------------------------------

[2023-09-18T13:39:38.050Z] : [success]: Robot saved successfully

[2023-09-18T13:39:38.377Z] : [success]: Bot started

[2023-09-18T13:39:38.379Z] : [info]: Robot start

[2023-09-18T13:39:48.104Z] : [success]: Bot finished successfully, total execution time: 9s 717ms

[2023-09-18T13:39:48.107Z] : [info]: ---------------------------------------------

[2023-09-18T13:42:07.740Z] : [warn]: There is a small amount of free memory (RAM) left, 90.27% of RAM is being used (7114 MBs). The performance of Studio Pro and bots during execution may be unstable. Close applications that are not being used, increase the memory, or optimize the workflow.

[2023-09-18T13:54:37.533Z] : [warn]: There is a small amount of free memory (RAM) left, 92.41% of RAM is being used (7283 MBs). The performance of Studio Pro and bots during execution may be unstable. Close applications that are not being used, increase the memory, or optimize the workflow.

[2023-09-18T13:57:37.520Z] : [warn]: There is a small amount of free memory (RAM) left, 90.5% of RAM is being used (7132 MBs). The performance of Studio Pro and bots during execution may be unstable. Close applications that are not being used, increase the memory, or optimize the workflow.

[2023-09-18T14:12:07.565Z] : [warn]: There is a small amount of free memory (RAM) left, 90.34% of RAM is being used (7120 MBs). The performance of Studio Pro and bots during execution may be unstable. Close applications that are not being used, increase the memory, or optimize the workflow.

[2023-09-18T14:15:07.581Z] : [warn]: There is a small amount of free memory (RAM) left, 90.15% of RAM is being used (7105 MBs). The performance of Studio Pro and bots during execution may be unstable. Close applications that are not being used, increase the memory, or optimize the workflow.

[2023-09-18T14:27:07.590Z] : [warn]: There is a small amount of free memory (RAM) left, 93.36% of RAM is being used (7358 MBs). The performance of Studio Pro and bots during execution may be unstable. Close applications that are not being used, increase the memory, or optimize the workflow.

[2023-09-18T14:30:07.614Z] : [warn]: There is a small amount of free memory (RAM) left, 91.24% of RAM is being used (7191 MBs). The performance of Studio Pro and bots during execution may be unstable. Close applications that are not being used, increase the memory, or optimize the workflow.

[2023-09-18T14:39:37.534Z] : [warn]: There is a small amount of free memory (RAM) left, 90.39% of RAM is being used (7124 MBs). The performance of Studio Pro and bots during execution may be unstable. Close applications that are not being used, increase the memory, or optimize the workflow.

[2023-09-18T14:42:37.551Z] : [warn]: There is a small amount of free memory (RAM) left, 91.07% of RAM is being used (7177 MBs). The performance of Studio Pro and bots during execution may be unstable. Close applications that are not being used, increase the memory, or optimize the workflow.

[2023-09-18T14:45:37.556Z] : [warn]: There is a small amount of free memory (RAM) left, 91.37% of RAM is being used (7201 MBs). The performance of Studio Pro and bots during execution may be unstable. Close applications that are not being used, increase the memory, or optimize the workflow.

[2023-09-18T14:48:37.574Z] : [warn]: There is a small amount of free memory (RAM) left, 91.05% of RAM is being used (7176 MBs). The performance of Studio Pro and bots during execution may be unstable. Close applications that are not being used, increase the memory, or optimize the workflow.

[2023-09-18T14:51:37.521Z] : [warn]: There is a small amount of free memory (RAM) left, 92.32% of RAM is being used (7276 MBs). The performance of Studio Pro and bots during execution may be unstable. Close applications that are not being used, increase the memory, or optimize the workflow.

[2023-09-18T14:54:37.548Z] : [warn]: There is a small amount of free memory (RAM) left, 91.07% of RAM is being used (7177 MBs). The performance of Studio Pro and bots during execution may be unstable. Close applications that are not being used, increase the memory, or optimize the workflow.

[2023-09-18T15:04:37.552Z] : [warn]: There is a small amount of free memory (RAM) left, 91.66% of RAM is being used (7224 MBs). The performance of Studio Pro and bots during execution may be unstable. Close applications that are not being used, increase the memory, or optimize the workflow.

[2023-09-18T15:08:37.527Z] : [warn]: There is a small amount of free memory (RAM) left, 90.15% of RAM is being used (7105 MBs). The performance of Studio Pro and bots during execution may be unstable. Close applications that are not being used, increase the memory, or optimize the workflow.

[2023-09-18T15:47:07.634Z] : [warn]: There is a small amount of free memory (RAM) left, 93.53% of RAM is being used (7371 MBs). The performance of Studio Pro and bots during execution may be unstable. Close applications that are not being used, increase the memory, or optimize the workflow.

[2023-09-18T15:50:07.663Z] : [warn]: There is a small amount of free memory (RAM) left, 91.22% of RAM is being used (7189 MBs). The performance of Studio Pro and bots during execution may be unstable. Close applications that are not being used, increase the memory, or optimize the workflow.

[2023-09-18T17:04:18.581Z] : [success]: Robot saved successfully

[2023-09-18T21:00:37.861Z] : [warn]: There is a small amount of free memory (RAM) left, 92.2% of RAM is being used (7266 MBs). The performance of Studio Pro and bots during execution may be unstable. Close applications that are not being used, increase the memory, or optimize the workflow.

[2023-09-18T21:04:07.574Z] : [warn]: There is a small amount of free memory (RAM) left, 90.9% of RAM is being used (7164 MBs). The performance of Studio Pro and bots during execution may be unstable. Close applications that are not being used, increase the memory, or optimize the workflow.

[2023-09-18T21:05:25.887Z] : [success]: Bot started

[2023-09-18T21:05:25.889Z] : [info]: Robot start

[2023-09-18T21:05:37.958Z] : [success]: Bot finished successfully, total execution time: 12s 64ms

[2023-09-18T21:05:37.961Z] : [info]: ---------------------------------------------

[2023-09-18T21:05:59.545Z] : [success]: Bot started

[2023-09-18T21:05:59.548Z] : [info]: Robot start

[2023-09-18T21:06:22.868Z] : [success]: Bot finished successfully, total execution time: 23s 316ms

[2023-09-18T21:06:22.870Z] : [info]: ---------------------------------------------

[2023-09-18T21:06:41.799Z] : [success]: Bot started

[2023-09-18T21:06:41.803Z] : [info]: Robot start

[2023-09-18T21:06:57.037Z] : [success]: Bot finished successfully, total execution time: 15s 230ms

[2023-09-18T21:06:57.041Z] : [info]: ---------------------------------------------

[2023-09-18T21:07:07.597Z] : [warn]: There is a small amount of free memory (RAM) left, 90.13% of RAM is being used (7103 MBs). The performance of Studio Pro and bots during execution may be unstable. Close applications that are not being used, increase the memory, or optimize the workflow.

[2023-09-18T21:10:07.600Z] : [warn]: There is a small amount of free memory (RAM) left, 93% of RAM is being used (7329 MBs). The performance of Studio Pro and bots during execution may be unstable. Close applications that are not being used, increase the memory, or optimize the workflow.

[2023-09-18T21:11:31.940Z] : [success]: Bot started

[2023-09-18T21:11:31.941Z] : [info]: Robot start

[2023-09-18T21:11:37.793Z] : [error]: Traceback (most recent call last):
  File "C:\Users\CLARO\Documents\ElectroNeek\Icetex\Extrac.py", line 13, in <module>
    fecha = data[22]+data[23]+data[24]
            ~~~~~~~~^~~~~~~~~
TypeError: unsupported operand type(s) for +: 'dict' and 'dict'


[2023-09-18T21:11:38.645Z] : [info]: Total execution time: 5s 850ms

[2023-09-18T21:11:38.647Z] : [info]: ---------------------------------------------

[2023-09-18T21:13:07.603Z] : [warn]: There is a small amount of free memory (RAM) left, 90.98% of RAM is being used (7170 MBs). The performance of Studio Pro and bots during execution may be unstable. Close applications that are not being used, increase the memory, or optimize the workflow.

[2023-09-18T21:15:31.224Z] : [success]: Bot started

[2023-09-18T21:15:31.227Z] : [info]: Robot start

[2023-09-18T21:15:35.697Z] : [error]: Traceback (most recent call last):
  File "C:\Users\CLARO\Documents\ElectroNeek\Icetex\Extrac.py", line 30, in <module>
    print(f"Los textos extraÝdos se han guardado en '{ruta_resultado}'")
TypeError: 'str' object is not callable


[2023-09-18T21:15:36.517Z] : [info]: Total execution time: 4s 470ms

[2023-09-18T21:15:36.521Z] : [info]: ---------------------------------------------

[2023-09-18T21:16:07.607Z] : [warn]: There is a small amount of free memory (RAM) left, 92.59% of RAM is being used (7297 MBs). The performance of Studio Pro and bots during execution may be unstable. Close applications that are not being used, increase the memory, or optimize the workflow.

[2023-09-18T21:19:07.624Z] : [warn]: There is a small amount of free memory (RAM) left, 92.46% of RAM is being used (7287 MBs). The performance of Studio Pro and bots during execution may be unstable. Close applications that are not being used, increase the memory, or optimize the workflow.

[2023-09-18T21:22:07.636Z] : [warn]: There is a small amount of free memory (RAM) left, 91.92% of RAM is being used (7244 MBs). The performance of Studio Pro and bots during execution may be unstable. Close applications that are not being used, increase the memory, or optimize the workflow.

[2023-09-18T22:14:37.555Z] : [warn]: There is a small amount of free memory (RAM) left, 92.41% of RAM is being used (7283 MBs). The performance of Studio Pro and bots during execution may be unstable. Close applications that are not being used, increase the memory, or optimize the workflow.

[2023-09-18T22:17:37.560Z] : [warn]: There is a small amount of free memory (RAM) left, 90.8% of RAM is being used (7156 MBs). The performance of Studio Pro and bots during execution may be unstable. Close applications that are not being used, increase the memory, or optimize the workflow.

[2023-09-18T22:20:37.564Z] : [warn]: There is a small amount of free memory (RAM) left, 92.02% of RAM is being used (7252 MBs). The performance of Studio Pro and bots during execution may be unstable. Close applications that are not being used, increase the memory, or optimize the workflow.

[2023-09-18T22:23:37.568Z] : [warn]: There is a small amount of free memory (RAM) left, 91.88% of RAM is being used (7241 MBs). The performance of Studio Pro and bots during execution may be unstable. Close applications that are not being used, increase the memory, or optimize the workflow.

[2023-09-18T22:26:37.571Z] : [warn]: There is a small amount of free memory (RAM) left, 90.99% of RAM is being used (7171 MBs). The performance of Studio Pro and bots during execution may be unstable. Close applications that are not being used, increase the memory, or optimize the workflow.

[2023-09-19T01:24:37.533Z] : [warn]: There is a small amount of free memory (RAM) left, 90.66% of RAM is being used (7145 MBs). The performance of Studio Pro and bots during execution may be unstable. Close applications that are not being used, increase the memory, or optimize the workflow.

[2023-09-19T01:41:37.543Z] : [warn]: There is a small amount of free memory (RAM) left, 91.93% of RAM is being used (7245 MBs). The performance of Studio Pro and bots during execution may be unstable. Close applications that are not being used, increase the memory, or optimize the workflow.

[2023-09-19T01:43:37.521Z] : [warn]: There is a small amount of free memory (RAM) left, 90.85% of RAM is being used (7160 MBs). The performance of Studio Pro and bots during execution may be unstable. Close applications that are not being used, increase the memory, or optimize the workflow.

[2023-09-19T13:09:02.061Z] : [warn]: There is a small amount of free memory (RAM) left, 91.61% of RAM is being used (7220 MBs). The performance of Studio Pro and bots during execution may be unstable. Close applications that are not being used, increase the memory, or optimize the workflow.

[2023-09-19T13:11:37.514Z] : [warn]: There is a small amount of free memory (RAM) left, 93.44% of RAM is being used (7364 MBs). The performance of Studio Pro and bots during execution may be unstable. Close applications that are not being used, increase the memory, or optimize the workflow.

[2023-09-19T13:14:37.693Z] : [warn]: There is a small amount of free memory (RAM) left, 91.89% of RAM is being used (7242 MBs). The performance of Studio Pro and bots during execution may be unstable. Close applications that are not being used, increase the memory, or optimize the workflow.

[2023-09-19T13:17:37.699Z] : [warn]: There is a small amount of free memory (RAM) left, 90.22% of RAM is being used (7110 MBs). The performance of Studio Pro and bots during execution may be unstable. Close applications that are not being used, increase the memory, or optimize the workflow.

[2023-09-19T13:21:37.517Z] : [warn]: There is a small amount of free memory (RAM) left, 90.27% of RAM is being used (7114 MBs). The performance of Studio Pro and bots during execution may be unstable. Close applications that are not being used, increase the memory, or optimize the workflow.

[2023-09-19T13:22:37.518Z] : [warn]: There is a small amount of free memory (RAM) left, 90.05% of RAM is being used (7097 MBs). The performance of Studio Pro and bots during execution may be unstable. Close applications that are not being used, increase the memory, or optimize the workflow.

[2023-09-19T13:25:37.536Z] : [warn]: There is a small amount of free memory (RAM) left, 91.98% of RAM is being used (7249 MBs). The performance of Studio Pro and bots during execution may be unstable. Close applications that are not being used, increase the memory, or optimize the workflow.

[2023-09-19T13:27:37.535Z] : [warn]: There is a small amount of free memory (RAM) left, 91.16% of RAM is being used (7184 MBs). The performance of Studio Pro and bots during execution may be unstable. Close applications that are not being used, increase the memory, or optimize the workflow.

[2023-09-19T13:30:37.550Z] : [warn]: There is a small amount of free memory (RAM) left, 92.45% of RAM is being used (7286 MBs). The performance of Studio Pro and bots during execution may be unstable. Close applications that are not being used, increase the memory, or optimize the workflow.

[2023-09-19T14:49:20.771Z] : [success]: Robot saved successfully

[2023-09-19T15:01:39.062Z] : [warn]: There is a small amount of free memory (RAM) left, 90.98% of RAM is being used (7170 MBs). The performance of Studio Pro and bots during execution may be unstable. Close applications that are not being used, increase the memory, or optimize the workflow.

[2023-09-19T15:06:39.061Z] : [warn]: There is a small amount of free memory (RAM) left, 90.85% of RAM is being used (7160 MBs). The performance of Studio Pro and bots during execution may be unstable. Close applications that are not being used, increase the memory, or optimize the workflow.

[2023-09-19T15:08:39.047Z] : [warn]: There is a small amount of free memory (RAM) left, 90.26% of RAM is being used (7113 MBs). The performance of Studio Pro and bots during execution may be unstable. Close applications that are not being used, increase the memory, or optimize the workflow.

[2023-09-19T15:31:09.124Z] : [warn]: There is a small amount of free memory (RAM) left, 92.6% of RAM is being used (7298 MBs). The performance of Studio Pro and bots during execution may be unstable. Close applications that are not being used, increase the memory, or optimize the workflow.

